{"C:\\Users\\zainf\\OneDrive\\Documents\\Final Year Project\\mystorymylife\\App.js": {"path":"C:\\Users\\zainf\\OneDrive\\Documents\\Final Year Project\\mystorymylife\\App.js","statementMap":{"0":{"start":{"line":11,"column":14},"end":{"line":11,"column":36}},"1":{"start":{"line":16,"column":28},"end":{"line":16,"column":42}},"2":{"start":{"line":20,"column":4},"end":{"line":36,"column":11}},"3":{"start":{"line":21,"column":25},"end":{"line":21,"column":47}},"4":{"start":{"line":22,"column":8},"end":{"line":35,"column":11}},"5":{"start":{"line":23,"column":12},"end":{"line":34,"column":13}},"6":{"start":{"line":24,"column":16},"end":{"line":33,"column":23}},"7":{"start":{"line":28,"column":41},"end":{"line":28,"column":56}},"8":{"start":{"line":29,"column":24},"end":{"line":29,"column":42}},"9":{"start":{"line":32,"column":24},"end":{"line":32,"column":45}},"10":{"start":{"line":38,"column":4},"end":{"line":38,"column":27}},"11":{"start":{"line":42,"column":19},"end":{"line":52,"column":5}},"12":{"start":{"line":43,"column":8},"end":{"line":51,"column":11}},"13":{"start":{"line":44,"column":12},"end":{"line":44,"column":26}},"14":{"start":{"line":45,"column":12},"end":{"line":45,"column":46}},"15":{"start":{"line":46,"column":12},"end":{"line":48,"column":14}},"16":{"start":{"line":57,"column":4},"end":{"line":76,"column":6}},"17":{"start":{"line":63,"column":34},"end":{"line":63,"column":94}}},"fnMap":{"0":{"name":"App","decl":{"start":{"line":13,"column":24},"end":{"line":13,"column":27}},"loc":{"start":{"line":13,"column":30},"end":{"line":77,"column":1}},"line":13},"1":{"name":"(anonymous_1)","decl":{"start":{"line":20,"column":14},"end":{"line":20,"column":15}},"loc":{"start":{"line":20,"column":20},"end":{"line":36,"column":5}},"line":20},"2":{"name":"(anonymous_2)","decl":{"start":{"line":22,"column":32},"end":{"line":22,"column":33}},"loc":{"start":{"line":22,"column":40},"end":{"line":35,"column":9}},"line":22},"3":{"name":"(anonymous_3)","decl":{"start":{"line":27,"column":26},"end":{"line":27,"column":27}},"loc":{"start":{"line":27,"column":40},"end":{"line":30,"column":21}},"line":27},"4":{"name":"(anonymous_4)","decl":{"start":{"line":31,"column":27},"end":{"line":31,"column":28}},"loc":{"start":{"line":31,"column":38},"end":{"line":33,"column":21}},"line":31},"5":{"name":"(anonymous_5)","decl":{"start":{"line":42,"column":19},"end":{"line":42,"column":20}},"loc":{"start":{"line":42,"column":25},"end":{"line":52,"column":5}},"line":42},"6":{"name":"(anonymous_6)","decl":{"start":{"line":43,"column":28},"end":{"line":43,"column":29}},"loc":{"start":{"line":43,"column":34},"end":{"line":49,"column":9}},"line":43},"7":{"name":"(anonymous_7)","decl":{"start":{"line":49,"column":17},"end":{"line":49,"column":18}},"loc":{"start":{"line":49,"column":23},"end":{"line":51,"column":9}},"line":49},"8":{"name":"(anonymous_8)","decl":{"start":{"line":63,"column":25},"end":{"line":63,"column":26}},"loc":{"start":{"line":63,"column":34},"end":{"line":63,"column":94}},"line":63}},"branchMap":{"0":{"loc":{"start":{"line":23,"column":12},"end":{"line":34,"column":13}},"type":"if","locations":[{"start":{"line":23,"column":12},"end":{"line":34,"column":13}},{"start":{},"end":{}}],"line":23},"1":{"loc":{"start":{"line":60,"column":17},"end":{"line":73,"column":17}},"type":"cond-expr","locations":[{"start":{"line":61,"column":8},"end":{"line":66,"column":15}},{"start":{"line":68,"column":20},"end":{"line":72,"column":23}}],"line":60}},"s":{"0":0,"1":0,"2":0,"3":0,"4":0,"5":0,"6":0,"7":0,"8":0,"9":0,"10":0,"11":0,"12":0,"13":0,"14":0,"15":0,"16":0,"17":0},"f":{"0":0,"1":0,"2":0,"3":0,"4":0,"5":0,"6":0,"7":0,"8":0},"b":{"0":[0,0],"1":[0,0]}}
,"C:\\Users\\zainf\\OneDrive\\Documents\\Final Year Project\\mystorymylife\\TabNavigator.js": {"path":"C:\\Users\\zainf\\OneDrive\\Documents\\Final Year Project\\mystorymylife\\TabNavigator.js","statementMap":{"0":{"start":{"line":15,"column":12},"end":{"line":15,"column":38}},"1":{"start":{"line":20,"column":21},"end":{"line":20,"column":36}},"2":{"start":{"line":23,"column":19},"end":{"line":23,"column":31}},"3":{"start":{"line":25,"column":4},"end":{"line":116,"column":6}},"4":{"start":{"line":44,"column":24},"end":{"line":44,"column":114}},"5":{"start":{"line":48,"column":28},"end":{"line":48,"column":116}},"6":{"start":{"line":52,"column":26},"end":{"line":52,"column":82}},"7":{"start":{"line":61,"column":24},"end":{"line":61,"column":118}},"8":{"start":{"line":65,"column":24},"end":{"line":65,"column":125}},"9":{"start":{"line":68,"column":26},"end":{"line":68,"column":70}},"10":{"start":{"line":78,"column":24},"end":{"line":80,"column":31}},"11":{"start":{"line":82,"column":26},"end":{"line":82,"column":74}},"12":{"start":{"line":93,"column":24},"end":{"line":93,"column":118}},"13":{"start":{"line":96,"column":24},"end":{"line":96,"column":129}},"14":{"start":{"line":98,"column":26},"end":{"line":98,"column":74}},"15":{"start":{"line":107,"column":24},"end":{"line":107,"column":118}},"16":{"start":{"line":110,"column":24},"end":{"line":110,"column":114}},"17":{"start":{"line":112,"column":26},"end":{"line":112,"column":70}},"18":{"start":{"line":119,"column":15},"end":{"line":133,"column":2}}},"fnMap":{"0":{"name":"BottomTabNavigator","decl":{"start":{"line":17,"column":24},"end":{"line":17,"column":42}},"loc":{"start":{"line":17,"column":50},"end":{"line":117,"column":1}},"line":17},"1":{"name":"(anonymous_1)","decl":{"start":{"line":42,"column":33},"end":{"line":42,"column":34}},"loc":{"start":{"line":42,"column":50},"end":{"line":45,"column":23}},"line":42},"2":{"name":"(anonymous_2)","decl":{"start":{"line":46,"column":32},"end":{"line":46,"column":33}},"loc":{"start":{"line":48,"column":28},"end":{"line":48,"column":116}},"line":48},"3":{"name":"(anonymous_3)","decl":{"start":{"line":52,"column":17},"end":{"line":52,"column":18}},"loc":{"start":{"line":52,"column":26},"end":{"line":52,"column":82}},"line":52},"4":{"name":"(anonymous_4)","decl":{"start":{"line":59,"column":33},"end":{"line":59,"column":34}},"loc":{"start":{"line":59,"column":50},"end":{"line":62,"column":23}},"line":59},"5":{"name":"(anonymous_5)","decl":{"start":{"line":64,"column":32},"end":{"line":64,"column":33}},"loc":{"start":{"line":65,"column":24},"end":{"line":65,"column":125}},"line":65},"6":{"name":"(anonymous_6)","decl":{"start":{"line":68,"column":17},"end":{"line":68,"column":18}},"loc":{"start":{"line":68,"column":26},"end":{"line":68,"column":70}},"line":68},"7":{"name":"(anonymous_7)","decl":{"start":{"line":77,"column":32},"end":{"line":77,"column":33}},"loc":{"start":{"line":78,"column":24},"end":{"line":80,"column":31}},"line":78},"8":{"name":"(anonymous_8)","decl":{"start":{"line":82,"column":17},"end":{"line":82,"column":18}},"loc":{"start":{"line":82,"column":26},"end":{"line":82,"column":74}},"line":82},"9":{"name":"(anonymous_9)","decl":{"start":{"line":91,"column":33},"end":{"line":91,"column":34}},"loc":{"start":{"line":91,"column":50},"end":{"line":94,"column":23}},"line":91},"10":{"name":"(anonymous_10)","decl":{"start":{"line":95,"column":32},"end":{"line":95,"column":33}},"loc":{"start":{"line":96,"column":24},"end":{"line":96,"column":129}},"line":96},"11":{"name":"(anonymous_11)","decl":{"start":{"line":98,"column":17},"end":{"line":98,"column":18}},"loc":{"start":{"line":98,"column":26},"end":{"line":98,"column":74}},"line":98},"12":{"name":"(anonymous_12)","decl":{"start":{"line":105,"column":33},"end":{"line":105,"column":34}},"loc":{"start":{"line":105,"column":50},"end":{"line":108,"column":23}},"line":105},"13":{"name":"(anonymous_13)","decl":{"start":{"line":109,"column":32},"end":{"line":109,"column":33}},"loc":{"start":{"line":110,"column":24},"end":{"line":110,"column":114}},"line":110},"14":{"name":"(anonymous_14)","decl":{"start":{"line":112,"column":17},"end":{"line":112,"column":18}},"loc":{"start":{"line":112,"column":26},"end":{"line":112,"column":70}},"line":112}},"branchMap":{"0":{"loc":{"start":{"line":44,"column":39},"end":{"line":44,"column":114}},"type":"cond-expr","locations":[{"start":{"line":44,"column":49},"end":{"line":44,"column":107}},{"start":{"line":44,"column":110},"end":{"line":44,"column":114}}],"line":44},"1":{"loc":{"start":{"line":48,"column":71},"end":{"line":48,"column":102}},"type":"cond-expr","locations":[{"start":{"line":48,"column":81},"end":{"line":48,"column":90}},{"start":{"line":48,"column":93},"end":{"line":48,"column":102}}],"line":48},"2":{"loc":{"start":{"line":61,"column":39},"end":{"line":61,"column":118}},"type":"cond-expr","locations":[{"start":{"line":61,"column":49},"end":{"line":61,"column":111}},{"start":{"line":61,"column":114},"end":{"line":61,"column":118}}],"line":61},"3":{"loc":{"start":{"line":65,"column":79},"end":{"line":65,"column":110}},"type":"cond-expr","locations":[{"start":{"line":65,"column":89},"end":{"line":65,"column":98}},{"start":{"line":65,"column":101},"end":{"line":65,"column":110}}],"line":65},"4":{"loc":{"start":{"line":93,"column":39},"end":{"line":93,"column":118}},"type":"cond-expr","locations":[{"start":{"line":93,"column":49},"end":{"line":93,"column":111}},{"start":{"line":93,"column":114},"end":{"line":93,"column":118}}],"line":93},"5":{"loc":{"start":{"line":96,"column":83},"end":{"line":96,"column":114}},"type":"cond-expr","locations":[{"start":{"line":96,"column":93},"end":{"line":96,"column":102}},{"start":{"line":96,"column":105},"end":{"line":96,"column":114}}],"line":96},"6":{"loc":{"start":{"line":107,"column":39},"end":{"line":107,"column":118}},"type":"cond-expr","locations":[{"start":{"line":107,"column":49},"end":{"line":107,"column":111}},{"start":{"line":107,"column":114},"end":{"line":107,"column":118}}],"line":107},"7":{"loc":{"start":{"line":110,"column":68},"end":{"line":110,"column":99}},"type":"cond-expr","locations":[{"start":{"line":110,"column":78},"end":{"line":110,"column":87}},{"start":{"line":110,"column":90},"end":{"line":110,"column":99}}],"line":110},"8":{"loc":{"start":{"line":123,"column":16},"end":{"line":123,"column":46}},"type":"cond-expr","locations":[{"start":{"line":123,"column":39},"end":{"line":123,"column":41}},{"start":{"line":123,"column":44},"end":{"line":123,"column":46}}],"line":123}},"s":{"0":0,"1":0,"2":0,"3":0,"4":0,"5":0,"6":0,"7":0,"8":0,"9":0,"10":0,"11":0,"12":0,"13":0,"14":0,"15":0,"16":0,"17":0,"18":0},"f":{"0":0,"1":0,"2":0,"3":0,"4":0,"5":0,"6":0,"7":0,"8":0,"9":0,"10":0,"11":0,"12":0,"13":0,"14":0},"b":{"0":[0,0],"1":[0,0],"2":[0,0],"3":[0,0],"4":[0,0],"5":[0,0],"6":[0,0],"7":[0,0],"8":[0,0]}}
,"C:\\Users\\zainf\\OneDrive\\Documents\\Final Year Project\\mystorymylife\\jest.resolver.js": {"path":"C:\\Users\\zainf\\OneDrive\\Documents\\Final Year Project\\mystorymylife\\jest.resolver.js","statementMap":{"0":{"start":{"line":2,"column":0},"end":{"line":34,"column":4}},"1":{"start":{"line":4,"column":4},"end":{"line":33,"column":7}},"2":{"start":{"line":8,"column":33},"end":{"line":23,"column":10}},"3":{"start":{"line":25,"column":8},"end":{"line":29,"column":9}},"4":{"start":{"line":27,"column":10},"end":{"line":27,"column":32}},"5":{"start":{"line":28,"column":10},"end":{"line":28,"column":31}},"6":{"start":{"line":31,"column":8},"end":{"line":31,"column":19}}},"fnMap":{"0":{"name":"(anonymous_0)","decl":{"start":{"line":2,"column":17},"end":{"line":2,"column":18}},"loc":{"start":{"line":2,"column":36},"end":{"line":34,"column":3}},"line":2},"1":{"name":"(anonymous_1)","decl":{"start":{"line":7,"column":21},"end":{"line":7,"column":22}},"loc":{"start":{"line":7,"column":30},"end":{"line":32,"column":7}},"line":7}},"branchMap":{"0":{"loc":{"start":{"line":25,"column":8},"end":{"line":29,"column":9}},"type":"if","locations":[{"start":{"line":25,"column":8},"end":{"line":29,"column":9}},{"start":{},"end":{}}],"line":25}},"s":{"0":0,"1":0,"2":0,"3":0,"4":0,"5":0,"6":0},"f":{"0":0,"1":0},"b":{"0":[0,0]}}
,"C:\\Users\\zainf\\OneDrive\\Documents\\Final Year Project\\mystorymylife\\firebase\\firebase.js": {"path":"C:\\Users\\zainf\\OneDrive\\Documents\\Final Year Project\\mystorymylife\\firebase\\firebase.js","statementMap":{"0":{"start":{"line":11,"column":23},"end":{"line":18,"column":1}},"1":{"start":{"line":21,"column":20},"end":{"line":21,"column":58}},"2":{"start":{"line":24,"column":11},"end":{"line":24,"column":34}},"3":{"start":{"line":25,"column":13},"end":{"line":25,"column":28}},"4":{"start":{"line":26,"column":11},"end":{"line":26,"column":29}},"5":{"start":{"line":27,"column":18},"end":{"line":27,"column":65}},"6":{"start":{"line":28,"column":14},"end":{"line":28,"column":42}},"7":{"start":{"line":29,"column":21},"end":{"line":29,"column":61}},"8":{"start":{"line":30,"column":18},"end":{"line":30,"column":38}}},"fnMap":{},"branchMap":{},"s":{"0":0,"1":0,"2":0,"3":0,"4":0,"5":0,"6":0,"7":0,"8":0},"f":{},"b":{}}
,"C:\\Users\\zainf\\OneDrive\\Documents\\Final Year Project\\mystorymylife\\screens\\Contacts\\Contacts.js": {"path":"C:\\Users\\zainf\\OneDrive\\Documents\\Final Year Project\\mystorymylife\\screens\\Contacts\\Contacts.js","statementMap":{"0":{"start":{"line":9,"column":42},"end":{"line":9,"column":57}},"1":{"start":{"line":10,"column":40},"end":{"line":10,"column":52}},"2":{"start":{"line":11,"column":34},"end":{"line":11,"column":53}},"3":{"start":{"line":12,"column":28},"end":{"line":12,"column":47}},"4":{"start":{"line":13,"column":30},"end":{"line":13,"column":49}},"5":{"start":{"line":15,"column":42},"end":{"line":15,"column":57}},"6":{"start":{"line":17,"column":24},"end":{"line":17,"column":49}},"7":{"start":{"line":18,"column":19},"end":{"line":18,"column":37}},"8":{"start":{"line":19,"column":17},"end":{"line":19,"column":33}},"9":{"start":{"line":21,"column":22},"end":{"line":23,"column":3}},"10":{"start":{"line":22,"column":6},"end":{"line":22,"column":28}},"11":{"start":{"line":25,"column":4},"end":{"line":31,"column":11}},"12":{"start":{"line":27,"column":36},"end":{"line":27,"column":73}},"13":{"start":{"line":28,"column":12},"end":{"line":28,"column":44}},"14":{"start":{"line":30,"column":8},"end":{"line":30,"column":28}},"15":{"start":{"line":33,"column":21},"end":{"line":53,"column":5}},"16":{"start":{"line":35,"column":6},"end":{"line":44,"column":7}},"17":{"start":{"line":36,"column":8},"end":{"line":40,"column":11}},"18":{"start":{"line":43,"column":8},"end":{"line":43,"column":48}},"19":{"start":{"line":49,"column":6},"end":{"line":49,"column":28}},"20":{"start":{"line":50,"column":6},"end":{"line":50,"column":25}},"21":{"start":{"line":51,"column":6},"end":{"line":51,"column":24}},"22":{"start":{"line":58,"column":21},"end":{"line":63,"column":1}},"23":{"start":{"line":60,"column":21},"end":{"line":60,"column":172}},"24":{"start":{"line":62,"column":2},"end":{"line":62,"column":30}},"25":{"start":{"line":65,"column":24},"end":{"line":76,"column":5}},"26":{"start":{"line":66,"column":26},"end":{"line":66,"column":41}},"27":{"start":{"line":67,"column":6},"end":{"line":70,"column":6}},"28":{"start":{"line":68,"column":8},"end":{"line":68,"column":47}},"29":{"start":{"line":69,"column":8},"end":{"line":69,"column":15}},"30":{"start":{"line":72,"column":6},"end":{"line":72,"column":32}},"31":{"start":{"line":74,"column":6},"end":{"line":74,"column":35}},"32":{"start":{"line":75,"column":6},"end":{"line":75,"column":26}},"33":{"start":{"line":78,"column":27},"end":{"line":86,"column":5}},"34":{"start":{"line":79,"column":6},"end":{"line":81,"column":7}},"35":{"start":{"line":80,"column":8},"end":{"line":80,"column":48}},"36":{"start":{"line":83,"column":6},"end":{"line":85,"column":8}},"37":{"start":{"line":84,"column":8},"end":{"line":84,"column":52}},"38":{"start":{"line":87,"column":4},"end":{"line":121,"column":3}},"39":{"start":{"line":88,"column":4},"end":{"line":116,"column":6}},"40":{"start":{"line":109,"column":60},"end":{"line":109,"column":80}},"41":{"start":{"line":118,"column":4},"end":{"line":120,"column":6}},"42":{"start":{"line":125,"column":15},"end":{"line":214,"column":2}}},"fnMap":{"0":{"name":"Contacts","decl":{"start":{"line":8,"column":24},"end":{"line":8,"column":32}},"loc":{"start":{"line":8,"column":40},"end":{"line":123,"column":1}},"line":8},"1":{"name":"(anonymous_1)","decl":{"start":{"line":21,"column":22},"end":{"line":21,"column":23}},"loc":{"start":{"line":21,"column":28},"end":{"line":23,"column":3}},"line":21},"2":{"name":"(anonymous_2)","decl":{"start":{"line":25,"column":14},"end":{"line":25,"column":15}},"loc":{"start":{"line":25,"column":19},"end":{"line":31,"column":5}},"line":25},"3":{"name":"checkAvailability","decl":{"start":{"line":26,"column":23},"end":{"line":26,"column":40}},"loc":{"start":{"line":26,"column":42},"end":{"line":29,"column":9}},"line":26},"4":{"name":"(anonymous_4)","decl":{"start":{"line":33,"column":21},"end":{"line":33,"column":22}},"loc":{"start":{"line":33,"column":26},"end":{"line":53,"column":5}},"line":33},"5":{"name":"(anonymous_5)","decl":{"start":{"line":58,"column":21},"end":{"line":58,"column":22}},"loc":{"start":{"line":58,"column":30},"end":{"line":63,"column":1}},"line":58},"6":{"name":"(anonymous_6)","decl":{"start":{"line":65,"column":24},"end":{"line":65,"column":25}},"loc":{"start":{"line":65,"column":29},"end":{"line":76,"column":5}},"line":65},"7":{"name":"(anonymous_7)","decl":{"start":{"line":78,"column":27},"end":{"line":78,"column":28}},"loc":{"start":{"line":78,"column":32},"end":{"line":86,"column":5}},"line":78},"8":{"name":"(anonymous_8)","decl":{"start":{"line":83,"column":28},"end":{"line":83,"column":29}},"loc":{"start":{"line":83,"column":48},"end":{"line":85,"column":7}},"line":83},"9":{"name":"(anonymous_9)","decl":{"start":{"line":109,"column":54},"end":{"line":109,"column":55}},"loc":{"start":{"line":109,"column":60},"end":{"line":109,"column":80}},"line":109}},"branchMap":{"0":{"loc":{"start":{"line":35,"column":6},"end":{"line":44,"column":7}},"type":"if","locations":[{"start":{"line":35,"column":6},"end":{"line":44,"column":7}},{"start":{"line":42,"column":13},"end":{"line":44,"column":7}}],"line":35},"1":{"loc":{"start":{"line":67,"column":6},"end":{"line":70,"column":6}},"type":"if","locations":[{"start":{"line":67,"column":6},"end":{"line":70,"column":6}},{"start":{},"end":{}}],"line":67},"2":{"loc":{"start":{"line":79,"column":6},"end":{"line":81,"column":7}},"type":"if","locations":[{"start":{"line":79,"column":6},"end":{"line":81,"column":7}},{"start":{},"end":{}}],"line":79},"3":{"loc":{"start":{"line":87,"column":4},"end":{"line":121,"column":3}},"type":"if","locations":[{"start":{"line":87,"column":4},"end":{"line":121,"column":3}},{"start":{"line":117,"column":8},"end":{"line":121,"column":3}}],"line":87},"4":{"loc":{"start":{"line":106,"column":14},"end":{"line":106,"column":109}},"type":"cond-expr","locations":[{"start":{"line":106,"column":28},"end":{"line":106,"column":74}},{"start":{"line":106,"column":77},"end":{"line":106,"column":109}}],"line":106},"5":{"loc":{"start":{"line":128,"column":13},"end":{"line":128,"column":41}},"type":"cond-expr","locations":[{"start":{"line":128,"column":36},"end":{"line":128,"column":38}},{"start":{"line":128,"column":40},"end":{"line":128,"column":41}}],"line":128},"6":{"loc":{"start":{"line":131,"column":18},"end":{"line":131,"column":49}},"type":"cond-expr","locations":[{"start":{"line":131,"column":41},"end":{"line":131,"column":45}},{"start":{"line":131,"column":47},"end":{"line":131,"column":49}}],"line":131},"7":{"loc":{"start":{"line":174,"column":16},"end":{"line":174,"column":44}},"type":"cond-expr","locations":[{"start":{"line":174,"column":39},"end":{"line":174,"column":41}},{"start":{"line":174,"column":43},"end":{"line":174,"column":44}}],"line":174}},"s":{"0":0,"1":0,"2":0,"3":0,"4":0,"5":0,"6":0,"7":0,"8":0,"9":0,"10":0,"11":0,"12":0,"13":0,"14":0,"15":0,"16":0,"17":0,"18":0,"19":0,"20":0,"21":0,"22":0,"23":0,"24":0,"25":0,"26":0,"27":0,"28":0,"29":0,"30":0,"31":0,"32":0,"33":0,"34":0,"35":0,"36":0,"37":0,"38":0,"39":0,"40":0,"41":0,"42":0},"f":{"0":0,"1":0,"2":0,"3":0,"4":0,"5":0,"6":0,"7":0,"8":0,"9":0},"b":{"0":[0,0],"1":[0,0],"2":[0,0],"3":[0,0],"4":[0,0],"5":[0,0],"6":[0,0],"7":[0,0]}}
,"C:\\Users\\zainf\\OneDrive\\Documents\\Final Year Project\\mystorymylife\\screens\\Help\\Help.js": {"path":"C:\\Users\\zainf\\OneDrive\\Documents\\Final Year Project\\mystorymylife\\screens\\Help\\Help.js","statementMap":{"0":{"start":{"line":13,"column":27},"end":{"line":13,"column":42}},"1":{"start":{"line":15,"column":4},"end":{"line":64,"column":5}},"2":{"start":{"line":30,"column":65},"end":{"line":30,"column":182}},"3":{"start":{"line":34,"column":64},"end":{"line":34,"column":152}},"4":{"start":{"line":41,"column":65},"end":{"line":41,"column":112}},"5":{"start":{"line":45,"column":64},"end":{"line":45,"column":116}},"6":{"start":{"line":53,"column":65},"end":{"line":53,"column":106}},"7":{"start":{"line":57,"column":64},"end":{"line":57,"column":107}}},"fnMap":{"0":{"name":"Help","decl":{"start":{"line":11,"column":24},"end":{"line":11,"column":28}},"loc":{"start":{"line":11,"column":35},"end":{"line":66,"column":1}},"line":11},"1":{"name":"(anonymous_1)","decl":{"start":{"line":30,"column":59},"end":{"line":30,"column":60}},"loc":{"start":{"line":30,"column":65},"end":{"line":30,"column":182}},"line":30},"2":{"name":"(anonymous_2)","decl":{"start":{"line":34,"column":58},"end":{"line":34,"column":59}},"loc":{"start":{"line":34,"column":64},"end":{"line":34,"column":152}},"line":34},"3":{"name":"(anonymous_3)","decl":{"start":{"line":41,"column":59},"end":{"line":41,"column":60}},"loc":{"start":{"line":41,"column":65},"end":{"line":41,"column":112}},"line":41},"4":{"name":"(anonymous_4)","decl":{"start":{"line":45,"column":58},"end":{"line":45,"column":59}},"loc":{"start":{"line":45,"column":64},"end":{"line":45,"column":116}},"line":45},"5":{"name":"(anonymous_5)","decl":{"start":{"line":53,"column":59},"end":{"line":53,"column":60}},"loc":{"start":{"line":53,"column":65},"end":{"line":53,"column":106}},"line":53},"6":{"name":"(anonymous_6)","decl":{"start":{"line":57,"column":58},"end":{"line":57,"column":59}},"loc":{"start":{"line":57,"column":64},"end":{"line":57,"column":107}},"line":57}},"branchMap":{},"s":{"0":0,"1":0,"2":0,"3":0,"4":0,"5":0,"6":0,"7":0},"f":{"0":0,"1":0,"2":0,"3":0,"4":0,"5":0,"6":0},"b":{}}
,"C:\\Users\\zainf\\OneDrive\\Documents\\Final Year Project\\mystorymylife\\screens\\Help\\styles.js": {"path":"C:\\Users\\zainf\\OneDrive\\Documents\\Final Year Project\\mystorymylife\\screens\\Help\\styles.js","statementMap":{"0":{"start":{"line":4,"column":22},"end":{"line":268,"column":2}}},"fnMap":{},"branchMap":{"0":{"loc":{"start":{"line":16,"column":17},"end":{"line":16,"column":49}},"type":"cond-expr","locations":[{"start":{"line":16,"column":40},"end":{"line":16,"column":43}},{"start":{"line":16,"column":46},"end":{"line":16,"column":49}}],"line":16},"1":{"loc":{"start":{"line":20,"column":16},"end":{"line":20,"column":46}},"type":"cond-expr","locations":[{"start":{"line":20,"column":39},"end":{"line":20,"column":41}},{"start":{"line":20,"column":44},"end":{"line":20,"column":46}}],"line":20},"2":{"loc":{"start":{"line":23,"column":19},"end":{"line":23,"column":51}},"type":"cond-expr","locations":[{"start":{"line":23,"column":42},"end":{"line":23,"column":45}},{"start":{"line":23,"column":48},"end":{"line":23,"column":51}}],"line":23},"3":{"loc":{"start":{"line":27,"column":16},"end":{"line":27,"column":46}},"type":"cond-expr","locations":[{"start":{"line":27,"column":39},"end":{"line":27,"column":41}},{"start":{"line":27,"column":44},"end":{"line":27,"column":46}}],"line":27},"4":{"loc":{"start":{"line":29,"column":18},"end":{"line":29,"column":50}},"type":"cond-expr","locations":[{"start":{"line":29,"column":41},"end":{"line":29,"column":44}},{"start":{"line":29,"column":47},"end":{"line":29,"column":50}}],"line":29},"5":{"loc":{"start":{"line":35,"column":18},"end":{"line":35,"column":50}},"type":"cond-expr","locations":[{"start":{"line":35,"column":41},"end":{"line":35,"column":44}},{"start":{"line":35,"column":47},"end":{"line":35,"column":50}}],"line":35},"6":{"loc":{"start":{"line":38,"column":15},"end":{"line":38,"column":46}},"type":"cond-expr","locations":[{"start":{"line":38,"column":38},"end":{"line":38,"column":41}},{"start":{"line":38,"column":44},"end":{"line":38,"column":46}}],"line":38},"7":{"loc":{"start":{"line":40,"column":16},"end":{"line":40,"column":46}},"type":"cond-expr","locations":[{"start":{"line":40,"column":39},"end":{"line":40,"column":41}},{"start":{"line":40,"column":44},"end":{"line":40,"column":46}}],"line":40},"8":{"loc":{"start":{"line":41,"column":18},"end":{"line":41,"column":50}},"type":"cond-expr","locations":[{"start":{"line":41,"column":41},"end":{"line":41,"column":44}},{"start":{"line":41,"column":47},"end":{"line":41,"column":50}}],"line":41},"9":{"loc":{"start":{"line":100,"column":16},"end":{"line":100,"column":52}},"type":"cond-expr","locations":[{"start":{"line":100,"column":39},"end":{"line":100,"column":44}},{"start":{"line":100,"column":47},"end":{"line":100,"column":52}}],"line":100},"10":{"loc":{"start":{"line":146,"column":17},"end":{"line":146,"column":45}},"type":"cond-expr","locations":[{"start":{"line":146,"column":40},"end":{"line":146,"column":42}},{"start":{"line":146,"column":44},"end":{"line":146,"column":45}}],"line":146},"11":{"loc":{"start":{"line":149,"column":22},"end":{"line":149,"column":53}},"type":"cond-expr","locations":[{"start":{"line":149,"column":45},"end":{"line":149,"column":49}},{"start":{"line":149,"column":51},"end":{"line":149,"column":53}}],"line":149},"12":{"loc":{"start":{"line":201,"column":20},"end":{"line":201,"column":54}},"type":"cond-expr","locations":[{"start":{"line":201,"column":48},"end":{"line":201,"column":49}},{"start":{"line":201,"column":52},"end":{"line":201,"column":54}}],"line":201}},"s":{"0":0},"f":{},"b":{"0":[0,0],"1":[0,0],"2":[0,0],"3":[0,0],"4":[0,0],"5":[0,0],"6":[0,0],"7":[0,0],"8":[0,0],"9":[0,0],"10":[0,0],"11":[0,0],"12":[0,0]}}
,"C:\\Users\\zainf\\OneDrive\\Documents\\Final Year Project\\mystorymylife\\screens\\Home\\Home.js": {"path":"C:\\Users\\zainf\\OneDrive\\Documents\\Final Year Project\\mystorymylife\\screens\\Home\\Home.js","statementMap":{"0":{"start":{"line":13,"column":19},"end":{"line":13,"column":31}},"1":{"start":{"line":16,"column":21},"end":{"line":16,"column":41}},"2":{"start":{"line":17,"column":19},"end":{"line":17,"column":37}},"3":{"start":{"line":18,"column":17},"end":{"line":18,"column":33}},"4":{"start":{"line":22,"column":48},"end":{"line":22,"column":59}},"5":{"start":{"line":23,"column":42},"end":{"line":23,"column":58}},"6":{"start":{"line":24,"column":46},"end":{"line":24,"column":60}},"7":{"start":{"line":26,"column":36},"end":{"line":26,"column":51}},"8":{"start":{"line":27,"column":34},"end":{"line":27,"column":48}},"9":{"start":{"line":29,"column":28},"end":{"line":29,"column":40}},"10":{"start":{"line":30,"column":34},"end":{"line":30,"column":46}},"11":{"start":{"line":31,"column":32},"end":{"line":31,"column":44}},"12":{"start":{"line":32,"column":28},"end":{"line":32,"column":40}},"13":{"start":{"line":33,"column":32},"end":{"line":33,"column":44}},"14":{"start":{"line":34,"column":40},"end":{"line":34,"column":55}},"15":{"start":{"line":35,"column":40},"end":{"line":35,"column":55}},"16":{"start":{"line":36,"column":50},"end":{"line":36,"column":65}},"17":{"start":{"line":37,"column":38},"end":{"line":37,"column":53}},"18":{"start":{"line":38,"column":38},"end":{"line":38,"column":53}},"19":{"start":{"line":39,"column":38},"end":{"line":39,"column":53}},"20":{"start":{"line":40,"column":38},"end":{"line":40,"column":53}},"21":{"start":{"line":41,"column":38},"end":{"line":41,"column":53}},"22":{"start":{"line":42,"column":38},"end":{"line":42,"column":53}},"23":{"start":{"line":45,"column":27},"end":{"line":45,"column":38}},"24":{"start":{"line":46,"column":36},"end":{"line":46,"column":50}},"25":{"start":{"line":50,"column":18},"end":{"line":50,"column":42}},"26":{"start":{"line":51,"column":18},"end":{"line":51,"column":42}},"27":{"start":{"line":52,"column":18},"end":{"line":52,"column":42}},"28":{"start":{"line":53,"column":18},"end":{"line":53,"column":42}},"29":{"start":{"line":54,"column":18},"end":{"line":54,"column":42}},"30":{"start":{"line":55,"column":18},"end":{"line":55,"column":42}},"31":{"start":{"line":60,"column":25},"end":{"line":60,"column":51}},"32":{"start":{"line":61,"column":24},"end":{"line":61,"column":49}},"33":{"start":{"line":62,"column":27},"end":{"line":62,"column":55}},"34":{"start":{"line":63,"column":26},"end":{"line":63,"column":90}},"35":{"start":{"line":66,"column":17},"end":{"line":66,"column":27}},"36":{"start":{"line":67,"column":23},"end":{"line":67,"column":55}},"37":{"start":{"line":70,"column":20},"end":{"line":139,"column":5}},"38":{"start":{"line":72,"column":8},"end":{"line":137,"column":11}},"39":{"start":{"line":73,"column":12},"end":{"line":136,"column":13}},"40":{"start":{"line":74,"column":35},"end":{"line":74,"column":56}},"41":{"start":{"line":75,"column":31},"end":{"line":75,"column":56}},"42":{"start":{"line":76,"column":33},"end":{"line":76,"column":55}},"43":{"start":{"line":78,"column":16},"end":{"line":78,"column":34}},"44":{"start":{"line":81,"column":16},"end":{"line":119,"column":17}},"45":{"start":{"line":82,"column":20},"end":{"line":82,"column":38}},"46":{"start":{"line":83,"column":20},"end":{"line":83,"column":46}},"47":{"start":{"line":84,"column":20},"end":{"line":84,"column":38}},"48":{"start":{"line":86,"column":43},"end":{"line":86,"column":87}},"49":{"start":{"line":88,"column":46},"end":{"line":88,"column":124}},"50":{"start":{"line":90,"column":20},"end":{"line":118,"column":21}},"51":{"start":{"line":91,"column":24},"end":{"line":103,"column":31}},"52":{"start":{"line":100,"column":32},"end":{"line":100,"column":54}},"53":{"start":{"line":101,"column":32},"end":{"line":101,"column":62}},"54":{"start":{"line":102,"column":32},"end":{"line":102,"column":50}},"55":{"start":{"line":105,"column":24},"end":{"line":117,"column":31}},"56":{"start":{"line":114,"column":32},"end":{"line":114,"column":54}},"57":{"start":{"line":115,"column":32},"end":{"line":115,"column":53}},"58":{"start":{"line":116,"column":32},"end":{"line":116,"column":50}},"59":{"start":{"line":121,"column":29},"end":{"line":127,"column":17}},"60":{"start":{"line":128,"column":16},"end":{"line":133,"column":23}},"61":{"start":{"line":132,"column":24},"end":{"line":132,"column":45}},"62":{"start":{"line":134,"column":16},"end":{"line":134,"column":27}},"63":{"start":{"line":135,"column":16},"end":{"line":135,"column":34}},"64":{"start":{"line":143,"column":26},"end":{"line":165,"column":5}},"65":{"start":{"line":145,"column":8},"end":{"line":163,"column":9}},"66":{"start":{"line":146,"column":25},"end":{"line":150,"column":13}},"67":{"start":{"line":151,"column":12},"end":{"line":162,"column":19}},"68":{"start":{"line":154,"column":20},"end":{"line":154,"column":46}},"69":{"start":{"line":155,"column":20},"end":{"line":155,"column":39}},"70":{"start":{"line":161,"column":20},"end":{"line":161,"column":45}},"71":{"start":{"line":169,"column":24},"end":{"line":192,"column":5}},"72":{"start":{"line":171,"column":8},"end":{"line":190,"column":9}},"73":{"start":{"line":172,"column":25},"end":{"line":177,"column":13}},"74":{"start":{"line":178,"column":12},"end":{"line":189,"column":19}},"75":{"start":{"line":181,"column":20},"end":{"line":181,"column":46}},"76":{"start":{"line":182,"column":20},"end":{"line":182,"column":39}},"77":{"start":{"line":188,"column":20},"end":{"line":188,"column":45}},"78":{"start":{"line":196,"column":4},"end":{"line":213,"column":11}},"79":{"start":{"line":197,"column":8},"end":{"line":212,"column":14}},"80":{"start":{"line":201,"column":20},"end":{"line":207,"column":23}},"81":{"start":{"line":202,"column":41},"end":{"line":202,"column":51}},"82":{"start":{"line":203,"column":24},"end":{"line":203,"column":55}},"83":{"start":{"line":204,"column":24},"end":{"line":204,"column":51}},"84":{"start":{"line":210,"column":20},"end":{"line":210,"column":41}},"85":{"start":{"line":217,"column":4},"end":{"line":234,"column":11}},"86":{"start":{"line":218,"column":8},"end":{"line":233,"column":14}},"87":{"start":{"line":222,"column":20},"end":{"line":228,"column":23}},"88":{"start":{"line":223,"column":44},"end":{"line":223,"column":54}},"89":{"start":{"line":224,"column":24},"end":{"line":224,"column":54}},"90":{"start":{"line":225,"column":24},"end":{"line":225,"column":60}},"91":{"start":{"line":226,"column":24},"end":{"line":226,"column":58}},"92":{"start":{"line":231,"column":20},"end":{"line":231,"column":41}},"93":{"start":{"line":241,"column":26},"end":{"line":250,"column":5}},"94":{"start":{"line":243,"column":8},"end":{"line":249,"column":15}},"95":{"start":{"line":246,"column":16},"end":{"line":246,"column":46}},"96":{"start":{"line":248,"column":16},"end":{"line":248,"column":101}},"97":{"start":{"line":253,"column":20},"end":{"line":311,"column":5}},"98":{"start":{"line":255,"column":8},"end":{"line":310,"column":9}},"99":{"start":{"line":256,"column":10},"end":{"line":304,"column":13}},"100":{"start":{"line":257,"column":12},"end":{"line":263,"column":15}},"101":{"start":{"line":259,"column":16},"end":{"line":259,"column":41}},"102":{"start":{"line":262,"column":16},"end":{"line":262,"column":37}},"103":{"start":{"line":264,"column":19},"end":{"line":304,"column":13}},"104":{"start":{"line":265,"column":16},"end":{"line":271,"column":19}},"105":{"start":{"line":267,"column":20},"end":{"line":267,"column":45}},"106":{"start":{"line":270,"column":20},"end":{"line":270,"column":41}},"107":{"start":{"line":272,"column":19},"end":{"line":304,"column":13}},"108":{"start":{"line":273,"column":16},"end":{"line":279,"column":19}},"109":{"start":{"line":275,"column":20},"end":{"line":275,"column":45}},"110":{"start":{"line":278,"column":20},"end":{"line":278,"column":41}},"111":{"start":{"line":280,"column":19},"end":{"line":304,"column":13}},"112":{"start":{"line":281,"column":16},"end":{"line":287,"column":19}},"113":{"start":{"line":283,"column":20},"end":{"line":283,"column":45}},"114":{"start":{"line":286,"column":20},"end":{"line":286,"column":41}},"115":{"start":{"line":288,"column":19},"end":{"line":304,"column":13}},"116":{"start":{"line":289,"column":16},"end":{"line":295,"column":19}},"117":{"start":{"line":291,"column":20},"end":{"line":291,"column":45}},"118":{"start":{"line":294,"column":20},"end":{"line":294,"column":41}},"119":{"start":{"line":296,"column":19},"end":{"line":304,"column":13}},"120":{"start":{"line":297,"column":16},"end":{"line":303,"column":19}},"121":{"start":{"line":299,"column":20},"end":{"line":299,"column":45}},"122":{"start":{"line":302,"column":20},"end":{"line":302,"column":41}},"123":{"start":{"line":309,"column":12},"end":{"line":309,"column":33}},"124":{"start":{"line":314,"column":26},"end":{"line":317,"column":5}},"125":{"start":{"line":315,"column":8},"end":{"line":315,"column":24}},"126":{"start":{"line":316,"column":8},"end":{"line":316,"column":27}},"127":{"start":{"line":320,"column":4},"end":{"line":323,"column":11}},"128":{"start":{"line":321,"column":8},"end":{"line":321,"column":18}},"129":{"start":{"line":322,"column":8},"end":{"line":322,"column":24}},"130":{"start":{"line":325,"column":4},"end":{"line":805,"column":5}},"131":{"start":{"line":326,"column":8},"end":{"line":328,"column":10}},"132":{"start":{"line":330,"column":11},"end":{"line":805,"column":5}},"133":{"start":{"line":331,"column":8},"end":{"line":800,"column":10}},"134":{"start":{"line":337,"column":61},"end":{"line":337,"column":78}},"135":{"start":{"line":343,"column":32},"end":{"line":343,"column":65}},"136":{"start":{"line":344,"column":32},"end":{"line":344,"column":84}},"137":{"start":{"line":344,"column":51},"end":{"line":344,"column":74}},"138":{"start":{"line":353,"column":47},"end":{"line":353,"column":66}},"139":{"start":{"line":364,"column":45},"end":{"line":364,"column":71}},"140":{"start":{"line":370,"column":32},"end":{"line":370,"column":59}},"141":{"start":{"line":397,"column":64},"end":{"line":397,"column":77}},"142":{"start":{"line":409,"column":64},"end":{"line":409,"column":79}},"143":{"start":{"line":429,"column":47},"end":{"line":429,"column":66}},"144":{"start":{"line":439,"column":45},"end":{"line":439,"column":71}},"145":{"start":{"line":445,"column":32},"end":{"line":445,"column":59}},"146":{"start":{"line":462,"column":64},"end":{"line":462,"column":77}},"147":{"start":{"line":473,"column":64},"end":{"line":473,"column":80}},"148":{"start":{"line":485,"column":64},"end":{"line":485,"column":79}},"149":{"start":{"line":504,"column":47},"end":{"line":504,"column":71}},"150":{"start":{"line":514,"column":45},"end":{"line":514,"column":81}},"151":{"start":{"line":520,"column":32},"end":{"line":520,"column":69}},"152":{"start":{"line":533,"column":47},"end":{"line":533,"column":65}},"153":{"start":{"line":543,"column":45},"end":{"line":543,"column":69}},"154":{"start":{"line":549,"column":32},"end":{"line":549,"column":57}},"155":{"start":{"line":577,"column":47},"end":{"line":577,"column":65}},"156":{"start":{"line":587,"column":45},"end":{"line":587,"column":69}},"157":{"start":{"line":593,"column":32},"end":{"line":593,"column":57}},"158":{"start":{"line":621,"column":47},"end":{"line":621,"column":65}},"159":{"start":{"line":631,"column":45},"end":{"line":631,"column":69}},"160":{"start":{"line":637,"column":32},"end":{"line":637,"column":57}},"161":{"start":{"line":667,"column":47},"end":{"line":667,"column":65}},"162":{"start":{"line":677,"column":45},"end":{"line":677,"column":69}},"163":{"start":{"line":683,"column":32},"end":{"line":683,"column":57}},"164":{"start":{"line":711,"column":47},"end":{"line":711,"column":65}},"165":{"start":{"line":721,"column":45},"end":{"line":721,"column":69}},"166":{"start":{"line":727,"column":32},"end":{"line":727,"column":57}},"167":{"start":{"line":760,"column":47},"end":{"line":760,"column":65}},"168":{"start":{"line":771,"column":45},"end":{"line":771,"column":69}},"169":{"start":{"line":777,"column":32},"end":{"line":777,"column":57}},"170":{"start":{"line":802,"column":8},"end":{"line":804,"column":10}}},"fnMap":{"0":{"name":"Home","decl":{"start":{"line":10,"column":24},"end":{"line":10,"column":28}},"loc":{"start":{"line":10,"column":36},"end":{"line":806,"column":1}},"line":10},"1":{"name":"(anonymous_1)","decl":{"start":{"line":70,"column":20},"end":{"line":70,"column":21}},"loc":{"start":{"line":70,"column":32},"end":{"line":139,"column":5}},"line":70},"2":{"name":"(anonymous_2)","decl":{"start":{"line":72,"column":44},"end":{"line":72,"column":45}},"loc":{"start":{"line":72,"column":53},"end":{"line":137,"column":9}},"line":72},"3":{"name":"(anonymous_3)","decl":{"start":{"line":99,"column":34},"end":{"line":99,"column":35}},"loc":{"start":{"line":99,"column":40},"end":{"line":103,"column":29}},"line":99},"4":{"name":"(anonymous_4)","decl":{"start":{"line":113,"column":34},"end":{"line":113,"column":35}},"loc":{"start":{"line":113,"column":40},"end":{"line":117,"column":29}},"line":113},"5":{"name":"(anonymous_5)","decl":{"start":{"line":131,"column":27},"end":{"line":131,"column":28}},"loc":{"start":{"line":131,"column":38},"end":{"line":133,"column":21}},"line":131},"6":{"name":"(anonymous_6)","decl":{"start":{"line":143,"column":26},"end":{"line":143,"column":27}},"loc":{"start":{"line":143,"column":37},"end":{"line":165,"column":5}},"line":143},"7":{"name":"(anonymous_7)","decl":{"start":{"line":153,"column":22},"end":{"line":153,"column":23}},"loc":{"start":{"line":153,"column":28},"end":{"line":159,"column":17}},"line":153},"8":{"name":"(anonymous_8)","decl":{"start":{"line":160,"column":23},"end":{"line":160,"column":24}},"loc":{"start":{"line":160,"column":34},"end":{"line":162,"column":17}},"line":160},"9":{"name":"(anonymous_9)","decl":{"start":{"line":169,"column":24},"end":{"line":169,"column":25}},"loc":{"start":{"line":169,"column":35},"end":{"line":192,"column":5}},"line":169},"10":{"name":"(anonymous_10)","decl":{"start":{"line":180,"column":22},"end":{"line":180,"column":23}},"loc":{"start":{"line":180,"column":28},"end":{"line":186,"column":17}},"line":180},"11":{"name":"(anonymous_11)","decl":{"start":{"line":187,"column":23},"end":{"line":187,"column":24}},"loc":{"start":{"line":187,"column":34},"end":{"line":189,"column":17}},"line":187},"12":{"name":"(anonymous_12)","decl":{"start":{"line":196,"column":14},"end":{"line":196,"column":15}},"loc":{"start":{"line":196,"column":20},"end":{"line":213,"column":5}},"line":196},"13":{"name":"(anonymous_13)","decl":{"start":{"line":200,"column":16},"end":{"line":200,"column":17}},"loc":{"start":{"line":200,"column":33},"end":{"line":208,"column":17}},"line":200},"14":{"name":"(anonymous_14)","decl":{"start":{"line":201,"column":42},"end":{"line":201,"column":43}},"loc":{"start":{"line":201,"column":51},"end":{"line":207,"column":21}},"line":201},"15":{"name":"(anonymous_15)","decl":{"start":{"line":209,"column":16},"end":{"line":209,"column":17}},"loc":{"start":{"line":209,"column":25},"end":{"line":211,"column":17}},"line":209},"16":{"name":"(anonymous_16)","decl":{"start":{"line":217,"column":14},"end":{"line":217,"column":15}},"loc":{"start":{"line":217,"column":20},"end":{"line":234,"column":5}},"line":217},"17":{"name":"(anonymous_17)","decl":{"start":{"line":221,"column":16},"end":{"line":221,"column":17}},"loc":{"start":{"line":221,"column":33},"end":{"line":229,"column":17}},"line":221},"18":{"name":"(anonymous_18)","decl":{"start":{"line":222,"column":42},"end":{"line":222,"column":43}},"loc":{"start":{"line":222,"column":51},"end":{"line":228,"column":21}},"line":222},"19":{"name":"(anonymous_19)","decl":{"start":{"line":230,"column":16},"end":{"line":230,"column":17}},"loc":{"start":{"line":230,"column":25},"end":{"line":232,"column":17}},"line":230},"20":{"name":"(anonymous_20)","decl":{"start":{"line":241,"column":26},"end":{"line":241,"column":27}},"loc":{"start":{"line":241,"column":38},"end":{"line":250,"column":5}},"line":241},"21":{"name":"(anonymous_21)","decl":{"start":{"line":245,"column":18},"end":{"line":245,"column":19}},"loc":{"start":{"line":245,"column":35},"end":{"line":247,"column":13}},"line":245},"22":{"name":"(anonymous_22)","decl":{"start":{"line":247,"column":21},"end":{"line":247,"column":22}},"loc":{"start":{"line":247,"column":27},"end":{"line":249,"column":13}},"line":247},"23":{"name":"(anonymous_23)","decl":{"start":{"line":253,"column":20},"end":{"line":253,"column":21}},"loc":{"start":{"line":253,"column":30},"end":{"line":311,"column":5}},"line":253},"24":{"name":"(anonymous_24)","decl":{"start":{"line":258,"column":18},"end":{"line":258,"column":19}},"loc":{"start":{"line":258,"column":35},"end":{"line":260,"column":13}},"line":258},"25":{"name":"(anonymous_25)","decl":{"start":{"line":261,"column":19},"end":{"line":261,"column":20}},"loc":{"start":{"line":261,"column":30},"end":{"line":263,"column":13}},"line":261},"26":{"name":"(anonymous_26)","decl":{"start":{"line":266,"column":22},"end":{"line":266,"column":23}},"loc":{"start":{"line":266,"column":39},"end":{"line":268,"column":17}},"line":266},"27":{"name":"(anonymous_27)","decl":{"start":{"line":269,"column":23},"end":{"line":269,"column":24}},"loc":{"start":{"line":269,"column":34},"end":{"line":271,"column":17}},"line":269},"28":{"name":"(anonymous_28)","decl":{"start":{"line":274,"column":22},"end":{"line":274,"column":23}},"loc":{"start":{"line":274,"column":39},"end":{"line":276,"column":17}},"line":274},"29":{"name":"(anonymous_29)","decl":{"start":{"line":277,"column":23},"end":{"line":277,"column":24}},"loc":{"start":{"line":277,"column":34},"end":{"line":279,"column":17}},"line":277},"30":{"name":"(anonymous_30)","decl":{"start":{"line":282,"column":22},"end":{"line":282,"column":23}},"loc":{"start":{"line":282,"column":39},"end":{"line":284,"column":17}},"line":282},"31":{"name":"(anonymous_31)","decl":{"start":{"line":285,"column":23},"end":{"line":285,"column":24}},"loc":{"start":{"line":285,"column":34},"end":{"line":287,"column":17}},"line":285},"32":{"name":"(anonymous_32)","decl":{"start":{"line":290,"column":22},"end":{"line":290,"column":23}},"loc":{"start":{"line":290,"column":39},"end":{"line":292,"column":17}},"line":290},"33":{"name":"(anonymous_33)","decl":{"start":{"line":293,"column":23},"end":{"line":293,"column":24}},"loc":{"start":{"line":293,"column":34},"end":{"line":295,"column":17}},"line":293},"34":{"name":"(anonymous_34)","decl":{"start":{"line":298,"column":22},"end":{"line":298,"column":23}},"loc":{"start":{"line":298,"column":39},"end":{"line":300,"column":17}},"line":298},"35":{"name":"(anonymous_35)","decl":{"start":{"line":301,"column":23},"end":{"line":301,"column":24}},"loc":{"start":{"line":301,"column":34},"end":{"line":303,"column":17}},"line":301},"36":{"name":"(anonymous_36)","decl":{"start":{"line":314,"column":26},"end":{"line":314,"column":27}},"loc":{"start":{"line":314,"column":32},"end":{"line":317,"column":5}},"line":314},"37":{"name":"(anonymous_37)","decl":{"start":{"line":320,"column":14},"end":{"line":320,"column":15}},"loc":{"start":{"line":320,"column":20},"end":{"line":323,"column":5}},"line":320},"38":{"name":"(anonymous_38)","decl":{"start":{"line":337,"column":55},"end":{"line":337,"column":56}},"loc":{"start":{"line":337,"column":61},"end":{"line":337,"column":78}},"line":337},"39":{"name":"(anonymous_39)","decl":{"start":{"line":342,"column":84},"end":{"line":342,"column":85}},"loc":{"start":{"line":342,"column":90},"end":{"line":345,"column":29}},"line":342},"40":{"name":"(anonymous_40)","decl":{"start":{"line":344,"column":43},"end":{"line":344,"column":44}},"loc":{"start":{"line":344,"column":49},"end":{"line":344,"column":76}},"line":344},"41":{"name":"(anonymous_41)","decl":{"start":{"line":353,"column":41},"end":{"line":353,"column":42}},"loc":{"start":{"line":353,"column":47},"end":{"line":353,"column":66}},"line":353},"42":{"name":"(anonymous_42)","decl":{"start":{"line":364,"column":40},"end":{"line":364,"column":41}},"loc":{"start":{"line":364,"column":45},"end":{"line":364,"column":71}},"line":364},"43":{"name":"(anonymous_43)","decl":{"start":{"line":369,"column":37},"end":{"line":369,"column":38}},"loc":{"start":{"line":369,"column":41},"end":{"line":371,"column":29}},"line":369},"44":{"name":"(anonymous_44)","decl":{"start":{"line":397,"column":54},"end":{"line":397,"column":55}},"loc":{"start":{"line":397,"column":64},"end":{"line":397,"column":77}},"line":397},"45":{"name":"(anonymous_45)","decl":{"start":{"line":409,"column":54},"end":{"line":409,"column":55}},"loc":{"start":{"line":409,"column":64},"end":{"line":409,"column":79}},"line":409},"46":{"name":"(anonymous_46)","decl":{"start":{"line":429,"column":41},"end":{"line":429,"column":42}},"loc":{"start":{"line":429,"column":47},"end":{"line":429,"column":66}},"line":429},"47":{"name":"(anonymous_47)","decl":{"start":{"line":439,"column":40},"end":{"line":439,"column":41}},"loc":{"start":{"line":439,"column":45},"end":{"line":439,"column":71}},"line":439},"48":{"name":"(anonymous_48)","decl":{"start":{"line":444,"column":37},"end":{"line":444,"column":38}},"loc":{"start":{"line":444,"column":41},"end":{"line":446,"column":29}},"line":444},"49":{"name":"(anonymous_49)","decl":{"start":{"line":462,"column":54},"end":{"line":462,"column":55}},"loc":{"start":{"line":462,"column":64},"end":{"line":462,"column":77}},"line":462},"50":{"name":"(anonymous_50)","decl":{"start":{"line":473,"column":54},"end":{"line":473,"column":55}},"loc":{"start":{"line":473,"column":64},"end":{"line":473,"column":80}},"line":473},"51":{"name":"(anonymous_51)","decl":{"start":{"line":485,"column":54},"end":{"line":485,"column":55}},"loc":{"start":{"line":485,"column":64},"end":{"line":485,"column":79}},"line":485},"52":{"name":"(anonymous_52)","decl":{"start":{"line":504,"column":41},"end":{"line":504,"column":42}},"loc":{"start":{"line":504,"column":47},"end":{"line":504,"column":71}},"line":504},"53":{"name":"(anonymous_53)","decl":{"start":{"line":514,"column":40},"end":{"line":514,"column":41}},"loc":{"start":{"line":514,"column":45},"end":{"line":514,"column":81}},"line":514},"54":{"name":"(anonymous_54)","decl":{"start":{"line":519,"column":37},"end":{"line":519,"column":38}},"loc":{"start":{"line":519,"column":41},"end":{"line":521,"column":29}},"line":519},"55":{"name":"(anonymous_55)","decl":{"start":{"line":533,"column":41},"end":{"line":533,"column":42}},"loc":{"start":{"line":533,"column":47},"end":{"line":533,"column":65}},"line":533},"56":{"name":"(anonymous_56)","decl":{"start":{"line":543,"column":40},"end":{"line":543,"column":41}},"loc":{"start":{"line":543,"column":45},"end":{"line":543,"column":69}},"line":543},"57":{"name":"(anonymous_57)","decl":{"start":{"line":548,"column":37},"end":{"line":548,"column":38}},"loc":{"start":{"line":548,"column":41},"end":{"line":550,"column":29}},"line":548},"58":{"name":"(anonymous_58)","decl":{"start":{"line":577,"column":41},"end":{"line":577,"column":42}},"loc":{"start":{"line":577,"column":47},"end":{"line":577,"column":65}},"line":577},"59":{"name":"(anonymous_59)","decl":{"start":{"line":587,"column":40},"end":{"line":587,"column":41}},"loc":{"start":{"line":587,"column":45},"end":{"line":587,"column":69}},"line":587},"60":{"name":"(anonymous_60)","decl":{"start":{"line":592,"column":37},"end":{"line":592,"column":38}},"loc":{"start":{"line":592,"column":41},"end":{"line":594,"column":29}},"line":592},"61":{"name":"(anonymous_61)","decl":{"start":{"line":621,"column":41},"end":{"line":621,"column":42}},"loc":{"start":{"line":621,"column":47},"end":{"line":621,"column":65}},"line":621},"62":{"name":"(anonymous_62)","decl":{"start":{"line":631,"column":40},"end":{"line":631,"column":41}},"loc":{"start":{"line":631,"column":45},"end":{"line":631,"column":69}},"line":631},"63":{"name":"(anonymous_63)","decl":{"start":{"line":636,"column":37},"end":{"line":636,"column":38}},"loc":{"start":{"line":636,"column":41},"end":{"line":638,"column":29}},"line":636},"64":{"name":"(anonymous_64)","decl":{"start":{"line":667,"column":41},"end":{"line":667,"column":42}},"loc":{"start":{"line":667,"column":47},"end":{"line":667,"column":65}},"line":667},"65":{"name":"(anonymous_65)","decl":{"start":{"line":677,"column":40},"end":{"line":677,"column":41}},"loc":{"start":{"line":677,"column":45},"end":{"line":677,"column":69}},"line":677},"66":{"name":"(anonymous_66)","decl":{"start":{"line":682,"column":37},"end":{"line":682,"column":38}},"loc":{"start":{"line":682,"column":41},"end":{"line":684,"column":29}},"line":682},"67":{"name":"(anonymous_67)","decl":{"start":{"line":711,"column":41},"end":{"line":711,"column":42}},"loc":{"start":{"line":711,"column":47},"end":{"line":711,"column":65}},"line":711},"68":{"name":"(anonymous_68)","decl":{"start":{"line":721,"column":40},"end":{"line":721,"column":41}},"loc":{"start":{"line":721,"column":45},"end":{"line":721,"column":69}},"line":721},"69":{"name":"(anonymous_69)","decl":{"start":{"line":726,"column":37},"end":{"line":726,"column":38}},"loc":{"start":{"line":726,"column":41},"end":{"line":728,"column":29}},"line":726},"70":{"name":"(anonymous_70)","decl":{"start":{"line":760,"column":41},"end":{"line":760,"column":42}},"loc":{"start":{"line":760,"column":47},"end":{"line":760,"column":65}},"line":760},"71":{"name":"(anonymous_71)","decl":{"start":{"line":771,"column":40},"end":{"line":771,"column":41}},"loc":{"start":{"line":771,"column":45},"end":{"line":771,"column":69}},"line":771},"72":{"name":"(anonymous_72)","decl":{"start":{"line":776,"column":37},"end":{"line":776,"column":38}},"loc":{"start":{"line":776,"column":41},"end":{"line":778,"column":29}},"line":776}},"branchMap":{"0":{"loc":{"start":{"line":73,"column":12},"end":{"line":136,"column":13}},"type":"if","locations":[{"start":{"line":73,"column":12},"end":{"line":136,"column":13}},{"start":{"line":120,"column":19},"end":{"line":136,"column":13}}],"line":73},"1":{"loc":{"start":{"line":81,"column":16},"end":{"line":119,"column":17}},"type":"if","locations":[{"start":{"line":81,"column":16},"end":{"line":119,"column":17}},{"start":{"line":85,"column":23},"end":{"line":119,"column":17}}],"line":81},"2":{"loc":{"start":{"line":90,"column":20},"end":{"line":118,"column":21}},"type":"if","locations":[{"start":{"line":90,"column":20},"end":{"line":118,"column":21}},{"start":{"line":104,"column":27},"end":{"line":118,"column":21}}],"line":90},"3":{"loc":{"start":{"line":145,"column":8},"end":{"line":163,"column":9}},"type":"if","locations":[{"start":{"line":145,"column":8},"end":{"line":163,"column":9}},{"start":{},"end":{}}],"line":145},"4":{"loc":{"start":{"line":145,"column":12},"end":{"line":145,"column":66}},"type":"binary-expr","locations":[{"start":{"line":145,"column":13},"end":{"line":145,"column":17}},{"start":{"line":145,"column":21},"end":{"line":145,"column":32}},{"start":{"line":145,"column":37},"end":{"line":145,"column":66}}],"line":145},"5":{"loc":{"start":{"line":145,"column":38},"end":{"line":145,"column":61}},"type":"binary-expr","locations":[{"start":{"line":145,"column":38},"end":{"line":145,"column":44}},{"start":{"line":145,"column":48},"end":{"line":145,"column":61}}],"line":145},"6":{"loc":{"start":{"line":171,"column":8},"end":{"line":190,"column":9}},"type":"if","locations":[{"start":{"line":171,"column":8},"end":{"line":190,"column":9}},{"start":{},"end":{}}],"line":171},"7":{"loc":{"start":{"line":171,"column":12},"end":{"line":171,"column":97}},"type":"binary-expr","locations":[{"start":{"line":171,"column":13},"end":{"line":171,"column":17}},{"start":{"line":171,"column":21},"end":{"line":171,"column":32}},{"start":{"line":171,"column":38},"end":{"line":171,"column":45}},{"start":{"line":171,"column":49},"end":{"line":171,"column":63}},{"start":{"line":171,"column":68},"end":{"line":171,"column":97}}],"line":171},"8":{"loc":{"start":{"line":171,"column":69},"end":{"line":171,"column":92}},"type":"binary-expr","locations":[{"start":{"line":171,"column":69},"end":{"line":171,"column":75}},{"start":{"line":171,"column":79},"end":{"line":171,"column":92}}],"line":171},"9":{"loc":{"start":{"line":256,"column":10},"end":{"line":304,"column":13}},"type":"if","locations":[{"start":{"line":256,"column":10},"end":{"line":304,"column":13}},{"start":{"line":264,"column":19},"end":{"line":304,"column":13}}],"line":256},"10":{"loc":{"start":{"line":264,"column":19},"end":{"line":304,"column":13}},"type":"if","locations":[{"start":{"line":264,"column":19},"end":{"line":304,"column":13}},{"start":{"line":272,"column":19},"end":{"line":304,"column":13}}],"line":264},"11":{"loc":{"start":{"line":272,"column":19},"end":{"line":304,"column":13}},"type":"if","locations":[{"start":{"line":272,"column":19},"end":{"line":304,"column":13}},{"start":{"line":280,"column":19},"end":{"line":304,"column":13}}],"line":272},"12":{"loc":{"start":{"line":280,"column":19},"end":{"line":304,"column":13}},"type":"if","locations":[{"start":{"line":280,"column":19},"end":{"line":304,"column":13}},{"start":{"line":288,"column":19},"end":{"line":304,"column":13}}],"line":280},"13":{"loc":{"start":{"line":288,"column":19},"end":{"line":304,"column":13}},"type":"if","locations":[{"start":{"line":288,"column":19},"end":{"line":304,"column":13}},{"start":{"line":296,"column":19},"end":{"line":304,"column":13}}],"line":288},"14":{"loc":{"start":{"line":296,"column":19},"end":{"line":304,"column":13}},"type":"if","locations":[{"start":{"line":296,"column":19},"end":{"line":304,"column":13}},{"start":{},"end":{}}],"line":296},"15":{"loc":{"start":{"line":325,"column":4},"end":{"line":805,"column":5}},"type":"if","locations":[{"start":{"line":325,"column":4},"end":{"line":805,"column":5}},{"start":{"line":330,"column":11},"end":{"line":805,"column":5}}],"line":325},"16":{"loc":{"start":{"line":330,"column":11},"end":{"line":805,"column":5}},"type":"if","locations":[{"start":{"line":330,"column":11},"end":{"line":805,"column":5}},{"start":{"line":801,"column":11},"end":{"line":805,"column":5}}],"line":330}},"s":{"0":0,"1":0,"2":0,"3":0,"4":0,"5":0,"6":0,"7":0,"8":0,"9":0,"10":0,"11":0,"12":0,"13":0,"14":0,"15":0,"16":0,"17":0,"18":0,"19":0,"20":0,"21":0,"22":0,"23":0,"24":0,"25":0,"26":0,"27":0,"28":0,"29":0,"30":0,"31":0,"32":0,"33":0,"34":0,"35":0,"36":0,"37":0,"38":0,"39":0,"40":0,"41":0,"42":0,"43":0,"44":0,"45":0,"46":0,"47":0,"48":0,"49":0,"50":0,"51":0,"52":0,"53":0,"54":0,"55":0,"56":0,"57":0,"58":0,"59":0,"60":0,"61":0,"62":0,"63":0,"64":0,"65":0,"66":0,"67":0,"68":0,"69":0,"70":0,"71":0,"72":0,"73":0,"74":0,"75":0,"76":0,"77":0,"78":0,"79":0,"80":0,"81":0,"82":0,"83":0,"84":0,"85":0,"86":0,"87":0,"88":0,"89":0,"90":0,"91":0,"92":0,"93":0,"94":0,"95":0,"96":0,"97":0,"98":0,"99":0,"100":0,"101":0,"102":0,"103":0,"104":0,"105":0,"106":0,"107":0,"108":0,"109":0,"110":0,"111":0,"112":0,"113":0,"114":0,"115":0,"116":0,"117":0,"118":0,"119":0,"120":0,"121":0,"122":0,"123":0,"124":0,"125":0,"126":0,"127":0,"128":0,"129":0,"130":0,"131":0,"132":0,"133":0,"134":0,"135":0,"136":0,"137":0,"138":0,"139":0,"140":0,"141":0,"142":0,"143":0,"144":0,"145":0,"146":0,"147":0,"148":0,"149":0,"150":0,"151":0,"152":0,"153":0,"154":0,"155":0,"156":0,"157":0,"158":0,"159":0,"160":0,"161":0,"162":0,"163":0,"164":0,"165":0,"166":0,"167":0,"168":0,"169":0,"170":0},"f":{"0":0,"1":0,"2":0,"3":0,"4":0,"5":0,"6":0,"7":0,"8":0,"9":0,"10":0,"11":0,"12":0,"13":0,"14":0,"15":0,"16":0,"17":0,"18":0,"19":0,"20":0,"21":0,"22":0,"23":0,"24":0,"25":0,"26":0,"27":0,"28":0,"29":0,"30":0,"31":0,"32":0,"33":0,"34":0,"35":0,"36":0,"37":0,"38":0,"39":0,"40":0,"41":0,"42":0,"43":0,"44":0,"45":0,"46":0,"47":0,"48":0,"49":0,"50":0,"51":0,"52":0,"53":0,"54":0,"55":0,"56":0,"57":0,"58":0,"59":0,"60":0,"61":0,"62":0,"63":0,"64":0,"65":0,"66":0,"67":0,"68":0,"69":0,"70":0,"71":0,"72":0},"b":{"0":[0,0],"1":[0,0],"2":[0,0],"3":[0,0],"4":[0,0,0],"5":[0,0],"6":[0,0],"7":[0,0,0,0,0],"8":[0,0],"9":[0,0],"10":[0,0],"11":[0,0],"12":[0,0],"13":[0,0],"14":[0,0],"15":[0,0],"16":[0,0]}}
,"C:\\Users\\zainf\\OneDrive\\Documents\\Final Year Project\\mystorymylife\\screens\\Home\\Styles.js": {"path":"C:\\Users\\zainf\\OneDrive\\Documents\\Final Year Project\\mystorymylife\\screens\\Home\\Styles.js","statementMap":{"0":{"start":{"line":2,"column":15},"end":{"line":2,"column":46}},"1":{"start":{"line":3,"column":14},"end":{"line":3,"column":44}},"2":{"start":{"line":5,"column":23},"end":{"line":285,"column":2}}},"fnMap":{},"branchMap":{"0":{"loc":{"start":{"line":11,"column":19},"end":{"line":11,"column":50}},"type":"cond-expr","locations":[{"start":{"line":11,"column":42},"end":{"line":11,"column":46}},{"start":{"line":11,"column":48},"end":{"line":11,"column":50}}],"line":11},"1":{"loc":{"start":{"line":28,"column":20},"end":{"line":28,"column":54}},"type":"cond-expr","locations":[{"start":{"line":28,"column":44},"end":{"line":28,"column":48}},{"start":{"line":28,"column":52},"end":{"line":28,"column":54}}],"line":28},"2":{"loc":{"start":{"line":125,"column":16},"end":{"line":125,"column":52}},"type":"cond-expr","locations":[{"start":{"line":125,"column":39},"end":{"line":125,"column":44}},{"start":{"line":125,"column":47},"end":{"line":125,"column":52}}],"line":125},"3":{"loc":{"start":{"line":138,"column":16},"end":{"line":138,"column":52}},"type":"cond-expr","locations":[{"start":{"line":138,"column":39},"end":{"line":138,"column":44}},{"start":{"line":138,"column":47},"end":{"line":138,"column":52}}],"line":138},"4":{"loc":{"start":{"line":153,"column":18},"end":{"line":153,"column":48}},"type":"cond-expr","locations":[{"start":{"line":153,"column":41},"end":{"line":153,"column":43}},{"start":{"line":153,"column":46},"end":{"line":153,"column":48}}],"line":153},"5":{"loc":{"start":{"line":245,"column":21},"end":{"line":245,"column":53}},"type":"cond-expr","locations":[{"start":{"line":245,"column":44},"end":{"line":245,"column":47}},{"start":{"line":245,"column":50},"end":{"line":245,"column":53}}],"line":245}},"s":{"0":0,"1":0,"2":0},"f":{},"b":{"0":[0,0],"1":[0,0],"2":[0,0],"3":[0,0],"4":[0,0],"5":[0,0]}}
,"C:\\Users\\zainf\\OneDrive\\Documents\\Final Year Project\\mystorymylife\\screens\\Insights\\Insights.js": {"path":"C:\\Users\\zainf\\OneDrive\\Documents\\Final Year Project\\mystorymylife\\screens\\Insights\\Insights.js","statementMap":{"0":{"start":{"line":12,"column":19},"end":{"line":12,"column":34}},"1":{"start":{"line":13,"column":27},"end":{"line":13,"column":46}},"2":{"start":{"line":14,"column":24},"end":{"line":14,"column":49}},"3":{"start":{"line":16,"column":32},"end":{"line":16,"column":42}},"4":{"start":{"line":17,"column":28},"end":{"line":17,"column":38}},"5":{"start":{"line":18,"column":38},"end":{"line":18,"column":48}},"6":{"start":{"line":19,"column":32},"end":{"line":19,"column":42}},"7":{"start":{"line":20,"column":32},"end":{"line":20,"column":42}},"8":{"start":{"line":21,"column":34},"end":{"line":21,"column":44}},"9":{"start":{"line":22,"column":32},"end":{"line":22,"column":42}},"10":{"start":{"line":23,"column":36},"end":{"line":23,"column":50}},"11":{"start":{"line":26,"column":16},"end":{"line":26,"column":41}},"12":{"start":{"line":27,"column":21},"end":{"line":27,"column":22}},"13":{"start":{"line":28,"column":19},"end":{"line":28,"column":20}},"14":{"start":{"line":29,"column":24},"end":{"line":29,"column":25}},"15":{"start":{"line":30,"column":21},"end":{"line":30,"column":22}},"16":{"start":{"line":31,"column":21},"end":{"line":31,"column":22}},"17":{"start":{"line":32,"column":22},"end":{"line":32,"column":23}},"18":{"start":{"line":33,"column":21},"end":{"line":33,"column":22}},"19":{"start":{"line":37,"column":4},"end":{"line":90,"column":11}},"20":{"start":{"line":38,"column":8},"end":{"line":89,"column":14}},"21":{"start":{"line":43,"column":20},"end":{"line":75,"column":23}},"22":{"start":{"line":44,"column":39},"end":{"line":44,"column":49}},"23":{"start":{"line":47,"column":24},"end":{"line":49,"column":23}},"24":{"start":{"line":48,"column":26},"end":{"line":48,"column":39}},"25":{"start":{"line":51,"column":22},"end":{"line":53,"column":23}},"26":{"start":{"line":52,"column":26},"end":{"line":52,"column":42}},"27":{"start":{"line":55,"column":22},"end":{"line":57,"column":23}},"28":{"start":{"line":56,"column":26},"end":{"line":56,"column":37}},"29":{"start":{"line":59,"column":22},"end":{"line":61,"column":23}},"30":{"start":{"line":60,"column":26},"end":{"line":60,"column":39}},"31":{"start":{"line":63,"column":22},"end":{"line":65,"column":21}},"32":{"start":{"line":64,"column":24},"end":{"line":64,"column":37}},"33":{"start":{"line":67,"column":20},"end":{"line":69,"column":21}},"34":{"start":{"line":68,"column":24},"end":{"line":68,"column":38}},"35":{"start":{"line":71,"column":20},"end":{"line":73,"column":21}},"36":{"start":{"line":72,"column":24},"end":{"line":72,"column":37}},"37":{"start":{"line":76,"column":20},"end":{"line":76,"column":43}},"38":{"start":{"line":77,"column":20},"end":{"line":77,"column":39}},"39":{"start":{"line":78,"column":20},"end":{"line":78,"column":49}},"40":{"start":{"line":79,"column":20},"end":{"line":79,"column":43}},"41":{"start":{"line":80,"column":20},"end":{"line":80,"column":43}},"42":{"start":{"line":81,"column":20},"end":{"line":81,"column":45}},"43":{"start":{"line":82,"column":20},"end":{"line":82,"column":43}},"44":{"start":{"line":83,"column":20},"end":{"line":83,"column":40}},"45":{"start":{"line":87,"column":20},"end":{"line":87,"column":41}},"46":{"start":{"line":94,"column":4},"end":{"line":369,"column":5}},"47":{"start":{"line":119,"column":36},"end":{"line":125,"column":37}},"48":{"start":{"line":120,"column":40},"end":{"line":124,"column":41}},"49":{"start":{"line":127,"column":36},"end":{"line":133,"column":37}},"50":{"start":{"line":128,"column":40},"end":{"line":132,"column":41}},"51":{"start":{"line":135,"column":36},"end":{"line":141,"column":37}},"52":{"start":{"line":136,"column":40},"end":{"line":140,"column":41}},"53":{"start":{"line":143,"column":36},"end":{"line":149,"column":37}},"54":{"start":{"line":144,"column":40},"end":{"line":148,"column":41}},"55":{"start":{"line":151,"column":36},"end":{"line":157,"column":37}},"56":{"start":{"line":152,"column":40},"end":{"line":156,"column":41}},"57":{"start":{"line":159,"column":36},"end":{"line":165,"column":37}},"58":{"start":{"line":160,"column":40},"end":{"line":164,"column":41}},"59":{"start":{"line":167,"column":36},"end":{"line":173,"column":37}},"60":{"start":{"line":168,"column":40},"end":{"line":172,"column":41}},"61":{"start":{"line":175,"column":36},"end":{"line":181,"column":37}},"62":{"start":{"line":176,"column":40},"end":{"line":180,"column":41}},"63":{"start":{"line":183,"column":36},"end":{"line":189,"column":37}},"64":{"start":{"line":184,"column":40},"end":{"line":188,"column":41}},"65":{"start":{"line":191,"column":36},"end":{"line":197,"column":37}},"66":{"start":{"line":192,"column":40},"end":{"line":196,"column":41}},"67":{"start":{"line":199,"column":36},"end":{"line":205,"column":37}},"68":{"start":{"line":200,"column":40},"end":{"line":204,"column":41}},"69":{"start":{"line":207,"column":36},"end":{"line":213,"column":37}},"70":{"start":{"line":208,"column":40},"end":{"line":212,"column":41}},"71":{"start":{"line":244,"column":60},"end":{"line":244,"column":93}},"72":{"start":{"line":245,"column":65},"end":{"line":245,"column":98}},"73":{"start":{"line":268,"column":32},"end":{"line":360,"column":33}},"74":{"start":{"line":269,"column":36},"end":{"line":274,"column":37}},"75":{"start":{"line":277,"column":36},"end":{"line":288,"column":37}},"76":{"start":{"line":278,"column":40},"end":{"line":287,"column":41}},"77":{"start":{"line":290,"column":36},"end":{"line":299,"column":37}},"78":{"start":{"line":291,"column":40},"end":{"line":298,"column":41}},"79":{"start":{"line":301,"column":36},"end":{"line":310,"column":37}},"80":{"start":{"line":302,"column":40},"end":{"line":309,"column":41}},"81":{"start":{"line":312,"column":36},"end":{"line":321,"column":37}},"82":{"start":{"line":313,"column":40},"end":{"line":320,"column":41}},"83":{"start":{"line":322,"column":36},"end":{"line":331,"column":37}},"84":{"start":{"line":323,"column":40},"end":{"line":330,"column":41}},"85":{"start":{"line":332,"column":36},"end":{"line":341,"column":37}},"86":{"start":{"line":333,"column":40},"end":{"line":340,"column":41}},"87":{"start":{"line":342,"column":36},"end":{"line":351,"column":37}},"88":{"start":{"line":343,"column":40},"end":{"line":350,"column":41}}},"fnMap":{"0":{"name":"Insights","decl":{"start":{"line":10,"column":24},"end":{"line":10,"column":32}},"loc":{"start":{"line":10,"column":39},"end":{"line":370,"column":1}},"line":10},"1":{"name":"(anonymous_1)","decl":{"start":{"line":37,"column":14},"end":{"line":37,"column":15}},"loc":{"start":{"line":37,"column":20},"end":{"line":90,"column":5}},"line":37},"2":{"name":"(anonymous_2)","decl":{"start":{"line":42,"column":16},"end":{"line":42,"column":17}},"loc":{"start":{"line":42,"column":33},"end":{"line":84,"column":17}},"line":42},"3":{"name":"(anonymous_3)","decl":{"start":{"line":43,"column":42},"end":{"line":43,"column":43}},"loc":{"start":{"line":43,"column":51},"end":{"line":75,"column":21}},"line":43},"4":{"name":"(anonymous_4)","decl":{"start":{"line":86,"column":16},"end":{"line":86,"column":17}},"loc":{"start":{"line":86,"column":25},"end":{"line":88,"column":17}},"line":86},"5":{"name":"(anonymous_5)","decl":{"start":{"line":118,"column":34},"end":{"line":118,"column":35}},"loc":{"start":{"line":118,"column":40},"end":{"line":214,"column":33}},"line":118},"6":{"name":"(anonymous_6)","decl":{"start":{"line":244,"column":43},"end":{"line":244,"column":44}},"loc":{"start":{"line":244,"column":60},"end":{"line":244,"column":93}},"line":244},"7":{"name":"(anonymous_7)","decl":{"start":{"line":245,"column":48},"end":{"line":245,"column":49}},"loc":{"start":{"line":245,"column":65},"end":{"line":245,"column":98}},"line":245},"8":{"name":"(anonymous_8)","decl":{"start":{"line":266,"column":30},"end":{"line":266,"column":31}},"loc":{"start":{"line":266,"column":36},"end":{"line":362,"column":29}},"line":266}},"branchMap":{"0":{"loc":{"start":{"line":47,"column":24},"end":{"line":49,"column":23}},"type":"if","locations":[{"start":{"line":47,"column":24},"end":{"line":49,"column":23}},{"start":{},"end":{}}],"line":47},"1":{"loc":{"start":{"line":51,"column":22},"end":{"line":53,"column":23}},"type":"if","locations":[{"start":{"line":51,"column":22},"end":{"line":53,"column":23}},{"start":{},"end":{}}],"line":51},"2":{"loc":{"start":{"line":55,"column":22},"end":{"line":57,"column":23}},"type":"if","locations":[{"start":{"line":55,"column":22},"end":{"line":57,"column":23}},{"start":{},"end":{}}],"line":55},"3":{"loc":{"start":{"line":59,"column":22},"end":{"line":61,"column":23}},"type":"if","locations":[{"start":{"line":59,"column":22},"end":{"line":61,"column":23}},{"start":{},"end":{}}],"line":59},"4":{"loc":{"start":{"line":63,"column":22},"end":{"line":65,"column":21}},"type":"if","locations":[{"start":{"line":63,"column":22},"end":{"line":65,"column":21}},{"start":{},"end":{}}],"line":63},"5":{"loc":{"start":{"line":67,"column":20},"end":{"line":69,"column":21}},"type":"if","locations":[{"start":{"line":67,"column":20},"end":{"line":69,"column":21}},{"start":{},"end":{}}],"line":67},"6":{"loc":{"start":{"line":71,"column":20},"end":{"line":73,"column":21}},"type":"if","locations":[{"start":{"line":71,"column":20},"end":{"line":73,"column":21}},{"start":{},"end":{}}],"line":71},"7":{"loc":{"start":{"line":98,"column":17},"end":{"line":364,"column":27}},"type":"cond-expr","locations":[{"start":{"line":100,"column":20},"end":{"line":104,"column":27}},{"start":{"line":108,"column":20},"end":{"line":364,"column":27}}],"line":98},"8":{"loc":{"start":{"line":119,"column":36},"end":{"line":125,"column":37}},"type":"if","locations":[{"start":{"line":119,"column":36},"end":{"line":125,"column":37}},{"start":{},"end":{}}],"line":119},"9":{"loc":{"start":{"line":127,"column":36},"end":{"line":133,"column":37}},"type":"if","locations":[{"start":{"line":127,"column":36},"end":{"line":133,"column":37}},{"start":{},"end":{}}],"line":127},"10":{"loc":{"start":{"line":135,"column":36},"end":{"line":141,"column":37}},"type":"if","locations":[{"start":{"line":135,"column":36},"end":{"line":141,"column":37}},{"start":{},"end":{}}],"line":135},"11":{"loc":{"start":{"line":143,"column":36},"end":{"line":149,"column":37}},"type":"if","locations":[{"start":{"line":143,"column":36},"end":{"line":149,"column":37}},{"start":{},"end":{}}],"line":143},"12":{"loc":{"start":{"line":151,"column":36},"end":{"line":157,"column":37}},"type":"if","locations":[{"start":{"line":151,"column":36},"end":{"line":157,"column":37}},{"start":{},"end":{}}],"line":151},"13":{"loc":{"start":{"line":159,"column":36},"end":{"line":165,"column":37}},"type":"if","locations":[{"start":{"line":159,"column":36},"end":{"line":165,"column":37}},{"start":{},"end":{}}],"line":159},"14":{"loc":{"start":{"line":167,"column":36},"end":{"line":173,"column":37}},"type":"if","locations":[{"start":{"line":167,"column":36},"end":{"line":173,"column":37}},{"start":{},"end":{}}],"line":167},"15":{"loc":{"start":{"line":175,"column":36},"end":{"line":181,"column":37}},"type":"if","locations":[{"start":{"line":175,"column":36},"end":{"line":181,"column":37}},{"start":{},"end":{}}],"line":175},"16":{"loc":{"start":{"line":183,"column":36},"end":{"line":189,"column":37}},"type":"if","locations":[{"start":{"line":183,"column":36},"end":{"line":189,"column":37}},{"start":{},"end":{}}],"line":183},"17":{"loc":{"start":{"line":191,"column":36},"end":{"line":197,"column":37}},"type":"if","locations":[{"start":{"line":191,"column":36},"end":{"line":197,"column":37}},{"start":{},"end":{}}],"line":191},"18":{"loc":{"start":{"line":199,"column":36},"end":{"line":205,"column":37}},"type":"if","locations":[{"start":{"line":199,"column":36},"end":{"line":205,"column":37}},{"start":{},"end":{}}],"line":199},"19":{"loc":{"start":{"line":207,"column":36},"end":{"line":213,"column":37}},"type":"if","locations":[{"start":{"line":207,"column":36},"end":{"line":213,"column":37}},{"start":{},"end":{}}],"line":207},"20":{"loc":{"start":{"line":244,"column":44},"end":{"line":244,"column":55}},"type":"default-arg","locations":[{"start":{"line":244,"column":54},"end":{"line":244,"column":55}}],"line":244},"21":{"loc":{"start":{"line":245,"column":49},"end":{"line":245,"column":60}},"type":"default-arg","locations":[{"start":{"line":245,"column":59},"end":{"line":245,"column":60}}],"line":245},"22":{"loc":{"start":{"line":268,"column":32},"end":{"line":360,"column":33}},"type":"if","locations":[{"start":{"line":268,"column":32},"end":{"line":360,"column":33}},{"start":{"line":276,"column":37},"end":{"line":360,"column":33}}],"line":268},"23":{"loc":{"start":{"line":277,"column":36},"end":{"line":288,"column":37}},"type":"if","locations":[{"start":{"line":277,"column":36},"end":{"line":288,"column":37}},{"start":{},"end":{}}],"line":277},"24":{"loc":{"start":{"line":290,"column":36},"end":{"line":299,"column":37}},"type":"if","locations":[{"start":{"line":290,"column":36},"end":{"line":299,"column":37}},{"start":{},"end":{}}],"line":290},"25":{"loc":{"start":{"line":301,"column":36},"end":{"line":310,"column":37}},"type":"if","locations":[{"start":{"line":301,"column":36},"end":{"line":310,"column":37}},{"start":{},"end":{}}],"line":301},"26":{"loc":{"start":{"line":312,"column":36},"end":{"line":321,"column":37}},"type":"if","locations":[{"start":{"line":312,"column":36},"end":{"line":321,"column":37}},{"start":{},"end":{}}],"line":312},"27":{"loc":{"start":{"line":322,"column":36},"end":{"line":331,"column":37}},"type":"if","locations":[{"start":{"line":322,"column":36},"end":{"line":331,"column":37}},{"start":{},"end":{}}],"line":322},"28":{"loc":{"start":{"line":332,"column":36},"end":{"line":341,"column":37}},"type":"if","locations":[{"start":{"line":332,"column":36},"end":{"line":341,"column":37}},{"start":{},"end":{}}],"line":332},"29":{"loc":{"start":{"line":342,"column":36},"end":{"line":351,"column":37}},"type":"if","locations":[{"start":{"line":342,"column":36},"end":{"line":351,"column":37}},{"start":{},"end":{}}],"line":342}},"s":{"0":0,"1":0,"2":0,"3":0,"4":0,"5":0,"6":0,"7":0,"8":0,"9":0,"10":0,"11":0,"12":0,"13":0,"14":0,"15":0,"16":0,"17":0,"18":0,"19":0,"20":0,"21":0,"22":0,"23":0,"24":0,"25":0,"26":0,"27":0,"28":0,"29":0,"30":0,"31":0,"32":0,"33":0,"34":0,"35":0,"36":0,"37":0,"38":0,"39":0,"40":0,"41":0,"42":0,"43":0,"44":0,"45":0,"46":0,"47":0,"48":0,"49":0,"50":0,"51":0,"52":0,"53":0,"54":0,"55":0,"56":0,"57":0,"58":0,"59":0,"60":0,"61":0,"62":0,"63":0,"64":0,"65":0,"66":0,"67":0,"68":0,"69":0,"70":0,"71":0,"72":0,"73":0,"74":0,"75":0,"76":0,"77":0,"78":0,"79":0,"80":0,"81":0,"82":0,"83":0,"84":0,"85":0,"86":0,"87":0,"88":0},"f":{"0":0,"1":0,"2":0,"3":0,"4":0,"5":0,"6":0,"7":0,"8":0},"b":{"0":[0,0],"1":[0,0],"2":[0,0],"3":[0,0],"4":[0,0],"5":[0,0],"6":[0,0],"7":[0,0],"8":[0,0],"9":[0,0],"10":[0,0],"11":[0,0],"12":[0,0],"13":[0,0],"14":[0,0],"15":[0,0],"16":[0,0],"17":[0,0],"18":[0,0],"19":[0,0],"20":[0],"21":[0],"22":[0,0],"23":[0,0],"24":[0,0],"25":[0,0],"26":[0,0],"27":[0,0],"28":[0,0],"29":[0,0]}}
,"C:\\Users\\zainf\\OneDrive\\Documents\\Final Year Project\\mystorymylife\\screens\\Insights\\Styles.js": {"path":"C:\\Users\\zainf\\OneDrive\\Documents\\Final Year Project\\mystorymylife\\screens\\Insights\\Styles.js","statementMap":{"0":{"start":{"line":4,"column":22},"end":{"line":52,"column":2}}},"fnMap":{},"branchMap":{},"s":{"0":0},"f":{},"b":{}}
,"C:\\Users\\zainf\\OneDrive\\Documents\\Final Year Project\\mystorymylife\\screens\\Login\\OnboardingScreen.js": {"path":"C:\\Users\\zainf\\OneDrive\\Documents\\Final Year Project\\mystorymylife\\screens\\Login\\OnboardingScreen.js","statementMap":{"0":{"start":{"line":5,"column":13},"end":{"line":9,"column":1}},"1":{"start":{"line":6,"column":1},"end":{"line":8,"column":20}},"2":{"start":{"line":11,"column":13},"end":{"line":15,"column":1}},"3":{"start":{"line":12,"column":1},"end":{"line":14,"column":20}},"4":{"start":{"line":17,"column":13},"end":{"line":21,"column":1}},"5":{"start":{"line":18,"column":1},"end":{"line":20,"column":20}},"6":{"start":{"line":24,"column":1},"end":{"line":82,"column":3}},"7":{"start":{"line":29,"column":17},"end":{"line":29,"column":46}},"8":{"start":{"line":30,"column":17},"end":{"line":30,"column":47}},"9":{"start":{"line":87,"column":15},"end":{"line":93,"column":2}}},"fnMap":{"0":{"name":"(anonymous_0)","decl":{"start":{"line":5,"column":13},"end":{"line":5,"column":14}},"loc":{"start":{"line":6,"column":1},"end":{"line":8,"column":20}},"line":6},"1":{"name":"(anonymous_1)","decl":{"start":{"line":11,"column":13},"end":{"line":11,"column":14}},"loc":{"start":{"line":12,"column":1},"end":{"line":14,"column":20}},"line":12},"2":{"name":"(anonymous_2)","decl":{"start":{"line":17,"column":13},"end":{"line":17,"column":14}},"loc":{"start":{"line":18,"column":1},"end":{"line":20,"column":20}},"line":18},"3":{"name":"OnboardingScreen","decl":{"start":{"line":23,"column":9},"end":{"line":23,"column":25}},"loc":{"start":{"line":23,"column":42},"end":{"line":83,"column":1}},"line":23},"4":{"name":"(anonymous_4)","decl":{"start":{"line":29,"column":11},"end":{"line":29,"column":12}},"loc":{"start":{"line":29,"column":17},"end":{"line":29,"column":46}},"line":29},"5":{"name":"(anonymous_5)","decl":{"start":{"line":30,"column":11},"end":{"line":30,"column":12}},"loc":{"start":{"line":30,"column":17},"end":{"line":30,"column":47}},"line":30}},"branchMap":{},"s":{"0":0,"1":0,"2":0,"3":0,"4":0,"5":0,"6":0,"7":0,"8":0,"9":0},"f":{"0":0,"1":0,"2":0,"3":0,"4":0,"5":0},"b":{}}
[...]
rt":{"line":169,"column":78},"end":{"line":169,"column":83}},{"start":{"line":169,"column":86},"end":{"line":169,"column":90}}],"line":169},"10":{"loc":{"start":{"line":170,"column":21},"end":{"line":170,"column":55}},"type":"cond-expr","locations":[{"start":{"line":170,"column":43},"end":{"line":170,"column":48}},{"start":{"line":170,"column":51},"end":{"line":170,"column":55}}],"line":170},"11":{"loc":{"start":{"line":171,"column":21},"end":{"line":171,"column":55}},"type":"cond-expr","locations":[{"start":{"line":171,"column":43},"end":{"line":171,"column":48}},{"start":{"line":171,"column":51},"end":{"line":171,"column":55}}],"line":171},"12":{"loc":{"start":{"line":172,"column":21},"end":{"line":172,"column":55}},"type":"cond-expr","locations":[{"start":{"line":172,"column":43},"end":{"line":172,"column":48}},{"start":{"line":172,"column":51},"end":{"line":172,"column":55}}],"line":172},"13":{"loc":{"start":{"line":173,"column":27},"end":{"line":173,"column":311}},"type":"cond-expr","locations":[{"start":{"line":173,"column":54},"end":{"line":173,"column":63}},{"start":{"line":173,"column":66},"end":{"line":173,"column":311}}],"line":173},"14":{"loc":{"start":{"line":173,"column":66},"end":{"line":173,"column":311}},"type":"cond-expr","locations":[{"start":{"line":173,"column":96},"end":{"line":173,"column":105}},{"start":{"line":173,"column":108},"end":{"line":173,"column":311}}],"line":173},"15":{"loc":{"start":{"line":173,"column":108},"end":{"line":173,"column":311}},"type":"cond-expr","locations":[{"start":{"line":173,"column":133},"end":{"line":173,"column":142}},{"start":{"line":173,"column":145},"end":{"line":173,"column":311}}],"line":173},"16":{"loc":{"start":{"line":173,"column":145},"end":{"line":173,"column":311}},"type":"cond-expr","locations":[{"start":{"line":173,"column":172},"end":{"line":173,"column":181}},{"start":{"line":173,"column":184},"end":{"line":173,"column":311}}],"line":173},"17":{"loc":{"start":{"line":173,"column":184},"end":{"line":173,"column":311}},"type":"cond-expr","locations":[{"start":{"line":173,"column":212},"end":{"line":173,"column":221}},{"start":{"line":173,"column":224},"end":{"line":173,"column":311}}],"line":173},"18":{"loc":{"start":{"line":173,"column":224},"end":{"line":173,"column":311}},"type":"cond-expr","locations":[{"start":{"line":173,"column":251},"end":{"line":173,"column":260}},{"start":{"line":173,"column":263},"end":{"line":173,"column":311}}],"line":173},"19":{"loc":{"start":{"line":173,"column":263},"end":{"line":173,"column":311}},"type":"cond-expr","locations":[{"start":{"line":173,"column":290},"end":{"line":173,"column":299}},{"start":{"line":173,"column":302},"end":{"line":173,"column":311}}],"line":173},"20":{"loc":{"start":{"line":198,"column":12},"end":{"line":256,"column":13}},"type":"if","locations":[{"start":{"line":198,"column":12},"end":{"line":256,"column":13}},{"start":{},"end":{}}],"line":198},"21":{"loc":{"start":{"line":201,"column":20},"end":{"line":203,"column":21}},"type":"if","locations":[{"start":{"line":201,"column":20},"end":{"line":203,"column":21}},{"start":{},"end":{}}],"line":201},"22":{"loc":{"start":{"line":204,"column":20},"end":{"line":210,"column":21}},"type":"if","locations":[{"start":{"line":204,"column":20},"end":{"line":210,"column":21}},{"start":{"line":207,"column":27},"end":{"line":210,"column":21}}],"line":204},"23":{"loc":{"start":{"line":204,"column":24},"end":{"line":204,"column":77}},"type":"binary-expr","locations":[{"start":{"line":204,"column":24},"end":{"line":204,"column":48}},{"start":{"line":204,"column":52},"end":{"line":204,"column":77}}],"line":204},"24":{"loc":{"start":{"line":213,"column":18},"end":{"line":215,"column":19}},"type":"if","locations":[{"start":{"line":213,"column":18},"end":{"line":215,"column":19}},{"start":{},"end":{}}],"line":213},"25":{"loc":{"start":{"line":216,"column":18},"end":{"line":222,"column":19}},"type":"if","locations":[{"start":{"line":216,"column":18},"end":{"line":222,"column":19}},{"start":{"line":219,"column":25},"end":{"line":222,"column":19}}],"line":216},"26":{"loc":{"start":{"line":225,"column":16},"end":{"line":227,"column":17}},"type":"if","locations":[{"start":{"line":225,"column":16},"end":{"line":227,"column":17}},{"start":{},"end":{}}],"line":225},"27":{"loc":{"start":{"line":228,"column":16},"end":{"line":234,"column":17}},"type":"if","locations":[{"start":{"line":228,"column":16},"end":{"line":234,"column":17}},{"start":{"line":231,"column":23},"end":{"line":234,"column":17}}],"line":228},"28":{"loc":{"start":{"line":237,"column":14},"end":{"line":239,"column":15}},"type":"if","locations":[{"start":{"line":237,"column":14},"end":{"line":239,"column":15}},{"start":{},"end":{}}],"line":237},"29":{"loc":{"start":{"line":240,"column":14},"end":{"line":246,"column":13}},"type":"if","locations":[{"start":{"line":240,"column":14},"end":{"line":246,"column":13}},{"start":{"line":243,"column":19},"end":{"line":246,"column":13}}],"line":240},"30":{"loc":{"start":{"line":249,"column":16},"end":{"line":255,"column":17}},"type":"if","locations":[{"start":{"line":249,"column":16},"end":{"line":255,"column":17}},{"start":{"line":252,"column":23},"end":{"line":255,"column":17}}],"line":249},"31":{"loc":{"start":{"line":249,"column":20},"end":{"line":249,"column":69}},"type":"binary-expr","locations":[{"start":{"line":249,"column":20},"end":{"line":249,"column":42}},{"start":{"line":249,"column":46},"end":{"line":249,"column":69}}],"line":249},"32":{"loc":{"start":{"line":260,"column":4},"end":{"line":408,"column":1}},"type":"if","locations":[{"start":{"line":260,"column":4},"end":{"line":408,"column":1}},{"start":{"line":404,"column":6},"end":{"line":408,"column":1}}],"line":260},"33":{"loc":{"start":{"line":263,"column":13},"end":{"line":401,"column":13}},"type":"cond-expr","locations":[{"start":{"line":264,"column":16},"end":{"line":325,"column":23}},{"start":{"line":327,"column":14},"end":{"line":395,"column":15}}],"line":263},"34":{"loc":{"start":{"line":303,"column":21},"end":{"line":316,"column":33}},"type":"binary-expr","locations":[{"start":{"line":303,"column":21},"end":{"line":303,"column":26}},{"start":{"line":304,"column":34},"end":{"line":315,"column":41}}],"line":303}},"s":{"0":0,"1":0,"2":0,"3":0,"4":0,"5":0,"6":0,"7":0,"8":0,"9":0,"10":0,"11":0,"12":0,"13":0,"14":0,"15":0,"16":0,"17":0,"18":0,"19":0,"20":0,"21":0,"22":0,"23":0,"24":0,"25":0,"26":0,"27":0,"28":0,"29":0,"30":0,"31":0,"32":0,"33":0,"34":0,"35":0,"36":0,"37":0,"38":0,"39":0,"40":0,"41":0,"42":0,"43":0,"44":0,"45":0,"46":0,"47":0,"48":0,"49":0,"50":0,"51":0,"52":0,"53":0,"54":0,"55":0,"56":0,"57":0,"58":0,"59":0,"60":0,"61":0,"62":0,"63":0,"64":0,"65":0,"66":0,"67":0,"68":0,"69":0,"70":0,"71":0,"72":0,"73":0,"74":0,"75":0,"76":0,"77":0,"78":0,"79":0,"80":0,"81":0,"82":0,"83":0,"84":0,"85":0,"86":0,"87":0,"88":0,"89":0,"90":0,"91":0,"92":0,"93":0,"94":0,"95":0,"96":0,"97":0,"98":0,"99":0,"100":0,"101":0,"102":0,"103":0,"104":0,"105":0,"106":0,"107":0,"108":0,"109":0,"110":0,"111":0,"112":0,"113":0,"114":0,"115":0,"116":0,"117":0,"118":0,"119":0,"120":0,"121":0,"122":0,"123":0,"124":0,"125":0,"126":0,"127":0,"128":0,"129":0,"130":0,"131":0,"132":0,"133":0,"134":0,"135":0,"136":0,"137":0,"138":0,"139":0,"140":0,"141":0,"142":0,"143":0,"144":0,"145":0,"146":0},"f":{"0":0,"1":0,"2":0,"3":0,"4":0,"5":0,"6":0,"7":0,"8":0,"9":0,"10":0,"11":0,"12":0,"13":0,"14":0,"15":0,"16":0,"17":0,"18":0,"19":0,"20":0,"21":0,"22":0},"b":{"0":[0,0],"1":[0,0],"2":[0,0],"3":[0,0],"4":[0,0],"5":[0,0],"6":[0,0],"7":[0,0],"8":[0,0],"9":[0,0],"10":[0,0],"11":[0,0],"12":[0,0],"13":[0,0],"14":[0,0],"15":[0,0],"16":[0,0],"17":[0,0],"18":[0,0],"19":[0,0],"20":[0,0],"21":[0,0],"22":[0,0],"23":[0,0],"24":[0,0],"25":[0,0],"26":[0,0],"27":[0,0],"28":[0,0],"29":[0,0],"30":[0,0],"31":[0,0],"32":[0,0],"33":[0,0],"34":[0,0]}}
,"C:\\Users\\zainf\\OneDrive\\Documents\\Final Year Project\\mystorymylife\\screens\\MoodCalendar\\Styles.js": {"path":"C:\\Users\\zainf\\OneDrive\\Documents\\Final Year Project\\mystorymylife\\screens\\MoodCalendar\\Styles.js","statementMap":{"0":{"start":{"line":4,"column":22},"end":{"line":301,"column":2}}},"fnMap":{},"branchMap":{"0":{"loc":{"start":{"line":7,"column":17},"end":{"line":7,"column":51}},"type":"cond-expr","locations":[{"start":{"line":7,"column":41},"end":{"line":7,"column":43}},{"start":{"line":7,"column":47},"end":{"line":7,"column":51}}],"line":7},"1":{"loc":{"start":{"line":12,"column":14},"end":{"line":12,"column":46}},"type":"cond-expr","locations":[{"start":{"line":12,"column":38},"end":{"line":12,"column":40}},{"start":{"line":12,"column":44},"end":{"line":12,"column":46}}],"line":12},"2":{"loc":{"start":{"line":14,"column":16},"end":{"line":14,"column":51}},"type":"cond-expr","locations":[{"start":{"line":14,"column":40},"end":{"line":14,"column":44}},{"start":{"line":14,"column":48},"end":{"line":14,"column":51}}],"line":14},"3":{"loc":{"start":{"line":45,"column":19},"end":{"line":45,"column":48}},"type":"cond-expr","locations":[{"start":{"line":45,"column":43},"end":{"line":45,"column":44}},{"start":{"line":45,"column":47},"end":{"line":45,"column":48}}],"line":45},"4":{"loc":{"start":{"line":55,"column":16},"end":{"line":55,"column":49}},"type":"cond-expr","locations":[{"start":{"line":55,"column":40},"end":{"line":55,"column":42}},{"start":{"line":55,"column":45},"end":{"line":55,"column":49}}],"line":55},"5":{"loc":{"start":{"line":58,"column":15},"end":{"line":58,"column":48}},"type":"cond-expr","locations":[{"start":{"line":58,"column":39},"end":{"line":58,"column":42}},{"start":{"line":58,"column":45},"end":{"line":58,"column":48}}],"line":58},"6":{"loc":{"start":{"line":62,"column":16},"end":{"line":62,"column":47}},"type":"cond-expr","locations":[{"start":{"line":62,"column":40},"end":{"line":62,"column":42}},{"start":{"line":62,"column":45},"end":{"line":62,"column":47}}],"line":62}},"s":{"0":0},"f":{},"b":{"0":[0,0],"1":[0,0],"2":[0,0],"3":[0,0],"4":[0,0],"5":[0,0],"6":[0,0]}}
,"C:\\Users\\zainf\\OneDrive\\Documents\\Final Year Project\\mystorymylife\\screens\\Settings\\Settings.js": {"path":"C:\\Users\\zainf\\OneDrive\\Documents\\Final Year Project\\mystorymylife\\screens\\Settings\\Settings.js","statementMap":{"0":{"start":{"line":12,"column":19},"end":{"line":12,"column":31}},"1":{"start":{"line":15,"column":17},"end":{"line":15,"column":33}},"2":{"start":{"line":18,"column":23},"end":{"line":18,"column":42}},"3":{"start":{"line":21,"column":30},"end":{"line":21,"column":44}},"4":{"start":{"line":22,"column":38},"end":{"line":22,"column":53}},"5":{"start":{"line":23,"column":42},"end":{"line":23,"column":53}},"6":{"start":{"line":27,"column":21},"end":{"line":40,"column":5}},"7":{"start":{"line":28,"column":6},"end":{"line":39,"column":13}},"8":{"start":{"line":45,"column":32},"end":{"line":61,"column":7}},"9":{"start":{"line":46,"column":28},"end":{"line":46,"column":77}},"10":{"start":{"line":47,"column":8},"end":{"line":60,"column":9}},"11":{"start":{"line":48,"column":23},"end":{"line":54,"column":12}},"12":{"start":{"line":55,"column":10},"end":{"line":55,"column":30}},"13":{"start":{"line":57,"column":10},"end":{"line":59,"column":11}},"14":{"start":{"line":58,"column":12},"end":{"line":58,"column":44}},"15":{"start":{"line":64,"column":37},"end":{"line":77,"column":7}},"16":{"start":{"line":65,"column":21},"end":{"line":71,"column":10}},"17":{"start":{"line":72,"column":8},"end":{"line":72,"column":28}},"18":{"start":{"line":74,"column":8},"end":{"line":76,"column":9}},"19":{"start":{"line":75,"column":10},"end":{"line":75,"column":42}},"20":{"start":{"line":80,"column":26},"end":{"line":135,"column":7}},"21":{"start":{"line":81,"column":21},"end":{"line":93,"column":10}},"22":{"start":{"line":82,"column":22},"end":{"line":82,"column":42}},"23":{"start":{"line":83,"column":10},"end":{"line":85,"column":12}},"24":{"start":{"line":84,"column":12},"end":{"line":84,"column":34}},"25":{"start":{"line":86,"column":10},"end":{"line":89,"column":12}},"26":{"start":{"line":87,"column":12},"end":{"line":87,"column":27}},"27":{"start":{"line":88,"column":12},"end":{"line":88,"column":60}},"28":{"start":{"line":90,"column":10},"end":{"line":90,"column":36}},"29":{"start":{"line":91,"column":10},"end":{"line":91,"column":39}},"30":{"start":{"line":92,"column":10},"end":{"line":92,"column":25}},"31":{"start":{"line":94,"column":8},"end":{"line":96,"column":9}},"32":{"start":{"line":95,"column":10},"end":{"line":95,"column":22}},"33":{"start":{"line":97,"column":26},"end":{"line":97,"column":31}},"34":{"start":{"line":98,"column":23},"end":{"line":98,"column":74}},"35":{"start":{"line":101,"column":26},"end":{"line":101,"column":51}},"36":{"start":{"line":102,"column":21},"end":{"line":102,"column":63}},"37":{"start":{"line":103,"column":8},"end":{"line":103,"column":55}},"38":{"start":{"line":105,"column":31},"end":{"line":105,"column":39}},"39":{"start":{"line":107,"column":8},"end":{"line":107,"column":27}},"40":{"start":{"line":108,"column":8},"end":{"line":108,"column":26}},"41":{"start":{"line":110,"column":27},"end":{"line":110,"column":86}},"42":{"start":{"line":111,"column":21},"end":{"line":111,"column":41}},"43":{"start":{"line":114,"column":8},"end":{"line":118,"column":11}},"44":{"start":{"line":115,"column":10},"end":{"line":115,"column":104}},"45":{"start":{"line":117,"column":10},"end":{"line":117,"column":100}},"46":{"start":{"line":120,"column":8},"end":{"line":134,"column":9}},"47":{"start":{"line":121,"column":10},"end":{"line":121,"column":21}},"48":{"start":{"line":123,"column":10},"end":{"line":125,"column":11}},"49":{"start":{"line":128,"column":10},"end":{"line":128,"column":30}},"50":{"start":{"line":129,"column":10},"end":{"line":129,"column":25}},"51":{"start":{"line":130,"column":10},"end":{"line":130,"column":60}},"52":{"start":{"line":132,"column":10},"end":{"line":132,"column":25}},"53":{"start":{"line":133,"column":10},"end":{"line":133,"column":22}},"54":{"start":{"line":137,"column":4},"end":{"line":186,"column":6}}},"fnMap":{"0":{"name":"Settings","decl":{"start":{"line":9,"column":24},"end":{"line":9,"column":32}},"loc":{"start":{"line":9,"column":40},"end":{"line":187,"column":1}},"line":9},"1":{"name":"(anonymous_1)","decl":{"start":{"line":27,"column":21},"end":{"line":27,"column":22}},"loc":{"start":{"line":27,"column":27},"end":{"line":40,"column":5}},"line":27},"2":{"name":"(anonymous_2)","decl":{"start":{"line":37,"column":39},"end":{"line":37,"column":40}},"loc":{"start":{"line":37,"column":45},"end":{"line":37,"column":48}},"line":37},"3":{"name":"(anonymous_3)","decl":{"start":{"line":45,"column":32},"end":{"line":45,"column":33}},"loc":{"start":{"line":45,"column":44},"end":{"line":61,"column":7}},"line":45},"4":{"name":"(anonymous_4)","decl":{"start":{"line":64,"column":37},"end":{"line":64,"column":38}},"loc":{"start":{"line":64,"column":49},"end":{"line":77,"column":7}},"line":64},"5":{"name":"(anonymous_5)","decl":{"start":{"line":80,"column":26},"end":{"line":80,"column":27}},"loc":{"start":{"line":80,"column":38},"end":{"line":135,"column":7}},"line":80},"6":{"name":"(anonymous_6)","decl":{"start":{"line":81,"column":39},"end":{"line":81,"column":40}},"loc":{"start":{"line":81,"column":60},"end":{"line":93,"column":9}},"line":81},"7":{"name":"(anonymous_7)","decl":{"start":{"line":83,"column":23},"end":{"line":83,"column":24}},"loc":{"start":{"line":83,"column":35},"end":{"line":85,"column":11}},"line":83},"8":{"name":"(anonymous_8)","decl":{"start":{"line":86,"column":24},"end":{"line":86,"column":25}},"loc":{"start":{"line":86,"column":37},"end":{"line":89,"column":11}},"line":86},"9":{"name":"(anonymous_9)","decl":{"start":{"line":114,"column":33},"end":{"line":114,"column":34}},"loc":{"start":{"line":114,"column":51},"end":{"line":118,"column":9}},"line":114}},"branchMap":{"0":{"loc":{"start":{"line":47,"column":8},"end":{"line":60,"column":9}},"type":"if","locations":[{"start":{"line":47,"column":8},"end":{"line":60,"column":9}},{"start":{},"end":{}}],"line":47},"1":{"loc":{"start":{"line":57,"column":10},"end":{"line":59,"column":11}},"type":"if","locations":[{"start":{"line":57,"column":10},"end":{"line":59,"column":11}},{"start":{},"end":{}}],"line":57},"2":{"loc":{"start":{"line":74,"column":8},"end":{"line":76,"column":9}},"type":"if","locations":[{"start":{"line":74,"column":8},"end":{"line":76,"column":9}},{"start":{},"end":{}}],"line":74},"3":{"loc":{"start":{"line":94,"column":8},"end":{"line":96,"column":9}},"type":"if","locations":[{"start":{"line":94,"column":8},"end":{"line":96,"column":9}},{"start":{},"end":{}}],"line":94},"4":{"loc":{"start":{"line":147,"column":21},"end":{"line":149,"column":28}},"type":"cond-expr","locations":[{"start":{"line":148,"column":24},"end":{"line":148,"column":83}},{"start":{"line":149,"column":24},"end":{"line":149,"column":28}}],"line":147},"5":{"loc":{"start":{"line":157,"column":21},"end":{"line":167,"column":21}},"type":"cond-expr","locations":[{"start":{"line":158,"column":24},"end":{"line":160,"column":31}},{"start":{"line":162,"column":24},"end":{"line":166,"column":32}}],"line":157}},"s":{"0":0,"1":0,"2":0,"3":0,"4":0,"5":0,"6":0,"7":0,"8":0,"9":0,"10":0,"11":0,"12":0,"13":0,"14":0,"15":0,"16":0,"17":0,"18":0,"19":0,"20":0,"21":0,"22":0,"23":0,"24":0,"25":0,"26":0,"27":0,"28":0,"29":0,"30":0,"31":0,"32":0,"33":0,"34":0,"35":0,"36":0,"37":0,"38":0,"39":0,"40":0,"41":0,"42":0,"43":0,"44":0,"45":0,"46":0,"47":0,"48":0,"49":0,"50":0,"51":0,"52":0,"53":0,"54":0},"f":{"0":0,"1":0,"2":0,"3":0,"4":0,"5":0,"6":0,"7":0,"8":0,"9":0},"b":{"0":[0,0],"1":[0,0],"2":[0,0],"3":[0,0],"4":[0,0],"5":[0,0]}}
,"C:\\Users\\zainf\\OneDrive\\Documents\\Final Year Project\\mystorymylife\\screens\\Settings\\Styles.js": {"path":"C:\\Users\\zainf\\OneDrive\\Documents\\Final Year Project\\mystorymylife\\screens\\Settings\\Styles.js","statementMap":{"0":{"start":{"line":3,"column":15},"end":{"line":3,"column":46}},"1":{"start":{"line":5,"column":22},"end":{"line":72,"column":2}}},"fnMap":{},"branchMap":{},"s":{"0":0,"1":0},"f":{},"b":{}}
,"C:\\Users\\zainf\\OneDrive\\Documents\\Final Year Project\\mystorymylife\\utils\\Loading.js": {"path":"C:\\Users\\zainf\\OneDrive\\Documents\\Final Year Project\\mystorymylife\\utils\\Loading.js","statementMap":{"0":{"start":{"line":7,"column":20},"end":{"line":7,"column":33}},"1":{"start":{"line":8,"column":4},"end":{"line":15,"column":6}}},"fnMap":{"0":{"name":"Loading","decl":{"start":{"line":6,"column":24},"end":{"line":6,"column":31}},"loc":{"start":{"line":6,"column":39},"end":{"line":16,"column":1}},"line":6}},"branchMap":{},"s":{"0":1,"1":1},"f":{"0":1},"b":{},"_coverageSchema":"1a1c01bbd47fc00a2c39e90264f33305004495a9","hash":"80343ebfb2e61b332b46b21a221d9c6aaaf3b985"}
,"C:\\Users\\zainf\\OneDrive\\Documents\\Final Year Project\\mystorymylife\\utils\\RootNavigation.js": {"path":"C:\\Users\\zainf\\OneDrive\\Documents\\Final Year Project\\mystorymylife\\utils\\RootNavigation.js","statementMap":{"0":{"start":{"line":5,"column":29},"end":{"line":5,"column":59}},"1":{"start":{"line":8,"column":2},"end":{"line":10,"column":3}},"2":{"start":{"line":9,"column":4},"end":{"line":9,"column":41}}},"fnMap":{"0":{"name":"navigate","decl":{"start":{"line":7,"column":16},"end":{"line":7,"column":24}},"loc":{"start":{"line":7,"column":39},"end":{"line":11,"column":1}},"line":7}},"branchMap":{"0":{"loc":{"start":{"line":8,"column":2},"end":{"line":10,"column":3}},"type":"if","locations":[{"start":{"line":8,"column":2},"end":{"line":10,"column":3}},{"start":{},"end":{}}],"line":8}},"s":{"0":0,"1":0,"2":0},"f":{"0":0},"b":{"0":[0,0]}}
,"C:\\Users\\zainf\\OneDrive\\Documents\\Final Year Project\\mystorymylife\\utils\\colors.js": {"path":"C:\\Users\\zainf\\OneDrive\\Documents\\Final Year Project\\mystorymylife\\utils\\colors.js","statementMap":{"0":{"start":{"line":1,"column":22},"end":{"line":9,"column":1}}},"fnMap":{},"branchMap":{},"s":{"0":0},"f":{},"b":{}}
}
