{"C:\\Users\\zainf\\OneDrive\\Documents\\Final Year Project\\mystorymylife\\App.js": {"path":"C:\\Users\\zainf\\OneDrive\\Documents\\Final Year Project\\mystorymylife\\App.js","statementMap":{"0":{"start":{"line":10,"column":14},"end":{"line":10,"column":36}},"1":{"start":{"line":15,"column":28},"end":{"line":15,"column":42}},"2":{"start":{"line":19,"column":4},"end":{"line":35,"column":11}},"3":{"start":{"line":20,"column":25},"end":{"line":20,"column":47}},"4":{"start":{"line":21,"column":8},"end":{"line":34,"column":11}},"5":{"start":{"line":22,"column":12},"end":{"line":33,"column":13}},"6":{"start":{"line":23,"column":16},"end":{"line":32,"column":23}},"7":{"start":{"line":27,"column":41},"end":{"line":27,"column":56}},"8":{"start":{"line":28,"column":24},"end":{"line":28,"column":42}},"9":{"start":{"line":31,"column":24},"end":{"line":31,"column":45}},"10":{"start":{"line":39,"column":19},"end":{"line":49,"column":5}},"11":{"start":{"line":40,"column":8},"end":{"line":48,"column":11}},"12":{"start":{"line":41,"column":12},"end":{"line":41,"column":26}},"13":{"start":{"line":42,"column":12},"end":{"line":42,"column":46}},"14":{"start":{"line":43,"column":12},"end":{"line":45,"column":14}},"15":{"start":{"line":54,"column":4},"end":{"line":73,"column":6}},"16":{"start":{"line":60,"column":34},"end":{"line":60,"column":94}}},"fnMap":{"0":{"name":"App","decl":{"start":{"line":12,"column":24},"end":{"line":12,"column":27}},"loc":{"start":{"line":12,"column":30},"end":{"line":74,"column":1}},"line":12},"1":{"name":"(anonymous_1)","decl":{"start":{"line":19,"column":14},"end":{"line":19,"column":15}},"loc":{"start":{"line":19,"column":20},"end":{"line":35,"column":5}},"line":19},"2":{"name":"(anonymous_2)","decl":{"start":{"line":21,"column":32},"end":{"line":21,"column":33}},"loc":{"start":{"line":21,"column":40},"end":{"line":34,"column":9}},"line":21},"3":{"name":"(anonymous_3)","decl":{"start":{"line":26,"column":26},"end":{"line":26,"column":27}},"loc":{"start":{"line":26,"column":40},"end":{"line":29,"column":21}},"line":26},"4":{"name":"(anonymous_4)","decl":{"start":{"line":30,"column":27},"end":{"line":30,"column":28}},"loc":{"start":{"line":30,"column":38},"end":{"line":32,"column":21}},"line":30},"5":{"name":"(anonymous_5)","decl":{"start":{"line":39,"column":19},"end":{"line":39,"column":20}},"loc":{"start":{"line":39,"column":25},"end":{"line":49,"column":5}},"line":39},"6":{"name":"(anonymous_6)","decl":{"start":{"line":40,"column":28},"end":{"line":40,"column":29}},"loc":{"start":{"line":40,"column":34},"end":{"line":46,"column":9}},"line":40},"7":{"name":"(anonymous_7)","decl":{"start":{"line":46,"column":17},"end":{"line":46,"column":18}},"loc":{"start":{"line":46,"column":23},"end":{"line":48,"column":9}},"line":46},"8":{"name":"(anonymous_8)","decl":{"start":{"line":60,"column":25},"end":{"line":60,"column":26}},"loc":{"start":{"line":60,"column":34},"end":{"line":60,"column":94}},"line":60}},"branchMap":{"0":{"loc":{"start":{"line":22,"column":12},"end":{"line":33,"column":13}},"type":"if","locations":[{"start":{"line":22,"column":12},"end":{"line":33,"column":13}},{"start":{},"end":{}}],"line":22},"1":{"loc":{"start":{"line":57,"column":17},"end":{"line":70,"column":17}},"type":"cond-expr","locations":[{"start":{"line":58,"column":8},"end":{"line":63,"column":15}},{"start":{"line":65,"column":20},"end":{"line":69,"column":23}}],"line":57}},"s":{"0":1,"1":1,"2":1,"3":1,"4":1,"5":0,"6":0,"7":0,"8":0,"9":0,"10":1,"11":0,"12":0,"13":0,"14":0,"15":1,"16":0},"f":{"0":1,"1":1,"2":0,"3":0,"4":0,"5":0,"6":0,"7":0,"8":0},"b":{"0":[0,0],"1":[0,1]},"_coverageSchema":"1a1c01bbd47fc00a2c39e90264f33305004495a9","hash":"816cf3e76a13f3e893192fe9a5887258ad4a28f3"}
,"C:\\Users\\zainf\\OneDrive\\Documents\\Final Year Project\\mystorymylife\\TabNavigator.js": {"path":"C:\\Users\\zainf\\OneDrive\\Documents\\Final Year Project\\mystorymylife\\TabNavigator.js","statementMap":{"0":{"start":{"line":15,"column":12},"end":{"line":15,"column":38}},"1":{"start":{"line":20,"column":21},"end":{"line":20,"column":36}},"2":{"start":{"line":23,"column":19},"end":{"line":23,"column":31}},"3":{"start":{"line":25,"column":4},"end":{"line":116,"column":6}},"4":{"start":{"line":44,"column":24},"end":{"line":44,"column":114}},"5":{"start":{"line":48,"column":28},"end":{"line":48,"column":116}},"6":{"start":{"line":52,"column":26},"end":{"line":52,"column":82}},"7":{"start":{"line":61,"column":24},"end":{"line":61,"column":118}},"8":{"start":{"line":65,"column":24},"end":{"line":65,"column":125}},"9":{"start":{"line":68,"column":26},"end":{"line":68,"column":70}},"10":{"start":{"line":78,"column":24},"end":{"line":80,"column":31}},"11":{"start":{"line":82,"column":26},"end":{"line":82,"column":74}},"12":{"start":{"line":93,"column":24},"end":{"line":93,"column":118}},"13":{"start":{"line":96,"column":24},"end":{"line":96,"column":129}},"14":{"start":{"line":98,"column":26},"end":{"line":98,"column":74}},"15":{"start":{"line":107,"column":24},"end":{"line":107,"column":118}},"16":{"start":{"line":110,"column":24},"end":{"line":110,"column":114}},"17":{"start":{"line":112,"column":26},"end":{"line":112,"column":70}},"18":{"start":{"line":119,"column":15},"end":{"line":133,"column":2}}},"fnMap":{"0":{"name":"BottomTabNavigator","decl":{"start":{"line":17,"column":24},"end":{"line":17,"column":42}},"loc":{"start":{"line":17,"column":50},"end":{"line":117,"column":1}},"line":17},"1":{"name":"(anonymous_1)","decl":{"start":{"line":42,"column":33},"end":{"line":42,"column":34}},"loc":{"start":{"line":42,"column":50},"end":{"line":45,"column":23}},"line":42},"2":{"name":"(anonymous_2)","decl":{"start":{"line":46,"column":32},"end":{"line":46,"column":33}},"loc":{"start":{"line":48,"column":28},"end":{"line":48,"column":116}},"line":48},"3":{"name":"(anonymous_3)","decl":{"start":{"line":52,"column":17},"end":{"line":52,"column":18}},"loc":{"start":{"line":52,"column":26},"end":{"line":52,"column":82}},"line":52},"4":{"name":"(anonymous_4)","decl":{"start":{"line":59,"column":33},"end":{"line":59,"column":34}},"loc":{"start":{"line":59,"column":50},"end":{"line":62,"column":23}},"line":59},"5":{"name":"(anonymous_5)","decl":{"start":{"line":64,"column":32},"end":{"line":64,"column":33}},"loc":{"start":{"line":65,"column":24},"end":{"line":65,"column":125}},"line":65},"6":{"name":"(anonymous_6)","decl":{"start":{"line":68,"column":17},"end":{"line":68,"column":18}},"loc":{"start":{"line":68,"column":26},"end":{"line":68,"column":70}},"line":68},"7":{"name":"(anonymous_7)","decl":{"start":{"line":77,"column":32},"end":{"line":77,"column":33}},"loc":{"start":{"line":78,"column":24},"end":{"line":80,"column":31}},"line":78},"8":{"name":"(anonymous_8)","decl":{"start":{"line":82,"column":17},"end":{"line":82,"column":18}},"loc":{"start":{"line":82,"column":26},"end":{"line":82,"column":74}},"line":82},"9":{"name":"(anonymous_9)","decl":{"start":{"line":91,"column":33},"end":{"line":91,"column":34}},"loc":{"start":{"line":91,"column":50},"end":{"line":94,"column":23}},"line":91},"10":{"name":"(anonymous_10)","decl":{"start":{"line":95,"column":32},"end":{"line":95,"column":33}},"loc":{"start":{"line":96,"column":24},"end":{"line":96,"column":129}},"line":96},"11":{"name":"(anonymous_11)","decl":{"start":{"line":98,"column":17},"end":{"line":98,"column":18}},"loc":{"start":{"line":98,"column":26},"end":{"line":98,"column":74}},"line":98},"12":{"name":"(anonymous_12)","decl":{"start":{"line":105,"column":33},"end":{"line":105,"column":34}},"loc":{"start":{"line":105,"column":50},"end":{"line":108,"column":23}},"line":105},"13":{"name":"(anonymous_13)","decl":{"start":{"line":109,"column":32},"end":{"line":109,"column":33}},"loc":{"start":{"line":110,"column":24},"end":{"line":110,"column":114}},"line":110},"14":{"name":"(anonymous_14)","decl":{"start":{"line":112,"column":17},"end":{"line":112,"column":18}},"loc":{"start":{"line":112,"column":26},"end":{"line":112,"column":70}},"line":112}},"branchMap":{"0":{"loc":{"start":{"line":44,"column":39},"end":{"line":44,"column":114}},"type":"cond-expr","locations":[{"start":{"line":44,"column":49},"end":{"line":44,"column":107}},{"start":{"line":44,"column":110},"end":{"line":44,"column":114}}],"line":44},"1":{"loc":{"start":{"line":48,"column":71},"end":{"line":48,"column":102}},"type":"cond-expr","locations":[{"start":{"line":48,"column":81},"end":{"line":48,"column":90}},{"start":{"line":48,"column":93},"end":{"line":48,"column":102}}],"line":48},"2":{"loc":{"start":{"line":61,"column":39},"end":{"line":61,"column":118}},"type":"cond-expr","locations":[{"start":{"line":61,"column":49},"end":{"line":61,"column":111}},{"start":{"line":61,"column":114},"end":{"line":61,"column":118}}],"line":61},"3":{"loc":{"start":{"line":65,"column":79},"end":{"line":65,"column":110}},"type":"cond-expr","locations":[{"start":{"line":65,"column":89},"end":{"line":65,"column":98}},{"start":{"line":65,"column":101},"end":{"line":65,"column":110}}],"line":65},"4":{"loc":{"start":{"line":93,"column":39},"end":{"line":93,"column":118}},"type":"cond-expr","locations":[{"start":{"line":93,"column":49},"end":{"line":93,"column":111}},{"start":{"line":93,"column":114},"end":{"line":93,"column":118}}],"line":93},"5":{"loc":{"start":{"line":96,"column":83},"end":{"line":96,"column":114}},"type":"cond-expr","locations":[{"start":{"line":96,"column":93},"end":{"line":96,"column":102}},{"start":{"line":96,"column":105},"end":{"line":96,"column":114}}],"line":96},"6":{"loc":{"start":{"line":107,"column":39},"end":{"line":107,"column":118}},"type":"cond-expr","locations":[{"start":{"line":107,"column":49},"end":{"line":107,"column":111}},{"start":{"line":107,"column":114},"end":{"line":107,"column":118}}],"line":107},"7":{"loc":{"start":{"line":110,"column":68},"end":{"line":110,"column":99}},"type":"cond-expr","locations":[{"start":{"line":110,"column":78},"end":{"line":110,"column":87}},{"start":{"line":110,"column":90},"end":{"line":110,"column":99}}],"line":110}},"s":{"0":1,"1":0,"2":0,"3":0,"4":0,"5":0,"6":0,"7":0,"8":0,"9":0,"10":0,"11":0,"12":0,"13":0,"14":0,"15":0,"16":0,"17":0,"18":1},"f":{"0":0,"1":0,"2":0,"3":0,"4":0,"5":0,"6":0,"7":0,"8":0,"9":0,"10":0,"11":0,"12":0,"13":0,"14":0},"b":{"0":[0,0],"1":[0,0],"2":[0,0],"3":[0,0],"4":[0,0],"5":[0,0],"6":[0,0],"7":[0,0]},"_coverageSchema":"1a1c01bbd47fc00a2c39e90264f33305004495a9","hash":"b5a261bf9a84aa2495130a234936b47cf415dd41"}
,"C:\\Users\\zainf\\OneDrive\\Documents\\Final Year Project\\mystorymylife\\jest.resolver.js": {"path":"C:\\Users\\zainf\\OneDrive\\Documents\\Final Year Project\\mystorymylife\\jest.resolver.js","statementMap":{"0":{"start":{"line":2,"column":0},"end":{"line":34,"column":4}},"1":{"start":{"line":4,"column":4},"end":{"line":33,"column":7}},"2":{"start":{"line":8,"column":33},"end":{"line":23,"column":10}},"3":{"start":{"line":25,"column":8},"end":{"line":29,"column":9}},"4":{"start":{"line":27,"column":10},"end":{"line":27,"column":32}},"5":{"start":{"line":28,"column":10},"end":{"line":28,"column":31}},"6":{"start":{"line":31,"column":8},"end":{"line":31,"column":19}}},"fnMap":{"0":{"name":"(anonymous_0)","decl":{"start":{"line":2,"column":17},"end":{"line":2,"column":18}},"loc":{"start":{"line":2,"column":36},"end":{"line":34,"column":3}},"line":2},"1":{"name":"(anonymous_1)","decl":{"start":{"line":7,"column":21},"end":{"line":7,"column":22}},"loc":{"start":{"line":7,"column":30},"end":{"line":32,"column":7}},"line":7}},"branchMap":{"0":{"loc":{"start":{"line":25,"column":8},"end":{"line":29,"column":9}},"type":"if","locations":[{"start":{"line":25,"column":8},"end":{"line":29,"column":9}},{"start":{},"end":{}}],"line":25}},"s":{"0":0,"1":0,"2":0,"3":0,"4":0,"5":0,"6":0},"f":{"0":0,"1":0},"b":{"0":[0,0]}}
,"C:\\Users\\zainf\\OneDrive\\Documents\\Final Year Project\\mystorymylife\\Notifications\\DailyReminder.js": {"path":"C:\\Users\\zainf\\OneDrive\\Documents\\Final Year Project\\mystorymylife\\Notifications\\DailyReminder.js","statementMap":{"0":{"start":{"line":13,"column":0},"end":{"line":19,"column":5}},"1":{"start":{"line":14,"column":37},"end":{"line":18,"column":5}},"2":{"start":{"line":21,"column":26},"end":{"line":99,"column":1}},"3":{"start":{"line":22,"column":46},"end":{"line":22,"column":58}},"4":{"start":{"line":23,"column":44},"end":{"line":23,"column":59}},"5":{"start":{"line":24,"column":33},"end":{"line":24,"column":41}},"6":{"start":{"line":25,"column":29},"end":{"line":25,"column":37}},"7":{"start":{"line":27,"column":44},"end":{"line":27,"column":58}},"8":{"start":{"line":28,"column":50},"end":{"line":28,"column":64}},"9":{"start":{"line":30,"column":38},"end":{"line":30,"column":53}},"10":{"start":{"line":33,"column":40},"end":{"line":33,"column":52}},"11":{"start":{"line":34,"column":46},"end":{"line":34,"column":58}},"12":{"start":{"line":36,"column":40},"end":{"line":36,"column":60}},"13":{"start":{"line":39,"column":6},"end":{"line":76,"column":10}},"14":{"start":{"line":40,"column":18},"end":{"line":40,"column":105}},"15":{"start":{"line":42,"column":8},"end":{"line":42,"column":35}},"16":{"start":{"line":44,"column":28},"end":{"line":75,"column":10}},"17":{"start":{"line":45,"column":10},"end":{"line":73,"column":11}},"18":{"start":{"line":46,"column":12},"end":{"line":70,"column":15}},"19":{"start":{"line":48,"column":34},"end":{"line":48,"column":44}},"20":{"start":{"line":51,"column":14},"end":{"line":51,"column":46}},"21":{"start":{"line":52,"column":14},"end":{"line":52,"column":52}},"22":{"start":{"line":55,"column":32},"end":{"line":55,"column":58}},"23":{"start":{"line":56,"column":35},"end":{"line":56,"column":64}},"24":{"start":{"line":58,"column":14},"end":{"line":58,"column":41}},"25":{"start":{"line":59,"column":14},"end":{"line":59,"column":47}},"26":{"start":{"line":60,"column":14},"end":{"line":60,"column":50}},"27":{"start":{"line":62,"column":14},"end":{"line":65,"column":16}},"28":{"start":{"line":63,"column":35},"end":{"line":63,"column":117}},"29":{"start":{"line":64,"column":16},"end":{"line":64,"column":69}},"30":{"start":{"line":66,"column":15},"end":{"line":68,"column":16}},"31":{"start":{"line":67,"column":16},"end":{"line":67,"column":68}},"32":{"start":{"line":74,"column":8},"end":{"line":74,"column":27}},"33":{"start":{"line":78,"column":4},"end":{"line":95,"column":13}},"34":{"start":{"line":79,"column":8},"end":{"line":79,"column":83}},"35":{"start":{"line":79,"column":58},"end":{"line":79,"column":81}},"36":{"start":{"line":82,"column":8},"end":{"line":84,"column":11}},"37":{"start":{"line":83,"column":10},"end":{"line":83,"column":40}},"38":{"start":{"line":87,"column":8},"end":{"line":89,"column":11}},"39":{"start":{"line":88,"column":10},"end":{"line":88,"column":32}},"40":{"start":{"line":91,"column":8},"end":{"line":94,"column":10}},"41":{"start":{"line":92,"column":10},"end":{"line":92,"column":85}},"42":{"start":{"line":93,"column":10},"end":{"line":93,"column":81}},"43":{"start":{"line":105,"column":4},"end":{"line":120,"column":5}},"44":{"start":{"line":106,"column":41},"end":{"line":106,"column":82}},"45":{"start":{"line":107,"column":24},"end":{"line":107,"column":38}},"46":{"start":{"line":108,"column":6},"end":{"line":111,"column":7}},"47":{"start":{"line":109,"column":27},"end":{"line":109,"column":72}},"48":{"start":{"line":110,"column":8},"end":{"line":110,"column":29}},"49":{"start":{"line":112,"column":6},"end":{"line":115,"column":7}},"50":{"start":{"line":113,"column":8},"end":{"line":113,"column":65}},"51":{"start":{"line":114,"column":8},"end":{"line":114,"column":15}},"52":{"start":{"line":116,"column":6},"end":{"line":116,"column":65}},"53":{"start":{"line":117,"column":6},"end":{"line":117,"column":25}},"54":{"start":{"line":119,"column":6},"end":{"line":119,"column":63}},"55":{"start":{"line":122,"column":4},"end":{"line":129,"column":5}},"56":{"start":{"line":123,"column":6},"end":{"line":128,"column":9}},"57":{"start":{"line":131,"column":4},"end":{"line":131,"column":17}},"58":{"start":{"line":136,"column":15},"end":{"line":147,"column":6}},"59":{"start":{"line":148,"column":4},"end":{"line":148,"column":44}},"60":{"start":{"line":149,"column":4},"end":{"line":149,"column":35}},"61":{"start":{"line":150,"column":4},"end":{"line":150,"column":39}},"62":{"start":{"line":151,"column":4},"end":{"line":151,"column":14}}},"fnMap":{"0":{"name":"(anonymous_0)","decl":{"start":{"line":14,"column":24},"end":{"line":14,"column":25}},"loc":{"start":{"line":14,"column":37},"end":{"line":18,"column":5}},"line":14},"1":{"name":"(anonymous_1)","decl":{"start":{"line":21,"column":26},"end":{"line":21,"column":27}},"loc":{"start":{"line":21,"column":32},"end":{"line":99,"column":1}},"line":21},"2":{"name":"(anonymous_2)","decl":{"start":{"line":39,"column":16},"end":{"line":39,"column":17}},"loc":{"start":{"line":39,"column":22},"end":{"line":76,"column":5}},"line":39},"3":{"name":"(anonymous_3)","decl":{"start":{"line":44,"column":42},"end":{"line":44,"column":43}},"loc":{"start":{"line":44,"column":61},"end":{"line":75,"column":9}},"line":44},"4":{"name":"(anonymous_4)","decl":{"start":{"line":45,"column":32},"end":{"line":45,"column":33}},"loc":{"start":{"line":45,"column":41},"end":{"line":73,"column":9}},"line":45},"5":{"name":"(anonymous_5)","decl":{"start":{"line":46,"column":47},"end":{"line":46,"column":48}},"loc":{"start":{"line":46,"column":57},"end":{"line":70,"column":13}},"line":46},"6":{"name":"(anonymous_6)","decl":{"start":{"line":78,"column":14},"end":{"line":78,"column":15}},"loc":{"start":{"line":78,"column":20},"end":{"line":95,"column":7}},"line":78},"7":{"name":"(anonymous_7)","decl":{"start":{"line":79,"column":49},"end":{"line":79,"column":50}},"loc":{"start":{"line":79,"column":58},"end":{"line":79,"column":81}},"line":79},"8":{"name":"(anonymous_8)","decl":{"start":{"line":82,"column":85},"end":{"line":82,"column":86}},"loc":{"start":{"line":82,"column":101},"end":{"line":84,"column":9}},"line":82},"9":{"name":"(anonymous_9)","decl":{"start":{"line":87,"column":89},"end":{"line":87,"column":90}},"loc":{"start":{"line":87,"column":101},"end":{"line":89,"column":9}},"line":87},"10":{"name":"(anonymous_10)","decl":{"start":{"line":91,"column":15},"end":{"line":91,"column":16}},"loc":{"start":{"line":91,"column":21},"end":{"line":94,"column":9}},"line":91},"11":{"name":"registerForPushNotificationsAsync","decl":{"start":{"line":103,"column":15},"end":{"line":103,"column":48}},"loc":{"start":{"line":103,"column":51},"end":{"line":132,"column":3}},"line":103},"12":{"name":"schedulePushNotification","decl":{"start":{"line":135,"column":17},"end":{"line":135,"column":41}},"loc":{"start":{"line":135,"column":85},"end":{"line":152,"column":3}},"line":135}},"branchMap":{"0":{"loc":{"start":{"line":62,"column":14},"end":{"line":65,"column":16}},"type":"if","locations":[{"start":{"line":62,"column":14},"end":{"line":65,"column":16}},{"start":{},"end":{}}],"line":62},"1":{"loc":{"start":{"line":66,"column":15},"end":{"line":68,"column":16}},"type":"if","locations":[{"start":{"line":66,"column":15},"end":{"line":68,"column":16}},{"start":{},"end":{}}],"line":66},"2":{"loc":{"start":{"line":105,"column":4},"end":{"line":120,"column":5}},"type":"if","locations":[{"start":{"line":105,"column":4},"end":{"line":120,"column":5}},{"start":{"line":118,"column":11},"end":{"line":120,"column":5}}],"line":105},"3":{"loc":{"start":{"line":108,"column":6},"end":{"line":111,"column":7}},"type":"if","locations":[{"start":{"line":108,"column":6},"end":{"line":111,"column":7}},{"start":{},"end":{}}],"line":108},"4":{"loc":{"start":{"line":112,"column":6},"end":{"line":115,"column":7}},"type":"if","locations":[{"start":{"line":112,"column":6},"end":{"line":115,"column":7}},{"start":{},"end":{}}],"line":112},"5":{"loc":{"start":{"line":122,"column":4},"end":{"line":129,"column":5}},"type":"if","locations":[{"start":{"line":122,"column":4},"end":{"line":129,"column":5}},{"start":{},"end":{}}],"line":122}},"s":{"0":0,"1":0,"2":0,"3":0,"4":0,"5":0,"6":0,"7":0,"8":0,"9":0,"10":0,"11":0,"12":0,"13":0,"14":0,"15":0,"16":0,"17":0,"18":0,"19":0,"20":0,"21":0,"22":0,"23":0,"24":0,"25":0,"26":0,"27":0,"28":0,"29":0,"30":0,"31":0,"32":0,"33":0,"34":0,"35":0,"36":0,"37":0,"38":0,"39":0,"40":0,"41":0,"42":0,"43":0,"44":0,"45":0,"46":0,"47":0,"48":0,"49":0,"50":0,"51":0,"52":0,"53":0,"54":0,"55":0,"56":0,"57":0,"58":0,"59":0,"60":0,"61":0,"62":0},"f":{"0":0,"1":0,"2":0,"3":0,"4":0,"5":0,"6":0,"7":0,"8":0,"9":0,"10":0,"11":0,"12":0},"b":{"0":[0,0],"1":[0,0],"2":[0,0],"3":[0,0],"4":[0,0],"5":[0,0]}}
,"C:\\Users\\zainf\\OneDrive\\Documents\\Final Year Project\\mystorymylife\\firebase\\firebase.js": {"path":"C:\\Users\\zainf\\OneDrive\\Documents\\Final Year Project\\mystorymylife\\firebase\\firebase.js","statementMap":{"0":{"start":{"line":11,"column":23},"end":{"line":18,"column":1}},"1":{"start":{"line":21,"column":20},"end":{"line":21,"column":58}},"2":{"start":{"line":24,"column":11},"end":{"line":24,"column":34}},"3":{"start":{"line":25,"column":13},"end":{"line":25,"column":22}},"4":{"start":{"line":26,"column":11},"end":{"line":26,"column":29}},"5":{"start":{"line":27,"column":18},"end":{"line":27,"column":65}},"6":{"start":{"line":28,"column":14},"end":{"line":28,"column":42}},"7":{"start":{"line":29,"column":21},"end":{"line":29,"column":61}},"8":{"start":{"line":30,"column":18},"end":{"line":30,"column":38}}},"fnMap":{},"branchMap":{},"s":{"0":9,"1":9,"2":9,"3":9,"4":9,"5":9,"6":9,"7":9,"8":9},"f":{},"b":{},"_coverageSchema":"1a1c01bbd47fc00a2c39e90264f33305004495a9","hash":"5742da2ab905d5fbe7a89285ebd87b2d015a245e"}
,"C:\\Users\\zainf\\OneDrive\\Documents\\Final Year Project\\mystorymylife\\screens\\Contacts\\Contacts.js": {"path":"C:\\Users\\zainf\\OneDrive\\Documents\\Final Year Project\\mystorymylife\\screens\\Contacts\\Contacts.js","statementMap":{"0":{"start":{"line":9,"column":42},"end":{"line":9,"column":57}},"1":{"start":{"line":10,"column":40},"end":{"line":10,"column":52}},"2":{"start":{"line":11,"column":34},"end":{"line":11,"column":53}},"3":{"start":{"line":12,"column":28},"end":{"line":12,"column":47}},"4":{"start":{"line":13,"column":30},"end":{"line":13,"column":49}},"5":{"start":{"line":15,"column":42},"end":{"line":15,"column":57}},"6":{"start":{"line":17,"column":24},"end":{"line":17,"column":49}},"7":{"start":{"line":18,"column":19},"end":{"line":18,"column":37}},"8":{"start":{"line":19,"column":17},"end":{"line":19,"column":33}},"9":{"start":{"line":21,"column":22},"end":{"line":23,"column":3}},"10":{"start":{"line":22,"column":6},"end":{"line":22,"column":28}},"11":{"start":{"line":25,"column":4},"end":{"line":31,"column":11}},"12":{"start":{"line":27,"column":36},"end":{"line":27,"column":73}},"13":{"start":{"line":28,"column":12},"end":{"line":28,"column":44}},"14":{"start":{"line":30,"column":8},"end":{"line":30,"column":28}},"15":{"start":{"line":33,"column":21},"end":{"line":53,"column":5}},"16":{"start":{"line":35,"column":6},"end":{"line":44,"column":7}},"17":{"start":{"line":36,"column":8},"end":{"line":40,"column":11}},"18":{"start":{"line":43,"column":8},"end":{"line":43,"column":48}},"19":{"start":{"line":49,"column":6},"end":{"line":49,"column":28}},"20":{"start":{"line":50,"column":6},"end":{"line":50,"column":25}},"21":{"start":{"line":51,"column":6},"end":{"line":51,"column":24}},"22":{"start":{"line":58,"column":21},"end":{"line":63,"column":1}},"23":{"start":{"line":60,"column":21},"end":{"line":60,"column":172}},"24":{"start":{"line":62,"column":2},"end":{"line":62,"column":30}},"25":{"start":{"line":65,"column":24},"end":{"line":76,"column":5}},"26":{"start":{"line":66,"column":26},"end":{"line":66,"column":41}},"27":{"start":{"line":67,"column":6},"end":{"line":70,"column":6}},"28":{"start":{"line":68,"column":8},"end":{"line":68,"column":47}},"29":{"start":{"line":69,"column":8},"end":{"line":69,"column":15}},"30":{"start":{"line":72,"column":6},"end":{"line":72,"column":32}},"31":{"start":{"line":74,"column":6},"end":{"line":74,"column":35}},"32":{"start":{"line":75,"column":6},"end":{"line":75,"column":26}},"33":{"start":{"line":78,"column":27},"end":{"line":86,"column":5}},"34":{"start":{"line":79,"column":6},"end":{"line":81,"column":7}},"35":{"start":{"line":80,"column":8},"end":{"line":80,"column":48}},"36":{"start":{"line":83,"column":6},"end":{"line":85,"column":8}},"37":{"start":{"line":84,"column":8},"end":{"line":84,"column":52}},"38":{"start":{"line":87,"column":4},"end":{"line":121,"column":3}},"39":{"start":{"line":88,"column":4},"end":{"line":116,"column":6}},"40":{"start":{"line":109,"column":60},"end":{"line":109,"column":80}},"41":{"start":{"line":118,"column":4},"end":{"line":120,"column":6}},"42":{"start":{"line":125,"column":15},"end":{"line":214,"column":2}}},"fnMap":{"0":{"name":"Contacts","decl":{"start":{"line":8,"column":24},"end":{"line":8,"column":32}},"loc":{"start":{"line":8,"column":40},"end":{"line":123,"column":1}},"line":8},"1":{"name":"(anonymous_1)","decl":{"start":{"line":21,"column":22},"end":{"line":21,"column":23}},"loc":{"start":{"line":21,"column":28},"end":{"line":23,"column":3}},"line":21},"2":{"name":"(anonymous_2)","decl":{"start":{"line":25,"column":14},"end":{"line":25,"column":15}},"loc":{"start":{"line":25,"column":19},"end":{"line":31,"column":5}},"line":25},"3":{"name":"checkAvailability","decl":{"start":{"line":26,"column":23},"end":{"line":26,"column":40}},"loc":{"start":{"line":26,"column":42},"end":{"line":29,"column":9}},"line":26},"4":{"name":"(anonymous_4)","decl":{"start":{"line":33,"column":21},"end":{"line":33,"column":22}},"loc":{"start":{"line":33,"column":26},"end":{"line":53,"column":5}},"line":33},"5":{"name":"(anonymous_5)","decl":{"start":{"line":58,"column":21},"end":{"line":58,"column":22}},"loc":{"start":{"line":58,"column":30},"end":{"line":63,"column":1}},"line":58},"6":{"name":"(anonymous_6)","decl":{"start":{"line":65,"column":24},"end":{"line":65,"column":25}},"loc":{"start":{"line":65,"column":29},"end":{"line":76,"column":5}},"line":65},"7":{"name":"(anonymous_7)","decl":{"start":{"line":78,"column":27},"end":{"line":78,"column":28}},"loc":{"start":{"line":78,"column":32},"end":{"line":86,"column":5}},"line":78},"8":{"name":"(anonymous_8)","decl":{"start":{"line":83,"column":28},"end":{"line":83,"column":29}},"loc":{"start":{"line":83,"column":48},"end":{"line":85,"column":7}},"line":83},"9":{"name":"(anonymous_9)","decl":{"start":{"line":109,"column":54},"end":{"line":109,"column":55}},"loc":{"start":{"line":109,"column":60},"end":{"line":109,"column":80}},"line":109}},"branchMap":{"0":{"loc":{"start":{"line":35,"column":6},"end":{"line":44,"column":7}},"type":"if","locations":[{"start":{"line":35,"column":6},"end":{"line":44,"column":7}},{"start":{"line":42,"column":13},"end":{"line":44,"column":7}}],"line":35},"1":{"loc":{"start":{"line":67,"column":6},"end":{"line":70,"column":6}},"type":"if","locations":[{"start":{"line":67,"column":6},"end":{"line":70,"column":6}},{"start":{},"end":{}}],"line":67},"2":{"loc":{"start":{"line":79,"column":6},"end":{"line":81,"column":7}},"type":"if","locations":[{"start":{"line":79,"column":6},"end":{"line":81,"column":7}},{"start":{},"end":{}}],"line":79},"3":{"loc":{"start":{"line":87,"column":4},"end":{"line":121,"column":3}},"type":"if","locations":[{"start":{"line":87,"column":4},"end":{"line":121,"column":3}},{"start":{"line":117,"column":8},"end":{"line":121,"column":3}}],"line":87},"4":{"loc":{"start":{"line":106,"column":14},"end":{"line":106,"column":109}},"type":"cond-expr","locations":[{"start":{"line":106,"column":28},"end":{"line":106,"column":74}},{"start":{"line":106,"column":77},"end":{"line":106,"column":109}}],"line":106},"5":{"loc":{"start":{"line":128,"column":13},"end":{"line":128,"column":41}},"type":"cond-expr","locations":[{"start":{"line":128,"column":36},"end":{"line":128,"column":38}},{"start":{"line":128,"column":40},"end":{"line":128,"column":41}}],"line":128},"6":{"loc":{"start":{"line":131,"column":18},"end":{"line":131,"column":49}},"type":"cond-expr","locations":[{"start":{"line":131,"column":41},"end":{"line":131,"column":45}},{"start":{"line":131,"column":47},"end":{"line":131,"column":49}}],"line":131},"7":{"loc":{"start":{"line":174,"column":16},"end":{"line":174,"column":44}},"type":"cond-expr","locations":[{"start":{"line":174,"column":39},"end":{"line":174,"column":41}},{"start":{"line":174,"column":43},"end":{"line":174,"column":44}}],"line":174}},"s":{"0":1,"1":1,"2":1,"3":1,"4":1,"5":1,"6":1,"7":1,"8":1,"9":1,"10":0,"11":1,"12":1,"13":1,"14":1,"15":1,"16":0,"17":0,"18":0,"19":0,"20":0,"21":0,"22":1,"23":0,"24":0,"25":1,"26":0,"27":0,"28":0,"29":0,"30":0,"31":0,"32":0,"33":1,"34":1,"35":1,"36":0,"37":0,"38":1,"39":1,"40":0,"41":0,"42":2},"f":{"0":1,"1":0,"2":1,"3":1,"4":0,"5":0,"6":0,"7":1,"8":0,"9":0},"b":{"0":[0,0],"1":[0,0],"2":[1,0],"3":[1,0],"4":[0,1],"5":[2,0],"6":[2,0],"7":[2,0]},"_coverageSchema":"1a1c01bbd47fc00a2c39e90264f33305004495a9","hash":"cffc86a47a435501969065e12b529c00bb6f93e9"}
,"C:\\Users\\zainf\\OneDrive\\Documents\\Final Year Project\\mystorymylife\\screens\\Help\\Help.js": {"path":"C:\\Users\\zainf\\OneDrive\\Documents\\Final Year Project\\mystorymylife\\screens\\Help\\Help.js","statementMap":{"0":{"start":{"line":13,"column":27},"end":{"line":13,"column":42}},"1":{"start":{"line":15,"column":4},"end":{"line":64,"column":5}},"2":{"start":{"line":30,"column":65},"end":{"line":30,"column":182}},"3":{"start":{"line":34,"column":64},"end":{"line":34,"column":152}},"4":{"start":{"line":41,"column":65},"end":{"line":41,"column":112}},"5":{"start":{"line":45,"column":64},"end":{"line":45,"column":116}},"6":{"start":{"line":53,"column":65},"end":{"line":53,"column":106}},"7":{"start":{"line":57,"column":64},"end":{"line":57,"column":107}}},"fnMap":{"0":{"name":"Help","decl":{"start":{"line":11,"column":24},"end":{"line":11,"column":28}},"loc":{"start":{"line":11,"column":35},"end":{"line":66,"column":1}},"line":11},"1":{"name":"(anonymous_1)","decl":{"start":{"line":30,"column":59},"end":{"line":30,"column":60}},"loc":{"start":{"line":30,"column":65},"end":{"line":30,"column":182}},"line":30},"2":{"name":"(anonymous_2)","decl":{"start":{"line":34,"column":58},"end":{"line":34,"column":59}},"loc":{"start":{"line":34,"column":64},"end":{"line":34,"column":152}},"line":34},"3":{"name":"(anonymous_3)","decl":{"start":{"line":41,"column":59},"end":{"line":41,"column":60}},"loc":{"start":{"line":41,"column":65},"end":{"line":41,"column":112}},"line":41},"4":{"name":"(anonymous_4)","decl":{"start":{"line":45,"column":58},"end":{"line":45,"column":59}},"loc":{"start":{"line":45,"column":64},"end":{"line":45,"column":116}},"line":45},"5":{"name":"(anonymous_5)","decl":{"start":{"line":53,"column":59},"end":{"line":53,"column":60}},"loc":{"start":{"line":53,"column":65},"end":{"line":53,"column":106}},"line":53},"6":{"name":"(anonymous_6)","decl":{"start":{"line":57,"column":58},"end":{"line":57,"column":59}},"loc":{"start":{"line":57,"column":64},"end":{"line":57,"column":107}},"line":57}},"branchMap":{},"s":{"0":0,"1":0,"2":0,"3":0,"4":0,"5":0,"6":0,"7":0},"f":{"0":0,"1":0,"2":0,"3":0,"4":0,"5":0,"6":0},"b":{},"_coverageSchema":"1a1c01bbd47fc00a2c39e90264f33305004495a9","hash":"56630e6a3d0965c87b8546ad14e38de1d195f2dd"}
,"C:\\Users\\zainf\\OneDrive\\Documents\\Final Year Project\\mystorymylife\\screens\\Help\\styles.js": {"path":"C:\\Users\\zainf\\OneDrive\\Documents\\Final Year Project\\mystorymylife\\screens\\Help\\styles.js","statementMap":{"0":{"start":{"line":4,"column":22},"end":{"line":268,"column":2}}},"fnMap":{},"branchMap":{"0":{"loc":{"start":{"line":16,"column":17},"end":{"line":16,"column":49}},"type":"cond-expr","locations":[{"start":{"line":16,"column":40},"end":{"line":16,"column":43}},{"start":{"line":16,"column":46},"end":{"line":16,"column":49}}],"line":16},"1":{"loc":{"start":{"line":20,"column":16},"end":{"line":20,"column":46}},"type":"cond-expr","locations":[{"start":{"line":20,"column":39},"end":{"line":20,"column":41}},{"start":{"line":20,"column":44},"end":{"line":20,"column":46}}],"line":20},"2":{"loc":{"start":{"line":23,"column":19},"end":{"line":23,"column":51}},"type":"cond-expr","locations":[{"start":{"line":23,"column":42},"end":{"line":23,"column":45}},{"start":{"line":23,"column":48},"end":{"line":23,"column":51}}],"line":23},"3":{"loc":{"start":{"line":27,"column":16},"end":{"line":27,"column":46}},"type":"cond-expr","locations":[{"start":{"line":27,"column":39},"end":{"line":27,"column":41}},{"start":{"line":27,"column":44},"end":{"line":27,"column":46}}],"line":27},"4":{"loc":{"start":{"line":29,"column":18},"end":{"line":29,"column":50}},"type":"cond-expr","locations":[{"start":{"line":29,"column":41},"end":{"line":29,"column":44}},{"start":{"line":29,"column":47},"end":{"line":29,"column":50}}],"line":29},"5":{"loc":{"start":{"line":35,"column":18},"end":{"line":35,"column":50}},"type":"cond-expr","locations":[{"start":{"line":35,"column":41},"end":{"line":35,"column":44}},{"start":{"line":35,"column":47},"end":{"line":35,"column":50}}],"line":35},"6":{"loc":{"start":{"line":38,"column":15},"end":{"line":38,"column":46}},"type":"cond-expr","locations":[{"start":{"line":38,"column":38},"end":{"line":38,"column":41}},{"start":{"line":38,"column":44},"end":{"line":38,"column":46}}],"line":38},"7":{"loc":{"start":{"line":40,"column":16},"end":{"line":40,"column":46}},"type":"cond-expr","locations":[{"start":{"line":40,"column":39},"end":{"line":40,"column":41}},{"start":{"line":40,"column":44},"end":{"line":40,"column":46}}],"line":40},"8":{"loc":{"start":{"line":41,"column":18},"end":{"line":41,"column":50}},"type":"cond-expr","locations":[{"start":{"line":41,"column":41},"end":{"line":41,"column":44}},{"start":{"line":41,"column":47},"end":{"line":41,"column":50}}],"line":41},"9":{"loc":{"start":{"line":100,"column":16},"end":{"line":100,"column":52}},"type":"cond-expr","locations":[{"start":{"line":100,"column":39},"end":{"line":100,"column":44}},{"start":{"line":100,"column":47},"end":{"line":100,"column":52}}],"line":100},"10":{"loc":{"start":{"line":146,"column":17},"end":{"line":146,"column":45}},"type":"cond-expr","locations":[{"start":{"line":146,"column":40},"end":{"line":146,"column":42}},{"start":{"line":146,"column":44},"end":{"line":146,"column":45}}],"line":146},"11":{"loc":{"start":{"line":149,"column":22},"end":{"line":149,"column":53}},"type":"cond-expr","locations":[{"start":{"line":149,"column":45},"end":{"line":149,"column":49}},{"start":{"line":149,"column":51},"end":{"line":149,"column":53}}],"line":149},"12":{"loc":{"start":{"line":201,"column":20},"end":{"line":201,"column":54}},"type":"cond-expr","locations":[{"start":{"line":201,"column":48},"end":{"line":201,"column":49}},{"start":{"line":201,"column":52},"end":{"line":201,"column":54}}],"line":201}},"s":{"0":2},"f":{},"b":{"0":[2,0],"1":[2,0],"2":[2,0],"3":[2,0],"4":[2,0],"5":[2,0],"6":[2,0],"7":[2,0],"8":[2,0],"9":[2,0],"10":[2,0],"11":[2,0],"12":[0,2]},"_coverageSchema":"1a1c01bbd47fc00a2c39e90264f33305004495a9","hash":"8da944e374f9b4cfea0c73a621b9d523e9203a45"}
,"C:\\Users\\zainf\\OneDrive\\Documents\\Final Year Project\\mystorymylife\\screens\\Home\\Home.js": {"path":"C:\\Users\\zainf\\OneDrive\\Documents\\Final Year Project\\mystorymylife\\screens\\Home\\Home.js","statementMap":{"0":{"start":{"line":13,"column":19},"end":{"line":13,"column":31}},"1":{"start":{"line":16,"column":21},"end":{"line":16,"column":41}},"2":{"start":{"line":17,"column":19},"end":{"line":17,"column":37}},"3":{"start":{"line":18,"column":17},"end":{"line":18,"column":33}},"4":{"start":{"line":22,"column":48},"end":{"line":22,"column":59}},"5":{"start":{"line":23,"column":42},"end":{"line":23,"column":58}},"6":{"start":{"line":24,"column":46},"end":{"line":24,"column":60}},"7":{"start":{"line":26,"column":36},"end":{"line":26,"column":51}},"8":{"start":{"line":27,"column":34},"end":{"line":27,"column":48}},"9":{"start":{"line":29,"column":28},"end":{"line":29,"column":40}},"10":{"start":{"line":30,"column":34},"end":{"line":30,"column":46}},"11":{"start":{"line":31,"column":32},"end":{"line":31,"column":44}},"12":{"start":{"line":32,"column":26},"end":{"line":32,"column":38}},"13":{"start":{"line":33,"column":32},"end":{"line":33,"column":44}},"14":{"start":{"line":34,"column":40},"end":{"line":34,"column":55}},"15":{"start":{"line":35,"column":40},"end":{"line":35,"column":55}},"16":{"start":{"line":36,"column":50},"end":{"line":36,"column":65}},"17":{"start":{"line":37,"column":38},"end":{"line":37,"column":53}},"18":{"start":{"line":38,"column":38},"end":{"line":38,"column":53}},"19":{"start":{"line":39,"column":38},"end":{"line":39,"column":53}},"20":{"start":{"line":40,"column":38},"end":{"line":40,"column":53}},"21":{"start":{"line":41,"column":38},"end":{"line":41,"column":53}},"22":{"start":{"line":44,"column":27},"end":{"line":44,"column":38}},"23":{"start":{"line":45,"column":36},"end":{"line":45,"column":50}},"24":{"start":{"line":49,"column":18},"end":{"line":49,"column":42}},"25":{"start":{"line":50,"column":18},"end":{"line":50,"column":42}},"26":{"start":{"line":51,"column":18},"end":{"line":51,"column":42}},"27":{"start":{"line":52,"column":18},"end":{"line":52,"column":42}},"28":{"start":{"line":53,"column":18},"end":{"line":53,"column":42}},"29":{"start":{"line":54,"column":18},"end":{"line":54,"column":42}},"30":{"start":{"line":59,"column":25},"end":{"line":59,"column":51}},"31":{"start":{"line":60,"column":24},"end":{"line":60,"column":49}},"32":{"start":{"line":61,"column":27},"end":{"line":61,"column":55}},"33":{"start":{"line":62,"column":26},"end":{"line":62,"column":90}},"34":{"start":{"line":65,"column":17},"end":{"line":65,"column":27}},"35":{"start":{"line":66,"column":23},"end":{"line":66,"column":55}},"36":{"start":{"line":69,"column":20},"end":{"line":138,"column":5}},"37":{"start":{"line":71,"column":8},"end":{"line":136,"column":11}},"38":{"start":{"line":72,"column":12},"end":{"line":135,"column":13}},"39":{"start":{"line":73,"column":35},"end":{"line":73,"column":56}},"40":{"start":{"line":74,"column":31},"end":{"line":74,"column":56}},"41":{"start":{"line":75,"column":33},"end":{"line":75,"column":55}},"42":{"start":{"line":77,"column":16},"end":{"line":77,"column":34}},"43":{"start":{"line":80,"column":16},"end":{"line":118,"column":17}},"44":{"start":{"line":81,"column":20},"end":{"line":81,"column":38}},"45":{"start":{"line":82,"column":20},"end":{"line":82,"column":46}},"46":{"start":{"line":83,"column":20},"end":{"line":83,"column":38}},"47":{"start":{"line":85,"column":43},"end":{"line":85,"column":87}},"48":{"start":{"line":87,"column":46},"end":{"line":87,"column":124}},"49":{"start":{"line":89,"column":20},"end":{"line":117,"column":21}},"50":{"start":{"line":90,"column":24},"end":{"line":102,"column":31}},"51":{"start":{"line":99,"column":32},"end":{"line":99,"column":54}},"52":{"start":{"line":100,"column":32},"end":{"line":100,"column":62}},"53":{"start":{"line":101,"column":32},"end":{"line":101,"column":50}},"54":{"start":{"line":104,"column":24},"end":{"line":116,"column":31}},"55":{"start":{"line":113,"column":32},"end":{"line":113,"column":54}},"56":{"start":{"line":114,"column":32},"end":{"line":114,"column":53}},"57":{"start":{"line":115,"column":32},"end":{"line":115,"column":50}},"58":{"start":{"line":120,"column":29},"end":{"line":126,"column":17}},"59":{"start":{"line":127,"column":16},"end":{"line":132,"column":23}},"60":{"start":{"line":131,"column":24},"end":{"line":131,"column":45}},"61":{"start":{"line":133,"column":16},"end":{"line":133,"column":27}},"62":{"start":{"line":134,"column":16},"end":{"line":134,"column":34}},"63":{"start":{"line":142,"column":26},"end":{"line":164,"column":5}},"64":{"start":{"line":144,"column":8},"end":{"line":162,"column":9}},"65":{"start":{"line":145,"column":25},"end":{"line":149,"column":13}},"66":{"start":{"line":150,"column":12},"end":{"line":161,"column":19}},"67":{"start":{"line":153,"column":20},"end":{"line":153,"column":46}},"68":{"start":{"line":154,"column":20},"end":{"line":154,"column":39}},"69":{"start":{"line":160,"column":20},"end":{"line":160,"column":45}},"70":{"start":{"line":168,"column":24},"end":{"line":191,"column":5}},"71":{"start":{"line":170,"column":8},"end":{"line":189,"column":9}},"72":{"start":{"line":171,"column":25},"end":{"line":176,"column":13}},"73":{"start":{"line":177,"column":12},"end":{"line":188,"column":19}},"74":{"start":{"line":180,"column":20},"end":{"line":180,"column":46}},"75":{"start":{"line":181,"column":20},"end":{"line":181,"column":39}},"76":{"start":{"line":187,"column":20},"end":{"line":187,"column":45}},"77":{"start":{"line":195,"column":4},"end":{"line":212,"column":11}},"78":{"start":{"line":196,"column":8},"end":{"line":211,"column":14}},"79":{"start":{"line":200,"column":20},"end":{"line":206,"column":23}},"80":{"start":{"line":201,"column":41},"end":{"line":201,"column":51}},"81":{"start":{"line":202,"column":24},"end":{"line":202,"column":53}},"82":{"start":{"line":203,"column":24},"end":{"line":203,"column":51}},"83":{"start":{"line":209,"column":20},"end":{"line":209,"column":41}},"84":{"start":{"line":216,"column":4},"end":{"line":233,"column":11}},"85":{"start":{"line":217,"column":8},"end":{"line":232,"column":14}},"86":{"start":{"line":221,"column":20},"end":{"line":227,"column":23}},"87":{"start":{"line":222,"column":44},"end":{"line":222,"column":54}},"88":{"start":{"line":223,"column":24},"end":{"line":223,"column":54}},"89":{"start":{"line":224,"column":24},"end":{"line":224,"column":60}},"90":{"start":{"line":225,"column":24},"end":{"line":225,"column":58}},"91":{"start":{"line":230,"column":20},"end":{"line":230,"column":41}},"92":{"start":{"line":240,"column":26},"end":{"line":249,"column":5}},"93":{"start":{"line":242,"column":8},"end":{"line":248,"column":15}},"94":{"start":{"line":245,"column":16},"end":{"line":245,"column":46}},"95":{"start":{"line":247,"column":16},"end":{"line":247,"column":101}},"96":{"start":{"line":252,"column":20},"end":{"line":310,"column":5}},"97":{"start":{"line":254,"column":8},"end":{"line":309,"column":9}},"98":{"start":{"line":255,"column":10},"end":{"line":303,"column":13}},"99":{"start":{"line":256,"column":12},"end":{"line":262,"column":15}},"100":{"start":{"line":258,"column":16},"end":{"line":258,"column":41}},"101":{"start":{"line":261,"column":16},"end":{"line":261,"column":37}},"102":{"start":{"line":263,"column":19},"end":{"line":303,"column":13}},"103":{"start":{"line":264,"column":16},"end":{"line":270,"column":19}},"104":{"start":{"line":266,"column":20},"end":{"line":266,"column":45}},"105":{"start":{"line":269,"column":20},"end":{"line":269,"column":41}},"106":{"start":{"line":271,"column":19},"end":{"line":303,"column":13}},"107":{"start":{"line":272,"column":16},"end":{"line":278,"column":19}},"108":{"start":{"line":274,"column":20},"end":{"line":274,"column":45}},"109":{"start":{"line":277,"column":20},"end":{"line":277,"column":41}},"110":{"start":{"line":279,"column":19},"end":{"line":303,"column":13}},"111":{"start":{"line":280,"column":16},"end":{"line":286,"column":19}},"112":{"start":{"line":282,"column":20},"end":{"line":282,"column":45}},"113":{"start":{"line":285,"column":20},"end":{"line":285,"column":41}},"114":{"start":{"line":287,"column":19},"end":{"line":303,"column":13}},"115":{"start":{"line":288,"column":16},"end":{"line":294,"column":19}},"116":{"start":{"line":290,"column":20},"end":{"line":290,"column":45}},"117":{"start":{"line":293,"column":20},"end":{"line":293,"column":41}},"118":{"start":{"line":295,"column":19},"end":{"line":303,"column":13}},"119":{"start":{"line":296,"column":16},"end":{"line":302,"column":19}},"120":{"start":{"line":298,"column":20},"end":{"line":298,"column":45}},"121":{"start":{"line":301,"column":20},"end":{"line":301,"column":41}},"122":{"start":{"line":308,"column":12},"end":{"line":308,"column":33}},"123":{"start":{"line":313,"column":26},"end":{"line":316,"column":5}},"124":{"start":{"line":314,"column":8},"end":{"line":314,"column":24}},"125":{"start":{"line":315,"column":8},"end":{"line":315,"column":27}},"126":{"start":{"line":319,"column":4},"end":{"line":322,"column":11}},"127":{"start":{"line":320,"column":8},"end":{"line":320,"column":18}},"128":{"start":{"line":321,"column":8},"end":{"line":321,"column":24}},"129":{"start":{"line":324,"column":4},"end":{"line":768,"column":5}},"130":{"start":{"line":325,"column":8},"end":{"line":327,"column":10}},"131":{"start":{"line":329,"column":11},"end":{"line":768,"column":5}},"132":{"start":{"line":330,"column":8},"end":{"line":763,"column":10}},"133":{"start":{"line":336,"column":61},"end":{"line":336,"column":78}},"134":{"start":{"line":342,"column":32},"end":{"line":342,"column":65}},"135":{"start":{"line":343,"column":32},"end":{"line":343,"column":84}},"136":{"start":{"line":343,"column":51},"end":{"line":343,"column":74}},"137":{"start":{"line":351,"column":47},"end":{"line":351,"column":66}},"138":{"start":{"line":362,"column":45},"end":{"line":362,"column":71}},"139":{"start":{"line":368,"column":32},"end":{"line":368,"column":59}},"140":{"start":{"line":395,"column":64},"end":{"line":395,"column":76}},"141":{"start":{"line":407,"column":64},"end":{"line":407,"column":79}},"142":{"start":{"line":427,"column":47},"end":{"line":427,"column":66}},"143":{"start":{"line":437,"column":45},"end":{"line":437,"column":71}},"144":{"start":{"line":443,"column":32},"end":{"line":443,"column":59}},"145":{"start":{"line":460,"column":64},"end":{"line":460,"column":77}},"146":{"start":{"line":471,"column":64},"end":{"line":471,"column":80}},"147":{"start":{"line":483,"column":64},"end":{"line":483,"column":79}},"148":{"start":{"line":501,"column":47},"end":{"line":501,"column":71}},"149":{"start":{"line":511,"column":45},"end":{"line":511,"column":81}},"150":{"start":{"line":517,"column":32},"end":{"line":517,"column":69}},"151":{"start":{"line":530,"column":47},"end":{"line":530,"column":65}},"152":{"start":{"line":540,"column":45},"end":{"line":540,"column":69}},"153":{"start":{"line":546,"column":32},"end":{"line":546,"column":57}},"154":{"start":{"line":574,"column":47},"end":{"line":574,"column":65}},"155":{"start":{"line":584,"column":45},"end":{"line":584,"column":69}},"156":{"start":{"line":590,"column":32},"end":{"line":590,"column":57}},"157":{"start":{"line":618,"column":47},"end":{"line":618,"column":65}},"158":{"start":{"line":628,"column":45},"end":{"line":628,"column":69}},"159":{"start":{"line":634,"column":32},"end":{"line":634,"column":57}},"160":{"start":{"line":664,"column":47},"end":{"line":664,"column":65}},"161":{"start":{"line":674,"column":45},"end":{"line":674,"column":69}},"162":{"start":{"line":680,"column":32},"end":{"line":680,"column":57}},"163":{"start":{"line":708,"column":47},"end":{"line":708,"column":65}},"164":{"start":{"line":718,"column":45},"end":{"line":718,"column":69}},"165":{"start":{"line":724,"column":32},"end":{"line":724,"column":57}},"166":{"start":{"line":765,"column":8},"end":{"line":767,"column":10}}},"fnMap":{"0":{"name":"Home","decl":{"start":{"line":10,"column":24},"end":{"line":10,"column":28}},"loc":{"start":{"line":10,"column":36},"end":{"line":769,"column":1}},"line":10},"1":{"name":"(anonymous_1)","decl":{"start":{"line":69,"column":20},"end":{"line":69,"column":21}},"loc":{"start":{"line":69,"column":32},"end":{"line":138,"column":5}},"line":69},"2":{"name":"(anonymous_2)","decl":{"start":{"line":71,"column":44},"end":{"line":71,"column":45}},"loc":{"start":{"line":71,"column":53},"end":{"line":136,"column":9}},"line":71},"3":{"name":"(anonymous_3)","decl":{"start":{"line":98,"column":34},"end":{"line":98,"column":35}},"loc":{"start":{"line":98,"column":40},"end":{"line":102,"column":29}},"line":98},"4":{"name":"(anonymous_4)","decl":{"start":{"line":112,"column":34},"end":{"line":112,"column":35}},"loc":{"start":{"line":112,"column":40},"end":{"line":116,"column":29}},"line":112},"5":{"name":"(anonymous_5)","decl":{"start":{"line":130,"column":27},"end":{"line":130,"column":28}},"loc":{"start":{"line":130,"column":38},"end":{"line":132,"column":21}},"line":130},"6":{"name":"(anonymous_6)","decl":{"start":{"line":142,"column":26},"end":{"line":142,"column":27}},"loc":{"start":{"line":142,"column":37},"end":{"line":164,"column":5}},"line":142},"7":{"name":"(anonymous_7)","decl":{"start":{"line":152,"column":22},"end":{"line":152,"column":23}},"loc":{"start":{"line":152,"column":28},"end":{"line":158,"column":17}},"line":152},"8":{"name":"(anonymous_8)","decl":{"start":{"line":159,"column":23},"end":{"line":159,"column":24}},"loc":{"start":{"line":159,"column":34},"end":{"line":161,"column":17}},"line":159},"9":{"name":"(anonymous_9)","decl":{"start":{"line":168,"column":24},"end":{"line":168,"column":25}},"loc":{"start":{"line":168,"column":35},"end":{"line":191,"column":5}},"line":168},"10":{"name":"(anonymous_10)","decl":{"start":{"line":179,"column":22},"end":{"line":179,"column":23}},"loc":{"start":{"line":179,"column":28},"end":{"line":185,"column":17}},"line":179},"11":{"name":"(anonymous_11)","decl":{"start":{"line":186,"column":23},"end":{"line":186,"column":24}},"loc":{"start":{"line":186,"column":34},"end":{"line":188,"column":17}},"line":186},"12":{"name":"(anonymous_12)","decl":{"start":{"line":195,"column":14},"end":{"line":195,"column":15}},"loc":{"start":{"line":195,"column":20},"end":{"line":212,"column":5}},"line":195},"13":{"name":"(anonymous_13)","decl":{"start":{"line":199,"column":16},"end":{"line":199,"column":17}},"loc":{"start":{"line":199,"column":33},"end":{"line":207,"column":17}},"line":199},"14":{"name":"(anonymous_14)","decl":{"start":{"line":200,"column":42},"end":{"line":200,"column":43}},"loc":{"start":{"line":200,"column":51},"end":{"line":206,"column":21}},"line":200},"15":{"name":"(anonymous_15)","decl":{"start":{"line":208,"column":16},"end":{"line":208,"column":17}},"loc":{"start":{"line":208,"column":25},"end":{"line":210,"column":17}},"line":208},"16":{"name":"(anonymous_16)","decl":{"start":{"line":216,"column":14},"end":{"line":216,"column":15}},"loc":{"start":{"line":216,"column":20},"end":{"line":233,"column":5}},"line":216},"17":{"name":"(anonymous_17)","decl":{"start":{"line":220,"column":16},"end":{"line":220,"column":17}},"loc":{"start":{"line":220,"column":33},"end":{"line":228,"column":17}},"line":220},"18":{"name":"(anonymous_18)","decl":{"start":{"line":221,"column":42},"end":{"line":221,"column":43}},"loc":{"start":{"line":221,"column":51},"end":{"line":227,"column":21}},"line":221},"19":{"name":"(anonymous_19)","decl":{"start":{"line":229,"column":16},"end":{"line":229,"column":17}},"loc":{"start":{"line":229,"column":25},"end":{"line":231,"column":17}},"line":229},"20":{"name":"(anonymous_20)","decl":{"start":{"line":240,"column":26},"end":{"line":240,"column":27}},"loc":{"start":{"line":240,"column":38},"end":{"line":249,"column":5}},"line":240},"21":{"name":"(anonymous_21)","decl":{"start":{"line":244,"column":18},"end":{"line":244,"column":19}},"loc":{"start":{"line":244,"column":35},"end":{"line":246,"column":13}},"line":244},"22":{"name":"(anonymous_22)","decl":{"start":{"line":246,"column":21},"end":{"line":246,"column":22}},"loc":{"start":{"line":246,"column":27},"end":{"line":248,"column":13}},"line":246},"23":{"name":"(anonymous_23)","decl":{"start":{"line":252,"column":20},"end":{"line":252,"column":21}},"loc":{"start":{"line":252,"column":30},"end":{"line":310,"column":5}},"line":252},"24":{"name":"(anonymous_24)","decl":{"start":{"line":257,"column":18},"end":{"line":257,"column":19}},"loc":{"start":{"line":257,"column":35},"end":{"line":259,"column":13}},"line":257},"25":{"name":"(anonymous_25)","decl":{"start":{"line":260,"column":19},"end":{"line":260,"column":20}},"loc":{"start":{"line":260,"column":30},"end":{"line":262,"column":13}},"line":260},"26":{"name":"(anonymous_26)","decl":{"start":{"line":265,"column":22},"end":{"line":265,"column":23}},"loc":{"start":{"line":265,"column":39},"end":{"line":267,"column":17}},"line":265},"27":{"name":"(anonymous_27)","decl":{"start":{"line":268,"column":23},"end":{"line":268,"column":24}},"loc":{"start":{"line":268,"column":34},"end":{"line":270,"column":17}},"line":268},"28":{"name":"(anonymous_28)","decl":{"start":{"line":273,"column":22},"end":{"line":273,"column":23}},"loc":{"start":{"line":273,"column":39},"end":{"line":275,"column":17}},"line":273},"29":{"name":"(anonymous_29)","decl":{"start":{"line":276,"column":23},"end":{"line":276,"column":24}},"loc":{"start":{"line":276,"column":34},"end":{"line":278,"column":17}},"line":276},"30":{"name":"(anonymous_30)","decl":{"start":{"line":281,"column":22},"end":{"line":281,"column":23}},"loc":{"start":{"line":281,"column":39},"end":{"line":283,"column":17}},"line":281},"31":{"name":"(anonymous_31)","decl":{"start":{"line":284,"column":23},"end":{"line":284,"column":24}},"loc":{"start":{"line":284,"column":34},"end":{"line":286,"column":17}},"line":284},"32":{"name":"(anonymous_32)","decl":{"start":{"line":289,"column":22},"end":{"line":289,"column":23}},"loc":{"start":{"line":289,"column":39},"end":{"line":291,"column":17}},"line":289},"33":{"name":"(anonymous_33)","decl":{"start":{"line":292,"column":23},"end":{"line":292,"column":24}},"loc":{"start":{"line":292,"column":34},"end":{"line":294,"column":17}},"line":292},"34":{"name":"(anonymous_34)","decl":{"start":{"line":297,"column":22},"end":{"line":297,"column":23}},"loc":{"start":{"line":297,"column":39},"end":{"line":299,"column":17}},"line":297},"35":{"name":"(anonymous_35)","decl":{"start":{"line":300,"column":23},"end":{"line":300,"column":24}},"loc":{"start":{"line":300,"column":34},"end":{"line":302,"column":17}},"line":300},"36":{"name":"(anonymous_36)","decl":{"start":{"line":313,"column":26},"end":{"line":313,"column":27}},"loc":{"start":{"line":313,"column":32},"end":{"line":316,"column":5}},"line":313},"37":{"name":"(anonymous_37)","decl":{"start":{"line":319,"column":14},"end":{"line":319,"column":15}},"loc":{"start":{"line":319,"column":20},"end":{"line":322,"column":5}},"line":319},"38":{"name":"(anonymous_38)","decl":{"start":{"line":336,"column":55},"end":{"line":336,"column":56}},"loc":{"start":{"line":336,"column":61},"end":{"line":336,"column":78}},"line":336},"39":{"name":"(anonymous_39)","decl":{"start":{"line":341,"column":84},"end":{"line":341,"column":85}},"loc":{"start":{"line":341,"column":90},"end":{"line":344,"column":29}},"line":341},"40":{"name":"(anonymous_40)","decl":{"start":{"line":343,"column":43},"end":{"line":343,"column":44}},"loc":{"start":{"line":343,"column":49},"end":{"line":343,"column":76}},"line":343},"41":{"name":"(anonymous_41)","decl":{"start":{"line":351,"column":41},"end":{"line":351,"column":42}},"loc":{"start":{"line":351,"column":47},"end":{"line":351,"column":66}},"line":351},"42":{"name":"(anonymous_42)","decl":{"start":{"line":362,"column":40},"end":{"line":362,"column":41}},"loc":{"start":{"line":362,"column":45},"end":{"line":362,"column":71}},"line":362},"43":{"name":"(anonymous_43)","decl":{"start":{"line":367,"column":37},"end":{"line":367,"column":38}},"loc":{"start":{"line":367,"column":41},"end":{"line":369,"column":29}},"line":367},"44":{"name":"(anonymous_44)","decl":{"start":{"line":395,"column":54},"end":{"line":395,"column":55}},"loc":{"start":{"line":395,"column":64},"end":{"line":395,"column":76}},"line":395},"45":{"name":"(anonymous_45)","decl":{"start":{"line":407,"column":54},"end":{"line":407,"column":55}},"loc":{"start":{"line":407,"column":64},"end":{"line":407,"column":79}},"line":407},"46":{"name":"(anonymous_46)","decl":{"start":{"line":427,"column":41},"end":{"line":427,"column":42}},"loc":{"start":{"line":427,"column":47},"end":{"line":427,"column":66}},"line":427},"47":{"name":"(anonymous_47)","decl":{"start":{"line":437,"column":40},"end":{"line":437,"column":41}},"loc":{"start":{"line":437,"column":45},"end":{"line":437,"column":71}},"line":437},"48":{"name":"(anonymous_48)","decl":{"start":{"line":442,"column":37},"end":{"line":442,"column":38}},"loc":{"start":{"line":442,"column":41},"end":{"line":444,"column":29}},"line":442},"49":{"name":"(anonymous_49)","decl":{"start":{"line":460,"column":54},"end":{"line":460,"column":55}},"loc":{"start":{"line":460,"column":64},"end":{"line":460,"column":77}},"line":460},"50":{"name":"(anonymous_50)","decl":{"start":{"line":471,"column":54},"end":{"line":471,"column":55}},"loc":{"start":{"line":471,"column":64},"end":{"line":471,"column":80}},"line":471},"51":{"name":"(anonymous_51)","decl":{"start":{"line":483,"column":54},"end":{"line":483,"column":55}},"loc":{"start":{"line":483,"column":64},"end":{"line":483,"column":79}},"line":483},"52":{"name":"(anonymous_52)","decl":{"start":{"line":501,"column":41},"end":{"line":501,"column":42}},"loc":{"start":{"line":501,"column":47},"end":{"line":501,"column":71}},"line":501},"53":{"name":"(anonymous_53)","decl":{"start":{"line":511,"column":40},"end":{"line":511,"column":41}},"loc":{"start":{"line":511,"column":45},"end":{"line":511,"column":81}},"line":511},"54":{"name":"(anonymous_54)","decl":{"start":{"line":516,"column":37},"end":{"line":516,"column":38}},"loc":{"start":{"line":516,"column":41},"end":{"line":518,"column":29}},"line":516},"55":{"name":"(anonymous_55)","decl":{"start":{"line":530,"column":41},"end":{"line":530,"column":42}},"loc":{"start":{"line":530,"column":47},"end":{"line":530,"column":65}},"line":530},"56":{"name":"(anonymous_56)","decl":{"start":{"line":540,"column":40},"end":{"line":540,"column":41}},"loc":{"start":{"line":540,"column":45},"end":{"line":540,"column":69}},"line":540},"57":{"name":"(anonymous_57)","decl":{"start":{"line":545,"column":37},"end":{"line":545,"column":38}},"loc":{"start":{"line":545,"column":41},"end":{"line":547,"column":29}},"line":545},"58":{"name":"(anonymous_58)","decl":{"start":{"line":574,"column":41},"end":{"line":574,"column":42}},"loc":{"start":{"line":574,"column":47},"end":{"line":574,"column":65}},"line":574},"59":{"name":"(anonymous_59)","decl":{"start":{"line":584,"column":40},"end":{"line":584,"column":41}},"loc":{"start":{"line":584,"column":45},"end":{"line":584,"column":69}},"line":584},"60":{"name":"(anonymous_60)","decl":{"start":{"line":589,"column":37},"end":{"line":589,"column":38}},"loc":{"start":{"line":589,"column":41},"end":{"line":591,"column":29}},"line":589},"61":{"name":"(anonymous_61)","decl":{"start":{"line":618,"column":41},"end":{"line":618,"column":42}},"loc":{"start":{"line":618,"column":47},"end":{"line":618,"column":65}},"line":618},"62":{"name":"(anonymous_62)","decl":{"start":{"line":628,"column":40},"end":{"line":628,"column":41}},"loc":{"start":{"line":628,"column":45},"end":{"line":628,"column":69}},"line":628},"63":{"name":"(anonymous_63)","decl":{"start":{"line":633,"column":37},"end":{"line":633,"column":38}},"loc":{"start":{"line":633,"column":41},"end":{"line":635,"column":29}},"line":633},"64":{"name":"(anonymous_64)","decl":{"start":{"line":664,"column":41},"end":{"line":664,"column":42}},"loc":{"start":{"line":664,"column":47},"end":{"line":664,"column":65}},"line":664},"65":{"name":"(anonymous_65)","decl":{"start":{"line":674,"column":40},"end":{"line":674,"column":41}},"loc":{"start":{"line":674,"column":45},"end":{"line":674,"column":69}},"line":674},"66":{"name":"(anonymous_66)","decl":{"start":{"line":679,"column":37},"end":{"line":679,"column":38}},"loc":{"start":{"line":679,"column":41},"end":{"line":681,"column":29}},"line":679},"67":{"name":"(anonymous_67)","decl":{"start":{"line":708,"column":41},"end":{"line":708,"column":42}},"loc":{"start":{"line":708,"column":47},"end":{"line":708,"column":65}},"line":708},"68":{"name":"(anonymous_68)","decl":{"start":{"line":718,"column":40},"end":{"line":718,"column":41}},"loc":{"start":{"line":718,"column":45},"end":{"line":718,"column":69}},"line":718},"69":{"name":"(anonymous_69)","decl":{"start":{"line":723,"column":37},"end":{"line":723,"column":38}},"loc":{"start":{"line":723,"column":41},"end":{"line":725,"column":29}},"line":723}},"branchMap":{"0":{"loc":{"start":{"line":72,"column":12},"end":{"line":135,"column":13}},"type":"if","locations":[{"start":{"line":72,"column":12},"end":{"line":135,"column":13}},{"start":{"line":119,"column":19},"end":{"line":135,"column":13}}],"line":72},"1":{"loc":{"start":{"line":80,"column":16},"end":{"line":118,"column":17}},"type":"if","locations":[{"start":{"line":80,"column":16},"end":{"line":118,"column":17}},{"start":{"line":84,"column":23},"end":{"line":118,"column":17}}],"line":80},"2":{"loc":{"start":{"line":89,"column":20},"end":{"line":117,"column":21}},"type":"if","locations":[{"start":{"line":89,"column":20},"end":{"line":117,"column":21}},{"start":{"line":103,"column":27},"end":{"line":117,"column":21}}],"line":89},"3":{"loc":{"start":{"line":144,"column":8},"end":{"line":162,"column":9}},"type":"if","locations":[{"start":{"line":144,"column":8},"end":{"line":162,"column":9}},{"start":{},"end":{}}],"line":144},"4":{"loc":{"start":{"line":144,"column":12},"end":{"line":144,"column":64}},"type":"binary-expr","locations":[{"start":{"line":144,"column":13},"end":{"line":144,"column":16}},{"start":{"line":144,"column":20},"end":{"line":144,"column":30}},{"start":{"line":144,"column":35},"end":{"line":144,"column":64}}],"line":144},"5":{"loc":{"start":{"line":144,"column":36},"end":{"line":144,"column":59}},"type":"binary-expr","locations":[{"start":{"line":144,"column":36},"end":{"line":144,"column":42}},{"start":{"line":144,"column":46},"end":{"line":144,"column":59}}],"line":144},"6":{"loc":{"start":{"line":170,"column":8},"end":{"line":189,"column":9}},"type":"if","locations":[{"start":{"line":170,"column":8},"end":{"line":189,"column":9}},{"start":{},"end":{}}],"line":170},"7":{"loc":{"start":{"line":170,"column":12},"end":{"line":170,"column":97}},"type":"binary-expr","locations":[{"start":{"line":170,"column":13},"end":{"line":170,"column":17}},{"start":{"line":170,"column":21},"end":{"line":170,"column":32}},{"start":{"line":170,"column":38},"end":{"line":170,"column":45}},{"start":{"line":170,"column":49},"end":{"line":170,"column":63}},{"start":{"line":170,"column":68},"end":{"line":170,"column":97}}],"line":170},"8":{"loc":{"start":{"line":170,"column":69},"end":{"line":170,"column":92}},"type":"binary-expr","locations":[{"start":{"line":170,"column":69},"end":{"line":170,"column":75}},{"start":{"line":170,"column":79},"end":{"line":170,"column":92}}],"line":170},"9":{"loc":{"start":{"line":255,"column":10},"end":{"line":303,"column":13}},"type":"if","locations":[{"start":{"line":255,"column":10},"end":{"line":303,"column":13}},{"start":{"line":263,"column":19},"end":{"line":303,"column":13}}],"line":255},"10":{"loc":{"start":{"line":263,"column":19},"end":{"line":303,"column":13}},"type":"if","locations":[{"start":{"line":263,"column":19},"end":{"line":303,"column":13}},{"start":{"line":271,"column":19},"end":{"line":303,"column":13}}],"line":263},"11":{"loc":{"start":{"line":271,"column":19},"end":{"line":303,"column":13}},"type":"if","locations":[{"start":{"line":271,"column":19},"end":{"line":303,"column":13}},{"start":{"line":279,"column":19},"end":{"line":303,"column":13}}],"line":271},"12":{"loc":{"start":{"line":279,"column":19},"end":{"line":303,"column":13}},"type":"if","locations":[{"start":{"line":279,"column":19},"end":{"line":303,"column":13}},{"start":{"line":287,"column":19},"end":{"line":303,"column":13}}],"line":279},"13":{"loc":{"start":{"line":287,"column":19},"end":{"line":303,"column":13}},"type":"if","locations":[{"start":{"line":287,"column":19},"end":{"line":303,"column":13}},{"start":{"line":295,"column":19},"end":{"line":303,"column":13}}],"line":287},"14":{"loc":{"start":{"line":295,"column":19},"end":{"line":303,"column":13}},"type":"if","locations":[{"start":{"line":295,"column":19},"end":{"line":303,"column":13}},{"start":{},"end":{}}],"line":295},"15":{"loc":{"start":{"line":324,"column":4},"end":{"line":768,"column":5}},"type":"if","locations":[{"start":{"line":324,"column":4},"end":{"line":768,"column":5}},{"start":{"line":329,"column":11},"end":{"line":768,"column":5}}],"line":324},"16":{"loc":{"start":{"line":329,"column":11},"end":{"line":768,"column":5}},"type":"if","locations":[{"start":{"line":329,"column":11},"end":{"line":768,"column":5}},{"start":{"line":764,"column":11},"end":{"line":768,"column":5}}],"line":329}},"s":{"0":2,"1":1,"2":1,"3":1,"4":1,"5":1,"6":1,"7":1,"8":1,"9":1,"10":1,"11":1,"12":1,"13":1,"14":1,"15":1,"16":1,"17":1,"18":1,"19":1,"20":1,"21":1,"22":1,"23":1,"24":1,"25":1,"26":1,"27":1,"28":1,"29":1,"30":1,"31":1,"32":1,"33":1,"34":0,"35":0,"36":0,"37":0,"38":0,"39":0,"40":0,"41":0,"42":0,"43":0,"44":0,"45":0,"46":0,"47":0,"48":0,"49":0,"50":0,"51":0,"52":0,"53":0,"54":0,"55":0,"56":0,"57":0,"58":0,"59":0,"60":0,"61":0,"62":0,"63":0,"64":0,"65":0,"66":0,"67":0,"68":0,"69":0,"70":0,"71":0,"72":0,"73":0,"74":0,"75":0,"76":0,"77":0,"78":0,"79":0,"80":0,"81":0,"82":0,"83":0,"84":0,"85":0,"86":0,"87":0,"88":0,"89":0,"90":0,"91":0,"92":0,"93":0,"94":0,"95":0,"96":0,"97":0,"98":0,"99":0,"100":0,"101":0,"102":0,"103":0,"104":0,"105":0,"106":0,"107":0,"108":0,"109":0,"110":0,"111":0,"112":0,"113":0,"114":0,"115":0,"116":0,"117":0,"118":0,"119":0,"120":0,"121":0,"122":0,"123":0,"124":0,"125":0,"126":0,"127":0,"128":0,"129":0,"130":0,"131":0,"132":0,"133":0,"134":0,"135":0,"136":0,"137":0,"138":0,"139":0,"140":0,"141":0,"142":0,"143":0,"144":0,"145":0,"146":0,"147":0,"148":0,"149":0,"150":0,"151":0,"152":0,"153":0,"154":0,"155":0,"156":0,"157":0,"158":0,"159":0,"160":0,"161":0,"162":0,"163":0,"164":0,"165":0,"166":0},"f":{"0":2,"1":0,"2":0,"3":0,"4":0,"5":0,"6":0,"7":0,"8":0,"9":0,"10":0,"11":0,"12":0,"13":0,"14":0,"15":0,"16":0,"17":0,"18":0,"19":0,"20":0,"21":0,"22":0,"23":0,"24":0,"25":0,"26":0,"27":0,"28":0,"29":0,"30":0,"31":0,"32":0,"33":0,"34":0,"35":0,"36":0,"37":0,"38":0,"39":0,"40":0,"41":0,"42":0,"43":0,"44":0,"45":0,"46":0,"47":0,"48":0,"49":0,"50":0,"51":0,"52":0,"53":0,"54":0,"55":0,"56":0,"57":0,"58":0,"59":0,"60":0,"61":0,"62":0,"63":0,"64":0,"65":0,"66":0,"67":0,"68":0,"69":0},"b":{"0":[0,0],"1":[0,0],"2":[0,0],"3":[0,0],"4":[0,0,0],"5":[0,0],"6":[0,0],"7":[0,0,0,0,0],"8":[0,0],"9":[0,0],"10":[0,0],"11":[0,0],"12":[0,0],"13":[0,0],"14":[0,0],"15":[0,0],"16":[0,0]},"_coverageSchema":"1a1c01bbd47fc00a2c39e90264f33305004495a9","hash":"4be1bc2dd20d53e866aa720082f923ac02831904"}
,"C:\\Users\\zainf\\OneDrive\\Documents\\Final Year Project\\mystorymylife\\screens\\Home\\Styles.js": {"path":"C:\\Users\\zainf\\OneDrive\\Documents\\Final Year Project\\mystorymylife\\screens\\Home\\Styles.js","statementMap":{"0":{"start":{"line":2,"column":15},"end":{"line":2,"column":46}},"1":{"start":{"line":3,"column":14},"end":{"line":3,"column":44}},"2":{"start":{"line":5,"column":23},"end":{"line":261,"column":2}}},"fnMap":{},"branchMap":{"0":{"loc":{"start":{"line":11,"column":19},"end":{"line":11,"column":50}},"type":"cond-expr","locations":[{"start":{"line":11,"column":42},"end":{"line":11,"column":46}},{"start":{"line":11,"column":48},"end":{"line":11,"column":50}}],"line":11},"1":{"loc":{"start":{"line":122,"column":16},"end":{"line":122,"column":52}},"type":"cond-expr","locations":[{"start":{"line":122,"column":39},"end":{"line":122,"column":44}},{"start":{"line":122,"column":47},"end":{"line":122,"column":52}}],"line":122},"2":{"loc":{"start":{"line":137,"column":18},"end":{"line":137,"column":48}},"type":"cond-expr","locations":[{"start":{"line":137,"column":41},"end":{"line":137,"column":43}},{"start":{"line":137,"column":46},"end":{"line":137,"column":48}}],"line":137}},"s":{"0":2,"1":2,"2":2},"f":{},"b":{"0":[2,0],"1":[2,0],"2":[2,0]},"_coverageSchema":"1a1c01bbd47fc00a2c39e90264f33305004495a9","hash":"da938b2fb4b13cbcb9e8f0a1bb463ef92b3f47db"}
,"C:\\Users\\zainf\\OneDrive\\Documents\\Final Year Project\\mystorymylife\\screens\\Insights\\Insights.js": {"path":"C:\\Users\\zainf\\OneDrive\\Documents\\Final Year Project\\mystorymylife\\screens\\Insights\\Insights.js","statementMap":{"0":{"start":{"line":12,"column":19},"end":{"line":12,"column":34}},"1":{"start":{"line":13,"column":27},"end":{"line":13,"column":46}},"2":{"start":{"line":14,"column":24},"end":{"line":14,"column":49}},"3":{"start":{"line":16,"column":32},"end":{"line":16,"column":42}},"4":{"start":{"line":17,"column":28},"end":{"line":17,"column":38}},"5":{"start":{"line":18,"column":38},"end":{"line":18,"column":48}},"6":{"start":{"line":19,"column":32},"end":{"line":19,"column":42}},"7":{"start":{"line":20,"column":36},"end":{"line":20,"column":50}},"8":{"start":{"line":23,"column":16},"end":{"line":23,"column":41}},"9":{"start":{"line":24,"column":21},"end":{"line":24,"column":22}},"10":{"start":{"line":25,"column":19},"end":{"line":25,"column":20}},"11":{"start":{"line":26,"column":24},"end":{"line":26,"column":25}},"12":{"start":{"line":27,"column":21},"end":{"line":27,"column":22}},"13":{"start":{"line":31,"column":4},"end":{"line":69,"column":11}},"14":{"start":{"line":32,"column":8},"end":{"line":68,"column":14}},"15":{"start":{"line":37,"column":20},"end":{"line":57,"column":23}},"16":{"start":{"line":38,"column":39},"end":{"line":38,"column":49}},"17":{"start":{"line":41,"column":24},"end":{"line":43,"column":23}},"18":{"start":{"line":42,"column":26},"end":{"line":42,"column":39}},"19":{"start":{"line":45,"column":22},"end":{"line":47,"column":23}},"20":{"start":{"line":46,"column":26},"end":{"line":46,"column":42}},"21":{"start":{"line":49,"column":22},"end":{"line":51,"column":23}},"22":{"start":{"line":50,"column":26},"end":{"line":50,"column":37}},"23":{"start":{"line":53,"column":22},"end":{"line":55,"column":23}},"24":{"start":{"line":54,"column":26},"end":{"line":54,"column":39}},"25":{"start":{"line":58,"column":20},"end":{"line":58,"column":43}},"26":{"start":{"line":59,"column":20},"end":{"line":59,"column":39}},"27":{"start":{"line":60,"column":20},"end":{"line":60,"column":49}},"28":{"start":{"line":61,"column":20},"end":{"line":61,"column":43}},"29":{"start":{"line":62,"column":20},"end":{"line":62,"column":40}},"30":{"start":{"line":66,"column":20},"end":{"line":66,"column":41}},"31":{"start":{"line":73,"column":4},"end":{"line":309,"column":5}},"32":{"start":{"line":98,"column":36},"end":{"line":104,"column":37}},"33":{"start":{"line":99,"column":40},"end":{"line":103,"column":41}},"34":{"start":{"line":106,"column":36},"end":{"line":112,"column":37}},"35":{"start":{"line":107,"column":40},"end":{"line":111,"column":41}},"36":{"start":{"line":114,"column":36},"end":{"line":120,"column":37}},"37":{"start":{"line":115,"column":40},"end":{"line":119,"column":41}},"38":{"start":{"line":122,"column":36},"end":{"line":128,"column":37}},"39":{"start":{"line":123,"column":40},"end":{"line":127,"column":41}},"40":{"start":{"line":130,"column":36},"end":{"line":136,"column":37}},"41":{"start":{"line":131,"column":40},"end":{"line":135,"column":41}},"42":{"start":{"line":138,"column":36},"end":{"line":144,"column":37}},"43":{"start":{"line":139,"column":40},"end":{"line":143,"column":41}},"44":{"start":{"line":146,"column":36},"end":{"line":152,"column":37}},"45":{"start":{"line":147,"column":40},"end":{"line":151,"column":41}},"46":{"start":{"line":154,"column":36},"end":{"line":160,"column":37}},"47":{"start":{"line":155,"column":40},"end":{"line":159,"column":41}},"48":{"start":{"line":162,"column":36},"end":{"line":168,"column":37}},"49":{"start":{"line":163,"column":40},"end":{"line":167,"column":41}},"50":{"start":{"line":170,"column":36},"end":{"line":176,"column":37}},"51":{"start":{"line":171,"column":40},"end":{"line":175,"column":41}},"52":{"start":{"line":178,"column":36},"end":{"line":184,"column":37}},"53":{"start":{"line":179,"column":40},"end":{"line":183,"column":41}},"54":{"start":{"line":186,"column":36},"end":{"line":192,"column":37}},"55":{"start":{"line":187,"column":40},"end":{"line":191,"column":41}},"56":{"start":{"line":220,"column":60},"end":{"line":220,"column":93}},"57":{"start":{"line":221,"column":65},"end":{"line":221,"column":98}},"58":{"start":{"line":244,"column":32},"end":{"line":300,"column":33}},"59":{"start":{"line":245,"column":36},"end":{"line":250,"column":37}},"60":{"start":{"line":253,"column":36},"end":{"line":264,"column":37}},"61":{"start":{"line":254,"column":40},"end":{"line":263,"column":41}},"62":{"start":{"line":266,"column":36},"end":{"line":275,"column":37}},"63":{"start":{"line":267,"column":40},"end":{"line":274,"column":41}},"64":{"start":{"line":277,"column":36},"end":{"line":286,"column":37}},"65":{"start":{"line":278,"column":40},"end":{"line":285,"column":41}},"66":{"start":{"line":288,"column":36},"end":{"line":297,"column":37}},"67":{"start":{"line":289,"column":40},"end":{"line":296,"column":41}}},"fnMap":{"0":{"name":"Insights","decl":{"start":{"line":10,"column":24},"end":{"line":10,"column":32}},"loc":{"start":{"line":10,"column":39},"end":{"line":310,"column":1}},"line":10},"1":{"name":"(anonymous_1)","decl":{"start":{"line":31,"column":14},"end":{"line":31,"column":15}},"loc":{"start":{"line":31,"column":20},"end":{"line":69,"column":5}},"line":31},"2":{"name":"(anonymous_2)","decl":{"start":{"line":36,"column":16},"end":{"line":36,"column":17}},"loc":{"start":{"line":36,"column":33},"end":{"line":63,"column":17}},"line":36},"3":{"name":"(anonymous_3)","decl":{"start":{"line":37,"column":42},"end":{"line":37,"column":43}},"loc":{"start":{"line":37,"column":51},"end":{"line":57,"column":21}},"line":37},"4":{"name":"(anonymous_4)","decl":{"start":{"line":65,"column":16},"end":{"line":65,"column":17}},"loc":{"start":{"line":65,"column":25},"end":{"line":67,"column":17}},"line":65},"5":{"name":"(anonymous_5)","decl":{"start":{"line":97,"column":34},"end":{"line":97,"column":35}},"loc":{"start":{"line":97,"column":40},"end":{"line":193,"column":33}},"line":97},"6":{"name":"(anonymous_6)","decl":{"start":{"line":220,"column":43},"end":{"line":220,"column":44}},"loc":{"start":{"line":220,"column":60},"end":{"line":220,"column":93}},"line":220},"7":{"name":"(anonymous_7)","decl":{"start":{"line":221,"column":48},"end":{"line":221,"column":49}},"loc":{"start":{"line":221,"column":65},"end":{"line":221,"column":98}},"line":221},"8":{"name":"(anonymous_8)","decl":{"start":{"line":242,"column":30},"end":{"line":242,"column":31}},"loc":{"start":{"line":242,"column":36},"end":{"line":302,"column":29}},"line":242}},"branchMap":{"0":{"loc":{"start":{"line":41,"column":24},"end":{"line":43,"column":23}},"type":"if","locations":[{"start":{"line":41,"column":24},"end":{"line":43,"column":23}},{"start":{},"end":{}}],"line":41},"1":{"loc":{"start":{"line":45,"column":22},"end":{"line":47,"column":23}},"type":"if","locations":[{"start":{"line":45,"column":22},"end":{"line":47,"column":23}},{"start":{},"end":{}}],"line":45},"2":{"loc":{"start":{"line":49,"column":22},"end":{"line":51,"column":23}},"type":"if","locations":[{"start":{"line":49,"column":22},"end":{"line":51,"column":23}},{"start":{},"end":{}}],"line":49},"3":{"loc":{"start":{"line":53,"column":22},"end":{"line":55,"column":23}},"type":"if","locations":[{"start":{"line":53,"column":22},"end":{"line":55,"column":23}},{"start":{},"end":{}}],"line":53},"4":{"loc":{"start":{"line":77,"column":17},"end":{"line":304,"column":27}},"type":"cond-expr","locations":[{"start":{"line":79,"column":20},"end":{"line":83,"column":27}},{"start":{"line":87,"column":20},"end":{"line":304,"column":27}}],"line":77},"5":{"loc":{"start":{"line":98,"column":36},"end":{"line":104,"column":37}},"type":"if","locations":[{"start":{"line":98,"column":36},"end":{"line":104,"column":37}},{"start":{},"end":{}}],"line":98},"6":{"loc":{"start":{"line":106,"column":36},"end":{"line":112,"column":37}},"type":"if","locations":[{"start":{"line":106,"column":36},"end":{"line":112,"column":37}},{"start":{},"end":{}}],"line":106},"7":{"loc":{"start":{"line":114,"column":36},"end":{"line":120,"column":37}},"type":"if","locations":[{"start":{"line":114,"column":36},"end":{"line":120,"column":37}},{"start":{},"end":{}}],"line":114},"8":{"loc":{"start":{"line":122,"column":36},"end":{"line":128,"column":37}},"type":"if","locations":[{"start":{"line":122,"column":36},"end":{"line":128,"column":37}},{"start":{},"end":{}}],"line":122},"9":{"loc":{"start":{"line":130,"column":36},"end":{"line":136,"column":37}},"type":"if","locations":[{"start":{"line":130,"column":36},"end":{"line":136,"column":37}},{"start":{},"end":{}}],"line":130},"10":{"loc":{"start":{"line":138,"column":36},"end":{"line":144,"column":37}},"type":"if","locations":[{"start":{"line":138,"column":36},"end":{"line":144,"column":37}},{"start":{},"end":{}}],"line":138},"11":{"loc":{"start":{"line":146,"column":36},"end":{"line":152,"column":37}},"type":"if","locations":[{"start":{"line":146,"column":36},"end":{"line":152,"column":37}},{"start":{},"end":{}}],"line":146},"12":{"loc":{"start":{"line":154,"column":36},"end":{"line":160,"column":37}},"type":"if","locations":[{"start":{"line":154,"column":36},"end":{"line":160,"column":37}},{"start":{},"end":{}}],"line":154},"13":{"loc":{"start":{"line":162,"column":36},"end":{"line":168,"column":37}},"type":"if","locations":[{"start":{"line":162,"column":36},"end":{"line":168,"column":37}},{"start":{},"end":{}}],"line":162},"14":{"loc":{"start":{"line":170,"column":36},"end":{"line":176,"column":37}},"type":"if","locations":[{"start":{"line":170,"column":36},"end":{"line":176,"column":37}},{"start":{},"end":{}}],"line":170},"15":{"loc":{"start":{"line":178,"column":36},"end":{"line":184,"column":37}},"type":"if","locations":[{"start":{"line":178,"column":36},"end":{"line":184,"column":37}},{"start":{},"end":{}}],"line":178},"16":{"loc":{"start":{"line":186,"column":36},"end":{"line":192,"column":37}},"type":"if","locations":[{"start":{"line":186,"column":36},"end":{"line":192,"column":37}},{"start":{},"end":{}}],"line":186},"17":{"loc":{"start":{"line":220,"column":44},"end":{"line":220,"column":55}},"type":"default-arg","locations":[{"start":{"line":220,"column":54},"end":{"line":220,"column":55}}],"line":220},"18":{"loc":{"start":{"line":221,"column":49},"end":{"line":221,"column":60}},"type":"default-arg","locations":[{"start":{"line":221,"column":59},"end":{"line":221,"column":60}}],"line":221},"19":{"loc":{"start":{"line":244,"column":32},"end":{"line":300,"column":33}},"type":"if","locations":[{"start":{"line":244,"column":32},"end":{"line":300,"column":33}},{"start":{"line":252,"column":37},"end":{"line":300,"column":33}}],"line":244},"20":{"loc":{"start":{"line":253,"column":36},"end":{"line":264,"column":37}},"type":"if","locations":[{"start":{"line":253,"column":36},"end":{"line":264,"column":37}},{"start":{},"end":{}}],"line":253},"21":{"loc":{"start":{"line":266,"column":36},"end":{"line":275,"column":37}},"type":"if","locations":[{"start":{"line":266,"column":36},"end":{"line":275,"column":37}},{"start":{},"end":{}}],"line":266},"22":{"loc":{"start":{"line":277,"column":36},"end":{"line":286,"column":37}},"type":"if","locations":[{"start":{"line":277,"column":36},"end":{"line":286,"column":37}},{"start":{},"end":{}}],"line":277},"23":{"loc":{"start":{"line":288,"column":36},"end":{"line":297,"column":37}},"type":"if","locations":[{"start":{"line":288,"column":36},"end":{"line":297,"column":37}},{"start":{},"end":{}}],"line":288}},"s":{"0":1,"1":1,"2":1,"3":1,"4":1,"5":1,"6":1,"7":1,"8":1,"9":1,"10":1,"11":1,"12":1,"13":1,"14":1,"15":0,"16":0,"17":0,"18":0,"19":0,"20":0,"21":0,"22":0,"23":0,"24":0,"25":0,"26":0,"27":0,"28":0,"29":0,"30":0,"31":1,"32":0,"33":0,"34":0,"35":0,"36":0,"37":0,"38":0,"39":0,"40":0,"41":0,"42":0,"43":0,"44":0,"45":0,"46":0,"47":0,"48":0,"49":0,"50":0,"51":0,"52":0,"53":0,"54":0,"55":0,"56":0,"57":0,"58":0,"59":0,"
[...]
{"loc":{"start":{"line":154,"column":12},"end":{"line":156,"column":13}},"type":"if","locations":[{"start":{"line":154,"column":12},"end":{"line":156,"column":13}},{"start":{},"end":{}}],"line":154},"5":{"loc":{"start":{"line":159,"column":12},"end":{"line":161,"column":13}},"type":"if","locations":[{"start":{"line":159,"column":12},"end":{"line":161,"column":13}},{"start":{},"end":{}}],"line":159},"6":{"loc":{"start":{"line":168,"column":20},"end":{"line":168,"column":95}},"type":"cond-expr","locations":[{"start":{"line":168,"column":47},"end":{"line":168,"column":52}},{"start":{"line":168,"column":55},"end":{"line":168,"column":95}}],"line":168},"7":{"loc":{"start":{"line":168,"column":55},"end":{"line":168,"column":95}},"type":"cond-expr","locations":[{"start":{"line":168,"column":83},"end":{"line":168,"column":88}},{"start":{"line":168,"column":91},"end":{"line":168,"column":95}}],"line":168},"8":{"loc":{"start":{"line":169,"column":19},"end":{"line":169,"column":90}},"type":"cond-expr","locations":[{"start":{"line":169,"column":44},"end":{"line":169,"column":49}},{"start":{"line":169,"column":52},"end":{"line":169,"column":90}}],"line":169},"9":{"loc":{"start":{"line":169,"column":52},"end":{"line":169,"column":90}},"type":"cond-expr","locations":[{"start":{"line":169,"column":78},"end":{"line":169,"column":83}},{"start":{"line":169,"column":86},"end":{"line":169,"column":90}}],"line":169},"10":{"loc":{"start":{"line":170,"column":21},"end":{"line":170,"column":55}},"type":"cond-expr","locations":[{"start":{"line":170,"column":43},"end":{"line":170,"column":48}},{"start":{"line":170,"column":51},"end":{"line":170,"column":55}}],"line":170},"11":{"loc":{"start":{"line":171,"column":21},"end":{"line":171,"column":55}},"type":"cond-expr","locations":[{"start":{"line":171,"column":43},"end":{"line":171,"column":48}},{"start":{"line":171,"column":51},"end":{"line":171,"column":55}}],"line":171},"12":{"loc":{"start":{"line":172,"column":21},"end":{"line":172,"column":55}},"type":"cond-expr","locations":[{"start":{"line":172,"column":43},"end":{"line":172,"column":48}},{"start":{"line":172,"column":51},"end":{"line":172,"column":55}}],"line":172},"13":{"loc":{"start":{"line":173,"column":27},"end":{"line":173,"column":193}},"type":"cond-expr","locations":[{"start":{"line":173,"column":54},"end":{"line":173,"column":63}},{"start":{"line":173,"column":66},"end":{"line":173,"column":193}}],"line":173},"14":{"loc":{"start":{"line":173,"column":66},"end":{"line":173,"column":193}},"type":"cond-expr","locations":[{"start":{"line":173,"column":96},"end":{"line":173,"column":105}},{"start":{"line":173,"column":108},"end":{"line":173,"column":193}}],"line":173},"15":{"loc":{"start":{"line":173,"column":108},"end":{"line":173,"column":193}},"type":"cond-expr","locations":[{"start":{"line":173,"column":133},"end":{"line":173,"column":142}},{"start":{"line":173,"column":145},"end":{"line":173,"column":193}}],"line":173},"16":{"loc":{"start":{"line":173,"column":145},"end":{"line":173,"column":193}},"type":"cond-expr","locations":[{"start":{"line":173,"column":172},"end":{"line":173,"column":181}},{"start":{"line":173,"column":184},"end":{"line":173,"column":193}}],"line":173},"17":{"loc":{"start":{"line":198,"column":12},"end":{"line":256,"column":13}},"type":"if","locations":[{"start":{"line":198,"column":12},"end":{"line":256,"column":13}},{"start":{},"end":{}}],"line":198},"18":{"loc":{"start":{"line":201,"column":20},"end":{"line":203,"column":21}},"type":"if","locations":[{"start":{"line":201,"column":20},"end":{"line":203,"column":21}},{"start":{},"end":{}}],"line":201},"19":{"loc":{"start":{"line":204,"column":20},"end":{"line":210,"column":21}},"type":"if","locations":[{"start":{"line":204,"column":20},"end":{"line":210,"column":21}},{"start":{"line":207,"column":27},"end":{"line":210,"column":21}}],"line":204},"20":{"loc":{"start":{"line":204,"column":24},"end":{"line":204,"column":77}},"type":"binary-expr","locations":[{"start":{"line":204,"column":24},"end":{"line":204,"column":48}},{"start":{"line":204,"column":52},"end":{"line":204,"column":77}}],"line":204},"21":{"loc":{"start":{"line":213,"column":18},"end":{"line":215,"column":19}},"type":"if","locations":[{"start":{"line":213,"column":18},"end":{"line":215,"column":19}},{"start":{},"end":{}}],"line":213},"22":{"loc":{"start":{"line":216,"column":18},"end":{"line":222,"column":19}},"type":"if","locations":[{"start":{"line":216,"column":18},"end":{"line":222,"column":19}},{"start":{"line":219,"column":25},"end":{"line":222,"column":19}}],"line":216},"23":{"loc":{"start":{"line":225,"column":16},"end":{"line":227,"column":17}},"type":"if","locations":[{"start":{"line":225,"column":16},"end":{"line":227,"column":17}},{"start":{},"end":{}}],"line":225},"24":{"loc":{"start":{"line":228,"column":16},"end":{"line":234,"column":17}},"type":"if","locations":[{"start":{"line":228,"column":16},"end":{"line":234,"column":17}},{"start":{"line":231,"column":23},"end":{"line":234,"column":17}}],"line":228},"25":{"loc":{"start":{"line":237,"column":14},"end":{"line":239,"column":15}},"type":"if","locations":[{"start":{"line":237,"column":14},"end":{"line":239,"column":15}},{"start":{},"end":{}}],"line":237},"26":{"loc":{"start":{"line":240,"column":14},"end":{"line":246,"column":13}},"type":"if","locations":[{"start":{"line":240,"column":14},"end":{"line":246,"column":13}},{"start":{"line":243,"column":19},"end":{"line":246,"column":13}}],"line":240},"27":{"loc":{"start":{"line":249,"column":16},"end":{"line":255,"column":17}},"type":"if","locations":[{"start":{"line":249,"column":16},"end":{"line":255,"column":17}},{"start":{"line":252,"column":23},"end":{"line":255,"column":17}}],"line":249},"28":{"loc":{"start":{"line":249,"column":20},"end":{"line":249,"column":69}},"type":"binary-expr","locations":[{"start":{"line":249,"column":20},"end":{"line":249,"column":42}},{"start":{"line":249,"column":46},"end":{"line":249,"column":69}}],"line":249},"29":{"loc":{"start":{"line":260,"column":4},"end":{"line":392,"column":1}},"type":"if","locations":[{"start":{"line":260,"column":4},"end":{"line":392,"column":1}},{"start":{"line":388,"column":6},"end":{"line":392,"column":1}}],"line":260},"30":{"loc":{"start":{"line":263,"column":13},"end":{"line":385,"column":13}},"type":"cond-expr","locations":[{"start":{"line":264,"column":16},"end":{"line":325,"column":23}},{"start":{"line":327,"column":14},"end":{"line":379,"column":15}}],"line":263},"31":{"loc":{"start":{"line":303,"column":21},"end":{"line":316,"column":33}},"type":"binary-expr","locations":[{"start":{"line":303,"column":21},"end":{"line":303,"column":26}},{"start":{"line":304,"column":34},"end":{"line":315,"column":41}}],"line":303}},"s":{"0":3,"1":3,"2":3,"3":3,"4":3,"5":3,"6":3,"7":3,"8":3,"9":3,"10":3,"11":3,"12":3,"13":3,"14":3,"15":3,"16":3,"17":3,"18":3,"19":3,"20":0,"21":0,"22":0,"23":0,"24":0,"25":0,"26":0,"27":0,"28":0,"29":0,"30":3,"31":3,"32":0,"33":0,"34":0,"35":0,"36":0,"37":0,"38":0,"39":0,"40":3,"41":3,"42":3,"43":0,"44":3,"45":3,"46":0,"47":0,"48":0,"49":0,"50":0,"51":0,"52":0,"53":3,"54":3,"55":3,"56":3,"57":3,"58":3,"59":3,"60":3,"61":0,"62":0,"63":0,"64":0,"65":0,"66":0,"67":0,"68":0,"69":0,"70":0,"71":0,"72":0,"73":0,"74":0,"75":0,"76":0,"77":0,"78":0,"79":0,"80":0,"81":0,"82":0,"83":0,"84":0,"85":0,"86":0,"87":0,"88":0,"89":0,"90":0,"91":0,"92":3,"93":0,"94":0,"95":0,"96":0,"97":0,"98":0,"99":0,"100":0,"101":0,"102":0,"103":0,"104":0,"105":0,"106":0,"107":0,"108":0,"109":0,"110":0,"111":0,"112":0,"113":0,"114":0,"115":0,"116":0,"117":0,"118":0,"119":0,"120":0,"121":0,"122":0,"123":0,"124":0,"125":0,"126":0,"127":0,"128":0,"129":0,"130":0,"131":0,"132":0,"133":0,"134":0,"135":0,"136":0,"137":0,"138":0,"139":3,"140":3,"141":0,"142":0,"143":0,"144":0,"145":0,"146":0},"f":{"0":3,"1":3,"2":0,"3":0,"4":0,"5":0,"6":3,"7":0,"8":0,"9":0,"10":0,"11":0,"12":3,"13":0,"14":0,"15":0,"16":0,"17":0,"18":0,"19":0,"20":0,"21":0,"22":0},"b":{"0":[0,0],"1":[0,0],"2":[0,0],"3":[0,0],"4":[0,0],"5":[0,0],"6":[0,0],"7":[0,0],"8":[0,0],"9":[0,0],"10":[0,0],"11":[0,0],"12":[0,0],"13":[0,0],"14":[0,0],"15":[0,0],"16":[0,0],"17":[0,0],"18":[0,0],"19":[0,0],"20":[0,0],"21":[0,0],"22":[0,0],"23":[0,0],"24":[0,0],"25":[0,0],"26":[0,0],"27":[0,0],"28":[0,0],"29":[3,0],"30":[0,3],"31":[0,0]},"_coverageSchema":"1a1c01bbd47fc00a2c39e90264f33305004495a9","hash":"6d0dd0570b956b3bc7ab3475d245ae03d470fc42"}
,"C:\\Users\\zainf\\OneDrive\\Documents\\Final Year Project\\mystorymylife\\screens\\MoodCalendar\\Styles.js": {"path":"C:\\Users\\zainf\\OneDrive\\Documents\\Final Year Project\\mystorymylife\\screens\\MoodCalendar\\Styles.js","statementMap":{"0":{"start":{"line":4,"column":22},"end":{"line":286,"column":2}}},"fnMap":{},"branchMap":{"0":{"loc":{"start":{"line":47,"column":16},"end":{"line":47,"column":49}},"type":"cond-expr","locations":[{"start":{"line":47,"column":40},"end":{"line":47,"column":42}},{"start":{"line":47,"column":45},"end":{"line":47,"column":49}}],"line":47},"1":{"loc":{"start":{"line":49,"column":15},"end":{"line":49,"column":48}},"type":"cond-expr","locations":[{"start":{"line":49,"column":39},"end":{"line":49,"column":42}},{"start":{"line":49,"column":45},"end":{"line":49,"column":48}}],"line":49},"2":{"loc":{"start":{"line":53,"column":16},"end":{"line":53,"column":47}},"type":"cond-expr","locations":[{"start":{"line":53,"column":40},"end":{"line":53,"column":42}},{"start":{"line":53,"column":45},"end":{"line":53,"column":47}}],"line":53}},"s":{"0":2},"f":{},"b":{"0":[2,0],"1":[2,0],"2":[2,0]},"_coverageSchema":"1a1c01bbd47fc00a2c39e90264f33305004495a9","hash":"695d2515a543b14875ec926fe9eb7559c1071316"}
,"C:\\Users\\zainf\\OneDrive\\Documents\\Final Year Project\\mystorymylife\\screens\\Settings\\Settings.js": {"path":"C:\\Users\\zainf\\OneDrive\\Documents\\Final Year Project\\mystorymylife\\screens\\Settings\\Settings.js","statementMap":{"0":{"start":{"line":13,"column":19},"end":{"line":13,"column":31}},"1":{"start":{"line":16,"column":17},"end":{"line":16,"column":33}},"2":{"start":{"line":19,"column":23},"end":{"line":19,"column":42}},"3":{"start":{"line":22,"column":30},"end":{"line":22,"column":44}},"4":{"start":{"line":23,"column":38},"end":{"line":23,"column":53}},"5":{"start":{"line":24,"column":42},"end":{"line":24,"column":53}},"6":{"start":{"line":28,"column":21},"end":{"line":41,"column":5}},"7":{"start":{"line":29,"column":6},"end":{"line":40,"column":13}},"8":{"start":{"line":46,"column":32},"end":{"line":62,"column":7}},"9":{"start":{"line":47,"column":28},"end":{"line":47,"column":77}},"10":{"start":{"line":48,"column":8},"end":{"line":61,"column":9}},"11":{"start":{"line":49,"column":23},"end":{"line":55,"column":12}},"12":{"start":{"line":56,"column":10},"end":{"line":56,"column":30}},"13":{"start":{"line":58,"column":10},"end":{"line":60,"column":11}},"14":{"start":{"line":59,"column":12},"end":{"line":59,"column":44}},"15":{"start":{"line":65,"column":37},"end":{"line":78,"column":7}},"16":{"start":{"line":66,"column":21},"end":{"line":72,"column":10}},"17":{"start":{"line":73,"column":8},"end":{"line":73,"column":28}},"18":{"start":{"line":75,"column":8},"end":{"line":77,"column":9}},"19":{"start":{"line":76,"column":10},"end":{"line":76,"column":42}},"20":{"start":{"line":81,"column":26},"end":{"line":136,"column":7}},"21":{"start":{"line":82,"column":21},"end":{"line":94,"column":10}},"22":{"start":{"line":83,"column":22},"end":{"line":83,"column":42}},"23":{"start":{"line":84,"column":10},"end":{"line":86,"column":12}},"24":{"start":{"line":85,"column":12},"end":{"line":85,"column":34}},"25":{"start":{"line":87,"column":10},"end":{"line":90,"column":12}},"26":{"start":{"line":88,"column":12},"end":{"line":88,"column":27}},"27":{"start":{"line":89,"column":12},"end":{"line":89,"column":60}},"28":{"start":{"line":91,"column":10},"end":{"line":91,"column":36}},"29":{"start":{"line":92,"column":10},"end":{"line":92,"column":39}},"30":{"start":{"line":93,"column":10},"end":{"line":93,"column":25}},"31":{"start":{"line":95,"column":8},"end":{"line":97,"column":9}},"32":{"start":{"line":96,"column":10},"end":{"line":96,"column":22}},"33":{"start":{"line":98,"column":26},"end":{"line":98,"column":31}},"34":{"start":{"line":99,"column":23},"end":{"line":99,"column":74}},"35":{"start":{"line":102,"column":26},"end":{"line":102,"column":51}},"36":{"start":{"line":103,"column":21},"end":{"line":103,"column":63}},"37":{"start":{"line":104,"column":8},"end":{"line":104,"column":55}},"38":{"start":{"line":106,"column":31},"end":{"line":106,"column":39}},"39":{"start":{"line":108,"column":8},"end":{"line":108,"column":27}},"40":{"start":{"line":109,"column":8},"end":{"line":109,"column":26}},"41":{"start":{"line":111,"column":27},"end":{"line":111,"column":86}},"42":{"start":{"line":112,"column":21},"end":{"line":112,"column":41}},"43":{"start":{"line":115,"column":8},"end":{"line":119,"column":11}},"44":{"start":{"line":116,"column":10},"end":{"line":116,"column":104}},"45":{"start":{"line":118,"column":10},"end":{"line":118,"column":100}},"46":{"start":{"line":121,"column":8},"end":{"line":135,"column":9}},"47":{"start":{"line":122,"column":10},"end":{"line":122,"column":21}},"48":{"start":{"line":124,"column":10},"end":{"line":126,"column":10}},"49":{"start":{"line":129,"column":10},"end":{"line":129,"column":30}},"50":{"start":{"line":130,"column":10},"end":{"line":130,"column":25}},"51":{"start":{"line":131,"column":10},"end":{"line":131,"column":60}},"52":{"start":{"line":133,"column":10},"end":{"line":133,"column":25}},"53":{"start":{"line":134,"column":10},"end":{"line":134,"column":22}},"54":{"start":{"line":138,"column":4},"end":{"line":186,"column":6}}},"fnMap":{"0":{"name":"Settings","decl":{"start":{"line":10,"column":24},"end":{"line":10,"column":32}},"loc":{"start":{"line":10,"column":40},"end":{"line":187,"column":1}},"line":10},"1":{"name":"(anonymous_1)","decl":{"start":{"line":28,"column":21},"end":{"line":28,"column":22}},"loc":{"start":{"line":28,"column":27},"end":{"line":41,"column":5}},"line":28},"2":{"name":"(anonymous_2)","decl":{"start":{"line":38,"column":39},"end":{"line":38,"column":40}},"loc":{"start":{"line":38,"column":45},"end":{"line":38,"column":48}},"line":38},"3":{"name":"(anonymous_3)","decl":{"start":{"line":46,"column":32},"end":{"line":46,"column":33}},"loc":{"start":{"line":46,"column":44},"end":{"line":62,"column":7}},"line":46},"4":{"name":"(anonymous_4)","decl":{"start":{"line":65,"column":37},"end":{"line":65,"column":38}},"loc":{"start":{"line":65,"column":49},"end":{"line":78,"column":7}},"line":65},"5":{"name":"(anonymous_5)","decl":{"start":{"line":81,"column":26},"end":{"line":81,"column":27}},"loc":{"start":{"line":81,"column":38},"end":{"line":136,"column":7}},"line":81},"6":{"name":"(anonymous_6)","decl":{"start":{"line":82,"column":39},"end":{"line":82,"column":40}},"loc":{"start":{"line":82,"column":60},"end":{"line":94,"column":9}},"line":82},"7":{"name":"(anonymous_7)","decl":{"start":{"line":84,"column":23},"end":{"line":84,"column":24}},"loc":{"start":{"line":84,"column":35},"end":{"line":86,"column":11}},"line":84},"8":{"name":"(anonymous_8)","decl":{"start":{"line":87,"column":24},"end":{"line":87,"column":25}},"loc":{"start":{"line":87,"column":37},"end":{"line":90,"column":11}},"line":87},"9":{"name":"(anonymous_9)","decl":{"start":{"line":115,"column":33},"end":{"line":115,"column":34}},"loc":{"start":{"line":115,"column":51},"end":{"line":119,"column":9}},"line":115}},"branchMap":{"0":{"loc":{"start":{"line":48,"column":8},"end":{"line":61,"column":9}},"type":"if","locations":[{"start":{"line":48,"column":8},"end":{"line":61,"column":9}},{"start":{},"end":{}}],"line":48},"1":{"loc":{"start":{"line":58,"column":10},"end":{"line":60,"column":11}},"type":"if","locations":[{"start":{"line":58,"column":10},"end":{"line":60,"column":11}},{"start":{},"end":{}}],"line":58},"2":{"loc":{"start":{"line":75,"column":8},"end":{"line":77,"column":9}},"type":"if","locations":[{"start":{"line":75,"column":8},"end":{"line":77,"column":9}},{"start":{},"end":{}}],"line":75},"3":{"loc":{"start":{"line":95,"column":8},"end":{"line":97,"column":9}},"type":"if","locations":[{"start":{"line":95,"column":8},"end":{"line":97,"column":9}},{"start":{},"end":{}}],"line":95},"4":{"loc":{"start":{"line":148,"column":21},"end":{"line":150,"column":28}},"type":"cond-expr","locations":[{"start":{"line":149,"column":24},"end":{"line":149,"column":81}},{"start":{"line":150,"column":24},"end":{"line":150,"column":28}}],"line":148},"5":{"loc":{"start":{"line":158,"column":21},"end":{"line":168,"column":21}},"type":"cond-expr","locations":[{"start":{"line":159,"column":24},"end":{"line":161,"column":31}},{"start":{"line":163,"column":24},"end":{"line":167,"column":32}}],"line":158}},"s":{"0":1,"1":1,"2":1,"3":1,"4":1,"5":1,"6":1,"7":0,"8":1,"9":0,"10":0,"11":0,"12":0,"13":0,"14":0,"15":1,"16":0,"17":0,"18":0,"19":0,"20":1,"21":0,"22":0,"23":0,"24":0,"25":0,"26":0,"27":0,"28":0,"29":0,"30":0,"31":0,"32":0,"33":0,"34":0,"35":0,"36":0,"37":0,"38":0,"39":0,"40":0,"41":0,"42":0,"43":0,"44":0,"45":0,"46":0,"47":0,"48":0,"49":0,"50":0,"51":0,"52":0,"53":0,"54":1},"f":{"0":1,"1":0,"2":0,"3":0,"4":0,"5":0,"6":0,"7":0,"8":0,"9":0},"b":{"0":[0,0],"1":[0,0],"2":[0,0],"3":[0,0],"4":[0,1],"5":[0,1]},"_coverageSchema":"1a1c01bbd47fc00a2c39e90264f33305004495a9","hash":"df58efa1947f03fb0a33adfd2d5457c09c7f8b10"}
,"C:\\Users\\zainf\\OneDrive\\Documents\\Final Year Project\\mystorymylife\\screens\\Settings\\Styles.js": {"path":"C:\\Users\\zainf\\OneDrive\\Documents\\Final Year Project\\mystorymylife\\screens\\Settings\\Styles.js","statementMap":{"0":{"start":{"line":4,"column":15},"end":{"line":4,"column":46}},"1":{"start":{"line":6,"column":22},"end":{"line":78,"column":2}}},"fnMap":{},"branchMap":{},"s":{"0":3,"1":3},"f":{},"b":{},"_coverageSchema":"1a1c01bbd47fc00a2c39e90264f33305004495a9","hash":"85e883a650ed1424dcf368d99430b0dfd0e58b62"}
,"C:\\Users\\zainf\\OneDrive\\Documents\\Final Year Project\\mystorymylife\\utils\\Loading.js": {"path":"C:\\Users\\zainf\\OneDrive\\Documents\\Final Year Project\\mystorymylife\\utils\\Loading.js","statementMap":{"0":{"start":{"line":7,"column":20},"end":{"line":7,"column":33}},"1":{"start":{"line":8,"column":4},"end":{"line":15,"column":6}}},"fnMap":{"0":{"name":"Loading","decl":{"start":{"line":6,"column":24},"end":{"line":6,"column":31}},"loc":{"start":{"line":6,"column":39},"end":{"line":16,"column":1}},"line":6}},"branchMap":{},"s":{"0":1,"1":1},"f":{"0":1},"b":{},"_coverageSchema":"1a1c01bbd47fc00a2c39e90264f33305004495a9","hash":"80343ebfb2e61b332b46b21a221d9c6aaaf3b985"}
,"C:\\Users\\zainf\\OneDrive\\Documents\\Final Year Project\\mystorymylife\\utils\\RootNavigation.js": {"path":"C:\\Users\\zainf\\OneDrive\\Documents\\Final Year Project\\mystorymylife\\utils\\RootNavigation.js","statementMap":{"0":{"start":{"line":5,"column":29},"end":{"line":5,"column":59}},"1":{"start":{"line":8,"column":2},"end":{"line":10,"column":3}},"2":{"start":{"line":9,"column":4},"end":{"line":9,"column":41}}},"fnMap":{"0":{"name":"navigate","decl":{"start":{"line":7,"column":16},"end":{"line":7,"column":24}},"loc":{"start":{"line":7,"column":39},"end":{"line":11,"column":1}},"line":7}},"branchMap":{"0":{"loc":{"start":{"line":8,"column":2},"end":{"line":10,"column":3}},"type":"if","locations":[{"start":{"line":8,"column":2},"end":{"line":10,"column":3}},{"start":{},"end":{}}],"line":8}},"s":{"0":0,"1":0,"2":0},"f":{"0":0},"b":{"0":[0,0]}}
,"C:\\Users\\zainf\\OneDrive\\Documents\\Final Year Project\\mystorymylife\\utils\\colors.js": {"path":"C:\\Users\\zainf\\OneDrive\\Documents\\Final Year Project\\mystorymylife\\utils\\colors.js","statementMap":{"0":{"start":{"line":1,"column":22},"end":{"line":9,"column":1}}},"fnMap":{},"branchMap":{},"s":{"0":4},"f":{},"b":{},"_coverageSchema":"1a1c01bbd47fc00a2c39e90264f33305004495a9","hash":"cb1f4f920f353391fd588da41156c4e701ba9dfc"}
}
