TN:
SF:App.js
FN:13,App
FN:20,(anonymous_1)
FN:22,(anonymous_2)
FN:27,(anonymous_3)
FN:31,(anonymous_4)
FN:42,(anonymous_5)
FN:43,(anonymous_6)
FN:49,(anonymous_7)
FN:63,(anonymous_8)
FNF:9
FNH:0
FNDA:0,App
FNDA:0,(anonymous_1)
FNDA:0,(anonymous_2)
FNDA:0,(anonymous_3)
FNDA:0,(anonymous_4)
FNDA:0,(anonymous_5)
FNDA:0,(anonymous_6)
FNDA:0,(anonymous_7)
FNDA:0,(anonymous_8)
DA:11,0
DA:16,0
DA:20,0
DA:21,0
DA:22,0
DA:23,0
DA:24,0
DA:28,0
DA:29,0
DA:32,0
DA:38,0
DA:42,0
DA:43,0
DA:44,0
DA:45,0
DA:46,0
DA:57,0
DA:63,0
LF:18
LH:0
BRDA:23,0,0,0
BRDA:23,0,1,0
BRDA:60,1,0,0
BRDA:60,1,1,0
BRF:4
BRH:0
end_of_record
TN:
SF:TabNavigator.js
FN:17,BottomTabNavigator
FN:42,(anonymous_1)
FN:46,(anonymous_2)
FN:52,(anonymous_3)
FN:59,(anonymous_4)
FN:64,(anonymous_5)
FN:68,(anonymous_6)
FN:77,(anonymous_7)
FN:82,(anonymous_8)
FN:91,(anonymous_9)
FN:95,(anonymous_10)
FN:98,(anonymous_11)
FN:105,(anonymous_12)
FN:109,(anonymous_13)
FN:112,(anonymous_14)
FNF:15
FNH:0
FNDA:0,BottomTabNavigator
FNDA:0,(anonymous_1)
FNDA:0,(anonymous_2)
FNDA:0,(anonymous_3)
FNDA:0,(anonymous_4)
FNDA:0,(anonymous_5)
FNDA:0,(anonymous_6)
FNDA:0,(anonymous_7)
FNDA:0,(anonymous_8)
FNDA:0,(anonymous_9)
FNDA:0,(anonymous_10)
FNDA:0,(anonymous_11)
FNDA:0,(anonymous_12)
FNDA:0,(anonymous_13)
FNDA:0,(anonymous_14)
DA:15,0
DA:20,0
DA:23,0
DA:25,0
DA:44,0
DA:48,0
DA:52,0
DA:61,0
DA:65,0
DA:68,0
DA:78,0
DA:82,0
DA:93,0
DA:96,0
DA:98,0
DA:107,0
DA:110,0
DA:112,0
DA:119,0
LF:19
LH:0
BRDA:44,0,0,0
BRDA:44,0,1,0
BRDA:48,1,0,0
BRDA:48,1,1,0
BRDA:61,2,0,0
BRDA:61,2,1,0
BRDA:65,3,0,0
BRDA:65,3,1,0
BRDA:93,4,0,0
BRDA:93,4,1,0
BRDA:96,5,0,0
BRDA:96,5,1,0
BRDA:107,6,0,0
BRDA:107,6,1,0
BRDA:110,7,0,0
BRDA:110,7,1,0
BRDA:123,8,0,0
BRDA:123,8,1,0
BRF:18
BRH:0
end_of_record
TN:
SF:jest.resolver.js
FN:2,(anonymous_0)
FN:7,(anonymous_1)
FNF:2
FNH:0
FNDA:0,(anonymous_0)
FNDA:0,(anonymous_1)
DA:2,0
DA:4,0
DA:8,0
DA:25,0
DA:27,0
DA:28,0
DA:31,0
LF:7
LH:0
BRDA:25,0,0,0
BRDA:25,0,1,0
BRF:2
BRH:0
end_of_record
TN:
SF:firebase\firebase.js
FNF:0
FNH:0
DA:11,0
DA:21,0
DA:24,0
DA:25,0
DA:26,0
DA:27,0
DA:28,0
DA:29,0
DA:30,0
LF:9
LH:0
BRF:0
BRH:0
end_of_record
TN:
SF:screens\Contacts\Contacts.js
FN:8,Contacts
FN:21,(anonymous_1)
FN:25,(anonymous_2)
FN:26,checkAvailability
FN:33,(anonymous_4)
FN:58,(anonymous_5)
FN:65,(anonymous_6)
FN:78,(anonymous_7)
FN:83,(anonymous_8)
FN:109,(anonymous_9)
FNF:10
FNH:0
FNDA:0,Contacts
FNDA:0,(anonymous_1)
FNDA:0,(anonymous_2)
FNDA:0,checkAvailability
FNDA:0,(anonymous_4)
FNDA:0,(anonymous_5)
FNDA:0,(anonymous_6)
FNDA:0,(anonymous_7)
FNDA:0,(anonymous_8)
FNDA:0,(anonymous_9)
DA:9,0
DA:10,0
DA:11,0
DA:12,0
DA:13,0
DA:15,0
DA:17,0
DA:18,0
DA:19,0
DA:21,0
DA:22,0
DA:25,0
DA:27,0
DA:28,0
DA:30,0
DA:33,0
DA:35,0
DA:36,0
DA:43,0
DA:49,0
DA:50,0
DA:51,0
DA:58,0
DA:60,0
DA:62,0
DA:65,0
DA:66,0
DA:67,0
DA:68,0
DA:69,0
DA:72,0
DA:74,0
DA:75,0
DA:78,0
DA:79,0
DA:80,0
DA:83,0
DA:84,0
DA:87,0
DA:88,0
DA:109,0
DA:118,0
DA:125,0
LF:43
LH:0
BRDA:35,0,0,0
BRDA:35,0,1,0
BRDA:67,1,0,0
BRDA:67,1,1,0
BRDA:79,2,0,0
BRDA:79,2,1,0
BRDA:87,3,0,0
BRDA:87,3,1,0
BRDA:106,4,0,0
BRDA:106,4,1,0
BRDA:128,5,0,0
BRDA:128,5,1,0
BRDA:131,6,0,0
BRDA:131,6,1,0
BRDA:174,7,0,0
BRDA:174,7,1,0
BRF:16
BRH:0
end_of_record
TN:
SF:screens\Help\Help.js
FN:11,Help
FN:30,(anonymous_1)
FN:34,(anonymous_2)
FN:41,(anonymous_3)
FN:45,(anonymous_4)
FN:53,(anonymous_5)
FN:57,(anonymous_6)
FNF:7
FNH:0
FNDA:0,Help
FNDA:0,(anonymous_1)
FNDA:0,(anonymous_2)
FNDA:0,(anonymous_3)
FNDA:0,(anonymous_4)
FNDA:0,(anonymous_5)
FNDA:0,(anonymous_6)
DA:13,0
DA:15,0
DA:30,0
DA:34,0
DA:41,0
DA:45,0
DA:53,0
DA:57,0
LF:8
LH:0
BRF:0
BRH:0
end_of_record
TN:
SF:screens\Help\styles.js
FNF:0
FNH:0
DA:4,0
LF:1
LH:0
BRDA:16,0,0,0
BRDA:16,0,1,0
BRDA:20,1,0,0
BRDA:20,1,1,0
BRDA:23,2,0,0
BRDA:23,2,1,0
BRDA:27,3,0,0
BRDA:27,3,1,0
BRDA:29,4,0,0
BRDA:29,4,1,0
BRDA:35,5,0,0
BRDA:35,5,1,0
BRDA:38,6,0,0
BRDA:38,6,1,0
BRDA:40,7,0,0
BRDA:40,7,1,0
BRDA:41,8,0,0
BRDA:41,8,1,0
BRDA:100,9,0,0
BRDA:100,9,1,0
BRDA:146,10,0,0
BRDA:146,10,1,0
BRDA:149,11,0,0
BRDA:149,11,1,0
BRDA:201,12,0,0
BRDA:201,12,1,0
BRF:26
BRH:0
end_of_record
TN:
SF:screens\Home\Home.js
FN:10,Home
FN:70,(anonymous_1)
FN:72,(anonymous_2)
FN:99,(anonymous_3)
FN:113,(anonymous_4)
FN:131,(anonymous_5)
FN:143,(anonymous_6)
FN:153,(anonymous_7)
FN:160,(anonymous_8)
FN:169,(anonymous_9)
FN:180,(anonymous_10)
FN:187,(anonymous_11)
FN:196,(anonymous_12)
FN:200,(anonymous_13)
FN:201,(anonymous_14)
FN:209,(anonymous_15)
FN:217,(anonymous_16)
FN:221,(anonymous_17)
FN:222,(anonymous_18)
FN:230,(anonymous_19)
FN:241,(anonymous_20)
FN:245,(anonymous_21)
FN:247,(anonymous_22)
FN:253,(anonymous_23)
FN:258,(anonymous_24)
FN:261,(anonymous_25)
FN:266,(anonymous_26)
FN:269,(anonymous_27)
FN:274,(anonymous_28)
FN:277,(anonymous_29)
FN:282,(anonymous_30)
FN:285,(anonymous_31)
FN:290,(anonymous_32)
FN:293,(anonymous_33)
FN:298,(anonymous_34)
FN:301,(anonymous_35)
FN:314,(anonymous_36)
FN:320,(anonymous_37)
FN:337,(anonymous_38)
FN:342,(anonymous_39)
FN:344,(anonymous_40)
FN:353,(anonymous_41)
FN:364,(anonymous_42)
FN:369,(anonymous_43)
FN:397,(anonymous_44)
FN:409,(anonymous_45)
FN:429,(anonymous_46)
FN:439,(anonymous_47)
FN:444,(anonymous_48)
FN:462,(anonymous_49)
FN:473,(anonymous_50)
FN:485,(anonymous_51)
FN:504,(anonymous_52)
FN:514,(anonymous_53)
FN:519,(anonymous_54)
FN:533,(anonymous_55)
FN:543,(anonymous_56)
FN:548,(anonymous_57)
FN:577,(anonymous_58)
FN:587,(anonymous_59)
FN:592,(anonymous_60)
FN:621,(anonymous_61)
FN:631,(anonymous_62)
FN:636,(anonymous_63)
FN:667,(anonymous_64)
FN:677,(anonymous_65)
FN:682,(anonymous_66)
FN:711,(anonymous_67)
FN:721,(anonymous_68)
FN:726,(anonymous_69)
FN:760,(anonymous_70)
FN:771,(anonymous_71)
FN:776,(anonymous_72)
FNF:73
FNH:0
FNDA:0,Home
FNDA:0,(anonymous_1)
FNDA:0,(anonymous_2)
FNDA:0,(anonymous_3)
FNDA:0,(anonymous_4)
FNDA:0,(anonymous_5)
FNDA:0,(anonymous_6)
FNDA:0,(anonymous_7)
FNDA:0,(anonymous_8)
FNDA:0,(anonymous_9)
FNDA:0,(anonymous_10)
FNDA:0,(anonymous_11)
FNDA:0,(anonymous_12)
FNDA:0,(anonymous_13)
FNDA:0,(anonymous_14)
FNDA:0,(anonymous_15)
FNDA:0,(anonymous_16)
FNDA:0,(anonymous_17)
FNDA:0,(anonymous_18)
FNDA:0,(anonymous_19)
FNDA:0,(anonymous_20)
FNDA:0,(anonymous_21)
FNDA:0,(anonymous_22)
FNDA:0,(anonymous_23)
FNDA:0,(anonymous_24)
FNDA:0,(anonymous_25)
FNDA:0,(anonymous_26)
FNDA:0,(anonymous_27)
FNDA:0,(anonymous_28)
FNDA:0,(anonymous_29)
FNDA:0,(anonymous_30)
FNDA:0,(anonymous_31)
FNDA:0,(anonymous_32)
FNDA:0,(anonymous_33)
FNDA:0,(anonymous_34)
FNDA:0,(anonymous_35)
FNDA:0,(anonymous_36)
FNDA:0,(anonymous_37)
FNDA:0,(anonymous_38)
FNDA:0,(anonymous_39)
FNDA:0,(anonymous_40)
FNDA:0,(anonymous_41)
FNDA:0,(anonymous_42)
FNDA:0,(anonymous_43)
FNDA:0,(anonymous_44)
FNDA:0,(anonymous_45)
FNDA:0,(anonymous_46)
FNDA:0,(anonymous_47)
FNDA:0,(anonymous_48)
FNDA:0,(anonymous_49)
FNDA:0,(anonymous_50)
FNDA:0,(anonymous_51)
FNDA:0,(anonymous_52)
FNDA:0,(anonymous_53)
FNDA:0,(anonymous_54)
FNDA:0,(anonymous_55)
FNDA:0,(anonymous_56)
FNDA:0,(anonymous_57)
FNDA:0,(anonymous_58)
FNDA:0,(anonymous_59)
FNDA:0,(anonymous_60)
FNDA:0,(anonymous_61)
FNDA:0,(anonymous_62)
FNDA:0,(anonymous_63)
FNDA:0,(anonymous_64)
FNDA:0,(anonymous_65)
FNDA:0,(anonymous_66)
FNDA:0,(anonymous_67)
FNDA:0,(anonymous_68)
FNDA:0,(anonymous_69)
FNDA:0,(anonymous_70)
FNDA:0,(anonymous_71)
FNDA:0,(anonymous_72)
DA:13,0
DA:16,0
DA:17,0
DA:18,0
DA:22,0
DA:23,0
DA:24,0
DA:26,0
DA:27,0
DA:29,0
DA:30,0
DA:31,0
DA:32,0
DA:33,0
DA:34,0
DA:35,0
DA:36,0
DA:37,0
DA:38,0
DA:39,0
DA:40,0
DA:41,0
DA:42,0
DA:45,0
DA:46,0
DA:50,0
DA:51,0
DA:52,0
DA:53,0
DA:54,0
DA:55,0
DA:60,0
DA:61,0
DA:62,0
DA:63,0
DA:66,0
DA:67,0
DA:70,0
DA:72,0
DA:73,0
DA:74,0
DA:75,0
DA:76,0
DA:78,0
DA:81,0
DA:82,0
DA:83,0
DA:84,0
DA:86,0
DA:88,0
DA:90,0
DA:91,0
DA:100,0
DA:101,0
DA:102,0
DA:105,0
DA:114,0
DA:115,0
DA:116,0
DA:121,0
DA:128,0
DA:132,0
DA:134,0
DA:135,0
DA:143,0
DA:145,0
DA:146,0
DA:151,0
DA:154,0
DA:155,0
DA:161,0
DA:169,0
DA:171,0
DA:172,0
DA:178,0
DA:181,0
DA:182,0
DA:188,0
DA:196,0
DA:197,0
DA:201,0
DA:202,0
DA:203,0
DA:204,0
DA:210,0
DA:217,0
DA:218,0
DA:222,0
DA:223,0
DA:224,0
DA:225,0
DA:226,0
DA:231,0
DA:241,0
DA:243,0
DA:246,0
DA:248,0
DA:253,0
DA:255,0
DA:256,0
DA:257,0
DA:259,0
DA:262,0
DA:264,0
DA:265,0
DA:267,0
DA:270,0
DA:272,0
DA:273,0
DA:275,0
DA:278,0
DA:280,0
DA:281,0
DA:283,0
DA:286,0
DA:288,0
DA:289,0
DA:291,0
DA:294,0
DA:296,0
DA:297,0
DA:299,0
DA:302,0
DA:309,0
DA:314,0
DA:315,0
DA:316,0
DA:320,0
DA:321,0
DA:322,0
DA:325,0
DA:326,0
DA:330,0
DA:331,0
DA:337,0
DA:343,0
DA:344,0
DA:353,0
DA:364,0
DA:370,0
DA:397,0
DA:409,0
DA:429,0
DA:439,0
DA:445,0
DA:462,0
DA:473,0
DA:485,0
DA:504,0
DA:514,0
DA:520,0
DA:533,0
DA:543,0
DA:549,0
DA:577,0
DA:587,0
DA:593,0
DA:621,0
DA:631,0
DA:637,0
DA:667,0
DA:677,0
DA:683,0
DA:711,0
DA:721,0
DA:727,0
DA:760,0
DA:771,0
DA:777,0
DA:802,0
LF:170
LH:0
BRDA:73,0,0,0
BRDA:73,0,1,0
BRDA:81,1,0,0
BRDA:81,1,1,0
BRDA:90,2,0,0
BRDA:90,2,1,0
BRDA:145,3,0,0
BRDA:145,3,1,0
BRDA:145,4,0,0
BRDA:145,4,1,0
BRDA:145,4,2,0
BRDA:145,5,0,0
BRDA:145,5,1,0
BRDA:171,6,0,0
BRDA:171,6,1,0
BRDA:171,7,0,0
BRDA:171,7,1,0
BRDA:171,7,2,0
BRDA:171,7,3,0
BRDA:171,7,4,0
BRDA:171,8,0,0
BRDA:171,8,1,0
BRDA:256,9,0,0
BRDA:256,9,1,0
BRDA:264,10,0,0
BRDA:264,10,1,0
BRDA:272,11,0,0
BRDA:272,11,1,0
BRDA:280,12,0,0
BRDA:280,12,1,0
BRDA:288,13,0,0
BRDA:288,13,1,0
BRDA:296,14,0,0
BRDA:296,14,1,0
BRDA:325,15,0,0
BRDA:325,15,1,0
BRDA:330,16,0,0
BRDA:330,16,1,0
BRF:38
BRH:0
end_of_record
TN:
SF:screens\Home\Styles.js
FNF:0
FNH:0
DA:2,0
DA:3,0
DA:5,0
LF:3
LH:0
BRDA:11,0,0,0
BRDA:11,0,1,0
BRDA:28,1,0,0
BRDA:28,1,1,0
BRDA:125,2,0,0
BRDA:125,2,1,0
BRDA:138,3,0,0
BRDA:138,3,1,0
BRDA:153,4,0,0
BRDA:153,4,1,0
BRDA:245,5,0,0
BRDA:245,5,1,0
BRF:12
BRH:0
end_of_record
TN:
SF:screens\Insights\Insights.js
FN:10,Insights
FN:37,(anonymous_1)
FN:42,(anonymous_2)
FN:43,(anonymous_3)
FN:86,(anonymous_4)
FN:118,(anonymous_5)
FN:244,(anonymous_6)
FN:245,(anonymous_7)
FN:266,(anonymous_8)
FNF:9
FNH:0
FNDA:0,Insights
FNDA:0,(anonymous_1)
FNDA:0,(anonymous_2)
FNDA:0,(anonymous_3)
FNDA:0,(anonymous_4)
FNDA:0,(anonymous_5)
FNDA:0,(anonymous_6)
FNDA:0,(anonymous_7)
FNDA:0,(anonymous_8)
DA:12,0
DA:13,0
DA:14,0
DA:16,0
DA:17,0
DA:18,0
DA:19,0
DA:20,0
DA:21,0
DA:22,0
DA:23,0
DA:26,0
DA:27,0
DA:28,0
DA:29,0
DA:30,0
DA:31,0
DA:32,0
DA:33,0
DA:37,0
DA:38,0
DA:43,0
DA:44,0
DA:47,0
DA:48,0
DA:51,0
DA:52,0
DA:55,0
DA:56,0
DA:59,0
DA:60,0
DA:63,0
DA:64,0
DA:67,0
DA:68,0
DA:71,0
DA:72,0
DA:76,0
DA:77,0
DA:78,0
DA:79,0
DA:80,0
DA:81,0
DA:82,0
DA:83,0
DA:87,0
DA:94,0
DA:119,0
DA:120,0
DA:127,0
DA:128,0
DA:135,0
DA:136,0
DA:143,0
DA:144,0
DA:151,0
DA:152,0
DA:159,0
DA:160,0
DA:167,0
DA:168,0
DA:175,0
DA:176,0
DA:183,0
DA:184,0
DA:191,0
DA:192,0
DA:199,0
DA:200,0
DA:207,0
DA:208,0
DA:244,0
DA:245,0
DA:268,0
DA:269,0
DA:277,0
DA:278,0
DA:290,0
DA:291,0
DA:301,0
DA:302,0
DA:312,0
DA:313,0
DA:322,0
DA:323,0
DA:332,0
DA:333,0
DA:342,0
DA:343,0
LF:89
LH:0
BRDA:47,0,0,0
BRDA:47,0,1,0
BRDA:51,1,0,0
BRDA:51,1,1,0
BRDA:55,2,0,0
BRDA:55,2,1,0
BRDA:59,3,0,0
BRDA:59,3,1,0
BRDA:63,4,0,0
BRDA:63,4,1,0
BRDA:67,5,0,0
BRDA:67,5,1,0
BRDA:71,6,0,0
BRDA:71,6,1,0
BRDA:98,7,0,0
BRDA:98,7,1,0
BRDA:119,8,0,0
BRDA:119,8,1,0
BRDA:127,9,0,0
BRDA:127,9,1,0
BRDA:135,10,0,0
BRDA:135,10,1,0
BRDA:143,11,0,0
BRDA:143,11,1,0
BRDA:151,12,0,0
BRDA:151,12,1,0
BRDA:159,13,0,0
BRDA:159,13,1,0
BRDA:167,14,0,0
BRDA:167,14,1,0
BRDA:175,15,0,0
BRDA:175,15,1,0
BRDA:183,16,0,0
BRDA:183,16,1,0
BRDA:191,17,0,0
BRDA:191,17,1,0
BRDA:199,18,0,0
BRDA:199,18,1,0
BRDA:207,19,0,0
BRDA:207,19,1,0
BRDA:244,20,0,0
BRDA:245,21,0,0
BRDA:268,22,0,0
BRDA:268,22,1,0
BRDA:277,23,0,0
BRDA:277,23,1,0
BRDA:290,24,0,0
BRDA:290,24,1,0
BRDA:301,25,0,0
BRDA:301,25,1,0
BRDA:312,26,0,0
BRDA:312,26,1,0
BRDA:322,27,0,0
BRDA:322,27,1,0
BRDA:332,28,0,0
BRDA:332,28,1,0
BRDA:342,29,0,0
BRDA:342,29,1,0
BRF:58
BRH:0
end_of_record
TN:
SF:screens\Insights\Styles.js
FNF:0
FNH:0
DA:4,0
LF:1
LH:0
BRF:0
BRH:0
end_of_record
TN:
SF:screens\Login\OnboardingScreen.js
FN:5,(anonymous_0)
FN:11,(anonymous_1)
FN:17,(anonymous_2)
FN:23,OnboardingScreen
FN:29,(anonymous_4)
FN:30,(anonymous_5)
FNF:6
FNH:0
FNDA:0,(anonymous_0)
FNDA:0,(anonymous_1)
FNDA:0,(anonymous_2)
FNDA:0,OnboardingScreen
FNDA:0,(anonymous_4)
FNDA:0,(anonymous_5)
DA:5,0
DA:6,0
DA:11,0
DA:12,0
DA:17,0
DA:18,0
DA:24,0
DA:29,0
DA:30,0
DA:87,0
LF:10
LH:0
BRF:0
BRH:0
end_of_record
TN:
SF:screens\Login\SignUp.js
FN:10,(anonymous_0)
FN:16,(anonymous_1)
FN:21,SignUp
FN:31,(anonymous_3)
FN:55,(anonymous_4)
FN:70,(anonymous_5)
FN:74,(anonymous_6)
FN:79,(anonymous_7)
FN:100,(anonymous_8)
FN:110,(anonymous_9)
FN:121,(anonymous_10)
FN:132,(anonymous_11)
FN:142,(anonymous_12)
FN:149,(anonymous_13)
FNF:14
FNH:0
FNDA:0,(anonymous_0)
FNDA:0,(anonymous_1)
FNDA:0,SignUp
FNDA:0,(anonymous_3)
FNDA:0,(anonymous_4)
FNDA:0,(anonymous_5)
FNDA:0,(anonymous_6)
FNDA:0,(anonymous_7)
FNDA:0,(anonymous_8)
FNDA:0,(anonymous_9)
FNDA:0,(anonymous_10)
FNDA:0,(anonymous_11)
FNDA:0,(anonymous_12)
FNDA:0,(anonymous_13)
DA:10,0
DA:11,0
DA:12,0
DA:16,0
DA:17,0
DA:18,0
DA:24,0
DA:25,0
DA:26,0
DA:27,0
DA:28,0
DA:29,0
DA:31,0
DA:32,0
DA:34,0
DA:35,0
DA:36,0
DA:37,0
DA:40,0
DA:41,0
DA:42,0
DA:43,0
DA:44,0
DA:47,0
DA:48,0
DA:49,0
DA:50,0
DA:53,0
DA:56,0
DA:57,0
DA:66,0
DA:67,0
DA:71,0
DA:72,0
DA:75,0
DA:76,0
DA:80,0
DA:81,0
DA:87,0
DA:100,0
DA:110,0
DA:121,0
DA:132,0
DA:142,0
DA:149,0
LF:45
LH:0
BRDA:34,0,0,0
BRDA:34,0,1,0
BRDA:40,1,0,0
BRDA:40,1,1,0
BRDA:47,2,0,0
BRDA:47,2,1,0
BRDA:138,3,0,0
BRDA:138,3,1,0
BRF:8
BRH:0
end_of_record
TN:
SF:screens\Login\Styles.js
FNF:0
FNH:0
DA:3,0
LF:1
LH:0
BRDA:7,0,0,0
BRDA:7,0,1,0
BRF:2
BRH:0
end_of_record
TN:
SF:screens\Login\Welcome.js
FN:11,(anonymous_0)
FN:16,Welcome
FN:26,(anonymous_2)
FN:43,(anonymous_3)
FN:55,(anonymous_4)
FN:61,(anonymous_5)
FN:69,(anonymous_6)
FN:74,(anonymous_7)
FN:99,(anonymous_8)
FN:109,(anonymous_9)
FN:116,(anonymous_10)
FN:123,(anonymous_11)
FNF:12
FNH:0
FNDA:0,(anonymous_0)
FNDA:0,Welcome
FNDA:0,(anonymous_2)
FNDA:0,(anonymous_3)
FNDA:0,(anonymous_4)
FNDA:0,(anonymous_5)
FNDA:0,(anonymous_6)
FNDA:0,(anonymous_7)
FNDA:0,(anonymous_8)
FNDA:0,(anonymous_9)
FNDA:0,(anonymous_10)
FNDA:0,(anonymous_11)
DA:11,0
DA:12,0
DA:13,0
DA:19,0
DA:20,0
DA:21,0
DA:26,0
DA:27,0
DA:28,0
DA:29,0
DA:30,0
DA:31,0
DA:33,0
DA:34,0
DA:43,0
DA:44,0
DA:47,0
DA:48,0
DA:49,0
DA:50,0
DA:53,0
DA:56,0
DA:57,0
DA:58,0
DA:62,0
DA:63,0
DA:64,0
DA:66,0
DA:67,0
DA:70,0
DA:71,0
DA:75,0
DA:76,0
DA:81,0
DA:82,0
DA:86,0
DA:99,0
DA:109,0
DA:116,0
DA:123,0
LF:40
LH:0
BRDA:28,0,0,0
BRDA:28,0,1,0
BRDA:30,1,0,0
BRDA:30,1,1,0
BRDA:47,2,0,0
BRDA:47,2,1,0
BRDA:62,3,0,0
BRDA:62,3,1,0
BRDA:81,4,0,0
BRDA:81,4,1,0
BRF:10
BRH:0
end_of_record
TN:
SF:screens\Memories\AddLifeEvent.js
FN:16,AddLifeEvent
FN:58,(anonymous_1)
FN:69,(anonymous_2)
FN:80,(anonymous_3)
FN:89,(anonymous_4)
FN:95,(anonymous_5)
FN:101,(anonymous_6)
FN:125,(anonymous_7)
FN:145,(anonymous_8)
FN:147,(anonymous_9)
FN:160,(anonymous_10)
FN:166,(anonymous_11)
FN:169,(anonymous_12)
FN:174,(anonymous_13)
FN:175,(anonymous_14)
FN:182,(anonymous_15)
FN:183,(anonymous_16)
FN:191,(anonymous_17)
FN:193,(anonymous_18)
FN:206,(anonymous_19)
FN:212,(anonymous_20)
FN:215,(anonymous_21)
FN:220,(anonymous_22)
FN:221,(anonymous_23)
FN:228,(anonymous_24)
FN:229,(anonymous_25)
FN:262,startRecording
FN:284,stopRecording
FN:299,(anonymous_28)
FN:312,getDurationFormatted
FN:321,getRecordingLines
FN:322,(anonymous_31)
FN:330,(anonymous_32)
FN:342,(anonymous_33)
FN:373,(anonymous_34)
FN:393,(anonymous_35)
FN:418,(anonymous_36)
FN:426,(anonymous_37)
FN:440,(anonymous_38)
FN:454,(anonymous_39)
FN:468,(anonymous_40)
FN:481,(anonymous_41)
FN:494,(anonymous_42)
FN:507,(anonymous_43)
FN:533,(anonymous_44)
FN:604,(anonymous_45)
FN:637,(anonymous_46)
FN:646,(anonymous_47)
FNF:48
FNH:0
FNDA:0,AddLifeEvent
FNDA:0,(anonymous_1)
FNDA:0,(anonymous_2)
FNDA:0,(anonymous_3)
FNDA:0,(anonymous_4)
FNDA:0,(anonymous_5)
FNDA:0,(anonymous_6)
FNDA:0,(anonymous_7)
FNDA:0,(anonymous_8)
FNDA:0,(anonymous_9)
FNDA:0,(anonymous_10)
FNDA:0,(anonymous_11)
FNDA:0,(anonymous_12)
FNDA:0,(anonymous_13)
FNDA:0,(anonymous_14)
FNDA:0,(anonymous_15)
FNDA:0,(anonymous_16)
FNDA:0,(anonymous_17)
FNDA:0,(anonymous_18)
FNDA:0,(anonymous_19)
FNDA:0,(anonymous_20)
FNDA:0,(anonymous_21)
FNDA:0,(anonymous_22)
FNDA:0,(anonymous_23)
FNDA:0,(anonymous_24)
FNDA:0,(anonymous_25)
FNDA:0,startRecording
FNDA:0,stopRecording
FNDA:0,(anonymous_28)
FNDA:0,getDurationFormatted
FNDA:0,getRecordingLines
FNDA:0,(anonymous_31)
FNDA:0,(anonymous_32)
FNDA:0,(anonymous_33)
FNDA:0,(anonymous_34)
FNDA:0,(anonymous_35)
FNDA:0,(anonymous_36)
FNDA:0,(anonymous_37)
FNDA:0,(anonymous_38)
FNDA:0,(anonymous_39)
FNDA:0,(anonymous_40)
FNDA:0,(anonymous_41)
FNDA:0,(anonymous_42)
FNDA:0,(anonymous_43)
FNDA:0,(anonymous_44)
FNDA:0,(anonymous_45)
FNDA:0,(anonymous_46)
FNDA:0,(anonymous_47)
DA:20,0
DA:21,0
DA:22,0
DA:23,0
DA:24,0
DA:25,0
DA:26,0
DA:28,0
DA:29,0
DA:31,0
DA:32,0
DA:33,0
DA:35,0
DA:36,0
DA:37,0
DA:38,0
DA:41,0
DA:42,0
DA:43,0
DA:45,0
DA:46,0
DA:48,0
DA:49,0
DA:50,0
DA:52,0
DA:53,0
DA:54,0
DA:55,0
DA:57,0
DA:58,0
DA:59,0
DA:62,0
DA:64,0
DA:65,0
DA:66,0
DA:69,0
DA:71,0
DA:72,0
DA:73,0
DA:74,0
DA:80,0
DA:81,0
DA:82,0
DA:83,0
DA:84,0
DA:85,0
DA:89,0
DA:90,0
DA:91,0
DA:95,0
DA:96,0
DA:97,0
DA:101,0
DA:102,0
DA:103,0
DA:105,0
DA:112,0
DA:114,0
DA:115,0
DA:116,0
DA:117,0
DA:118,0
DA:125,0
DA:126,0
DA:133,0
DA:135,0
DA:136,0
DA:137,0
DA:138,0
DA:139,0
DA:145,0
DA:146,0
DA:147,0
DA:149,0
DA:150,0
DA:153,0
DA:154,0
DA:155,0
DA:156,0
DA:157,0
DA:158,0
DA:161,0
DA:164,0
DA:167,0
DA:170,0
DA:175,0
DA:181,0
DA:182,0
DA:183,0
DA:191,0
DA:192,0
DA:193,0
DA:195,0
DA:196,0
DA:199,0
DA:200,0
DA:201,0
DA:202,0
DA:203,0
DA:204,0
DA:207,0
DA:210,0
DA:213,0
DA:216,0
DA:221,0
DA:227,0
DA:228,0
DA:229,0
DA:238,0
DA:263,0
DA:264,0
DA:266,0
DA:267,0
DA:271,0
DA:274,0
DA:276,0
DA:279,0
DA:285,0
DA:286,0
DA:288,0
DA:289,0
DA:290,0
DA:295,0
DA:299,0
DA:300,0
DA:301,0
DA:302,0
DA:303,0
DA:304,0
DA:305,0
DA:306,0
DA:307,0
DA:313,0
DA:314,0
DA:315,0
DA:316,0
DA:317,0
DA:322,0
DA:323,0
DA:330,0
DA:342,0
DA:344,0
DA:345,0
DA:346,0
DA:348,0
DA:349,0
DA:351,0
DA:352,0
DA:355,0
DA:356,0
DA:359,0
DA:365,0
DA:366,0
DA:367,0
DA:370,0
DA:373,0
DA:375,0
DA:376,0
DA:391,0
DA:394,0
DA:396,0
DA:397,0
DA:398,0
DA:399,0
DA:400,0
DA:401,0
DA:402,0
DA:403,0
DA:404,0
DA:405,0
DA:406,0
DA:407,0
DA:408,0
DA:409,0
DA:410,0
DA:413,0
DA:414,0
DA:419,0
DA:426,0
DA:427,0
DA:428,0
DA:429,0
DA:430,0
DA:431,0
DA:432,0
DA:433,0
DA:434,0
DA:435,0
DA:440,0
DA:441,0
DA:442,0
DA:443,0
DA:444,0
DA:445,0
DA:446,0
DA:447,0
DA:448,0
DA:449,0
DA:454,0
DA:455,0
DA:456,0
DA:457,0
DA:458,0
DA:459,0
DA:460,0
DA:461,0
DA:462,0
DA:463,0
DA:468,0
DA:469,0
DA:470,0
DA:471,0
DA:472,0
DA:473,0
DA:474,0
DA:475,0
DA:476,0
DA:477,0
DA:481,0
DA:482,0
DA:483,0
DA:484,0
DA:485,0
DA:486,0
DA:487,0
DA:488,0
DA:489,0
DA:490,0
DA:494,0
DA:495,0
DA:496,0
DA:497,0
DA:498,0
DA:499,0
DA:500,0
DA:501,0
DA:502,0
DA:503,0
DA:507,0
DA:508,0
DA:509,0
DA:510,0
DA:511,0
DA:512,0
DA:513,0
DA:514,0
DA:515,0
DA:516,0
DA:520,0
DA:533,0
DA:604,0
DA:638,0
DA:647,0
DA:679,0
LF:254
LH:0
BRDA:81,0,0,0
BRDA:81,0,1,0
BRDA:103,1,0,0
BRDA:103,1,1,0
BRDA:114,2,0,0
BRDA:114,2,1,0
BRDA:115,3,0,0
BRDA:115,3,1,0
BRDA:117,4,0,0
BRDA:117,4,1,0
BRDA:135,5,0,0
BRDA:135,5,1,0
BRDA:136,6,0,0
BRDA:136,6,1,0
BRDA:138,7,0,0
BRDA:138,7,1,0
BRDA:266,8,0,0
BRDA:266,8,1,0
BRDA:300,9,0,0
BRDA:300,9,1,0
BRDA:316,10,0,0
BRDA:316,10,1,0
BRDA:345,11,0,0
BRDA:345,11,1,0
BRDA:348,12,0,0
BRDA:348,12,1,0
BRDA:348,13,0,0
BRDA:348,13,1,0
BRDA:348,13,2,0
BRDA:348,13,3,0
BRDA:348,13,4,0
BRDA:348,13,5,0
BRDA:348,13,6,0
BRDA:351,14,0,0
BRDA:351,14,1,0
BRDA:355,15,0,0
BRDA:355,15,1,0
BRDA:375,16,0,0
BRDA:375,16,1,0
BRDA:383,17,0,0
BRDA:383,17,1,0
BRDA:427,18,0,0
BRDA:427,18,1,0
BRDA:441,19,0,0
BRDA:441,19,1,0
BRDA:455,20,0,0
BRDA:455,20,1,0
BRDA:469,21,0,0
BRDA:469,21,1,0
BRDA:482,22,0,0
BRDA:482,22,1,0
BRDA:495,23,0,0
BRDA:495,23,1,0
BRDA:508,24,0,0
BRDA:508,24,1,0
BRDA:539,25,0,0
BRDA:539,25,1,0
BRDA:543,26,0,0
BRDA:543,26,1,0
BRDA:557,27,0,0
BRDA:557,27,1,0
BRDA:564,28,0,0
BRDA:564,28,1,0
BRDA:569,29,0,0
BRDA:569,29,1,0
BRDA:574,30,0,0
BRDA:574,30,1,0
BRDA:579,31,0,0
BRDA:579,31,1,0
BRDA:584,32,0,0
BRDA:584,32,1,0
BRDA:589,33,0,0
BRDA:589,33,1,0
BRDA:615,34,0,0
BRDA:615,34,1,0
BRDA:615,35,0,0
BRDA:615,35,1,0
BRF:77
BRH:0
end_of_record
TN:
SF:screens\Memories\Styles.js
FNF:0
FNH:0
DA:3,0
DA:151,0
DA:153,0
LF:3
LH:0
BRDA:24,0,0,0
BRDA:24,0,1,0
BRDA:31,1,0,0
BRDA:31,1,1,0
BRDA:45,2,0,0
BRDA:45,2,1,0
BRDA:65,3,0,0
BRDA:65,3,1,0
BRDA:106,4,0,0
BRDA:106,4,1,0
BRDA:109,5,0,0
BRDA:109,5,1,0
BRF:12
BRH:0
end_of_record
TN:
SF:screens\Memories\Timeline.js
FN:11,Timeline
FN:23,(anonymous_1)
FN:28,(anonymous_2)
FN:30,(anonymous_3)
FN:37,(anonymous_4)
FN:44,(anonymous_5)
FN:46,(anonymous_6)
FN:57,(anonymous_7)
FN:87,(anonymous_8)
FN:89,(anonymous_9)
FN:89,(anonymous_10)
FN:96,(anonymous_11)
FN:113,(anonymous_12)
FNF:13
FNH:0
FNDA:0,Timeline
FNDA:0,(anonymous_1)
FNDA:0,(anonymous_2)
FNDA:0,(anonymous_3)
FNDA:0,(anonymous_4)
FNDA:0,(anonymous_5)
FNDA:0,(anonymous_6)
FNDA:0,(anonymous_7)
FNDA:0,(anonymous_8)
FNDA:0,(anonymous_9)
FNDA:0,(anonymous_10)
FNDA:0,(anonymous_11)
FNDA:0,(anonymous_12)
DA:14,0
DA:15,0
DA:16,0
DA:17,0
DA:19,0
DA:20,0
DA:23,0
DA:24,0
DA:29,0
DA:30,0
DA:31,0
DA:32,0
DA:33,0
DA:35,0
DA:38,0
DA:44,0
DA:45,0
DA:46,0
DA:48,0
DA:50,0
DA:57,0
DA:58,0
DA:62,0
DA:63,0
DA:74,0
DA:87,0
DA:89,0
DA:97,0
DA:114,0
DA:143,0
LF:30
LH:0
BRDA:48,0,0,0
BRDA:48,0,1,0
BRDA:48,0,2,0
BRDA:48,0,3,0
BRDA:62,1,0,0
BRDA:62,1,1,0
BRDA:86,2,0,0
BRDA:86,2,1,0
BRDA:86,3,0,0
BRDA:86,3,1,0
BRDA:95,4,0,0
BRDA:95,4,1,0
BRDA:112,5,0,0
BRDA:112,5,1,0
BRDA:135,6,0,0
BRDA:135,6,1,0
BRDA:135,7,0,0
BRDA:135,7,1,0
BRDA:135,8,0,0
BRDA:135,8,1,0
BRDA:135,9,0,0
BRDA:135,9,1,0
BRDA:135,10,0,0
BRDA:135,10,1,0
BRDA:135,11,0,0
BRDA:135,11,1,0
BRF:26
BRH:0
end_of_record
TN:
SF:screens\Memories\ViewLifeEvent.js
FN:11,ViewLifeEvent
FN:34,(anonymous_1)
FN:39,(anonymous_2)
FN:40,(anonymous_3)
FN:50,(anonymous_4)
FN:55,(anonymous_5)
FN:62,(anonymous_6)
FN:63,(anonymous_7)
FN:68,(anonymous_8)
FN:69,(anonymous_9)
FN:72,(anonymous_10)
FN:78,(anonymous_11)
FN:88,playSound
FN:97,pauseSound
FN:165,(anonymous_14)
FN:175,(anonymous_15)
FNF:16
FNH:0
FNDA:0,ViewLifeEvent
FNDA:0,(anonymous_1)
FNDA:0,(anonymous_2)
FNDA:0,(anonymous_3)
FNDA:0,(anonymous_4)
FNDA:0,(anonymous_5)
FNDA:0,(anonymous_6)
FNDA:0,(anonymous_7)
FNDA:0,(anonymous_8)
FNDA:0,(anonymous_9)
FNDA:0,(anonymous_10)
FNDA:0,(anonymous_11)
FNDA:0,playSound
FNDA:0,pauseSound
FNDA:0,(anonymous_14)
FNDA:0,(anonymous_15)
DA:14,0
DA:15,0
DA:16,0
DA:17,0
DA:18,0
DA:19,0
DA:20,0
DA:21,0
DA:24,0
DA:25,0
DA:26,0
DA:30,0
DA:34,0
DA:35,0
DA:40,0
DA:41,0
DA:42,0
DA:43,0
DA:44,0
DA:45,0
DA:46,0
DA:47,0
DA:48,0
DA:49,0
DA:50,0
DA:51,0
DA:56,0
DA:62,0
DA:63,0
DA:64,0
DA:69,0
DA:70,0
DA:71,0
DA:72,0
DA:73,0
DA:76,0
DA:79,0
DA:89,0
DA:90,0
DA:92,0
DA:98,0
DA:99,0
DA:101,0
DA:106,0
DA:166,0
DA:176,0
DA:226,0
LF:47
LH:0
BRDA:117,0,0,0
BRDA:117,0,1,0
BRDA:121,1,0,0
BRDA:121,1,1,0
BRDA:125,2,0,0
BRDA:125,2,1,0
BRDA:128,3,0,0
BRDA:128,3,1,0
BRDA:131,4,0,0
BRDA:131,4,1,0
BRDA:134,5,0,0
BRDA:134,5,1,0
BRDA:137,6,0,0
BRDA:137,6,1,0
BRDA:191,7,0,0
BRDA:191,7,1,0
BRDA:294,8,0,0
BRDA:294,8,1,0
BRDA:394,9,0,0
BRDA:394,9,1,0
BRF:20
BRH:0
end_of_record
TN:
SF:screens\MoodCalendar\MoodCalendar.js
FN:11,MoodCalendar
FN:44,(anonymous_1)
FN:49,(anonymous_2)
FN:51,(anonymous_3)
FN:54,(anonymous_4)
FN:62,(anonymous_5)
FN:67,(anonymous_6)
FN:68,(anonymous_7)
FN:73,(anonymous_8)
FN:74,(anonymous_9)
FN:77,(anonymous_10)
FN:83,(anonymous_11)
FN:93,(anonymous_12)
FN:98,(anonymous_13)
FN:129,(anonymous_14)
FN:178,playSound
FN:187,pauseSound
FN:196,(anonymous_17)
FN:265,(anonymous_18)
FN:279,(anonymous_19)
FN:288,(anonymous_20)
FN:380,(anonymous_21)
FN:391,(anonymous_22)
FNF:23
FNH:0
FNDA:0,MoodCalendar
FNDA:0,(anonymous_1)
FNDA:0,(anonymous_2)
FNDA:0,(anonymous_3)
FNDA:0,(anonymous_4)
FNDA:0,(anonymous_5)
FNDA:0,(anonymous_6)
FNDA:0,(anonymous_7)
FNDA:0,(anonymous_8)
FNDA:0,(anonymous_9)
FNDA:0,(anonymous_10)
FNDA:0,(anonymous_11)
FNDA:0,(anonymous_12)
FNDA:0,(anonymous_13)
FNDA:0,(anonymous_14)
FNDA:0,playSound
FNDA:0,pauseSound
FNDA:0,(anonymous_17)
FNDA:0,(anonymous_18)
FNDA:0,(anonymous_19)
FNDA:0,(anonymous_20)
FNDA:0,(anonymous_21)
FNDA:0,(anonymous_22)
DA:14,0
DA:17,0
DA:20,0
DA:21,0
DA:24,0
DA:25,0
DA:26,0
DA:27,0
DA:28,0
DA:29,0
DA:30,0
DA:33,0
DA:34,0
DA:35,0
DA:36,0
DA:37,0
DA:40,0
DA:41,0
DA:44,0
DA:45,0
DA:50,0
DA:51,0
DA:52,0
DA:53,0
DA:54,0
DA:55,0
DA:57,0
DA:58,0
DA:60,0
DA:63,0
DA:67,0
DA:68,0
DA:69,0
DA:74,0
DA:75,0
DA:76,0
DA:77,0
DA:78,0
DA:81,0
DA:84,0
DA:93,0
DA:94,0
DA:98,0
DA:99,0
DA:105,0
DA:106,0
DA:107,0
DA:108,0
DA:109,0
DA:110,0
DA:111,0
DA:112,0
DA:118,0
DA:121,0
DA:122,0
DA:123,0
DA:124,0
DA:125,0
DA:126,0
DA:129,0
DA:130,0
DA:131,0
DA:132,0
DA:136,0
DA:137,0
DA:138,0
DA:141,0
DA:142,0
DA:143,0
DA:147,0
DA:148,0
DA:149,0
DA:153,0
DA:154,0
DA:155,0
DA:158,0
DA:159,0
DA:160,0
DA:166,0
DA:179,0
DA:180,0
DA:182,0
DA:188,0
DA:189,0
DA:191,0
DA:196,0
DA:197,0
DA:198,0
DA:199,0
DA:200,0
DA:201,0
DA:202,0
DA:204,0
DA:205,0
DA:206,0
DA:208,0
DA:209,0
DA:212,0
DA:213,0
DA:214,0
DA:216,0
DA:217,0
DA:218,0
DA:220,0
DA:221,0
DA:224,0
DA:225,0
DA:226,0
DA:228,0
DA:229,0
DA:230,0
DA:232,0
DA:233,0
DA:236,0
DA:237,0
DA:238,0
DA:240,0
DA:241,0
DA:242,0
DA:244,0
DA:245,0
DA:249,0
DA:250,0
DA:251,0
DA:253,0
DA:254,0
DA:258,0
DA:260,0
DA:261,0
DA:265,0
DA:280,0
DA:289,0
DA:380,0
DA:391,0
DA:405,0
LF:135
LH:0
BRDA:131,0,0,0
BRDA:131,0,1,0
BRDA:137,1,0,0
BRDA:137,1,1,0
BRDA:142,2,0,0
BRDA:142,2,1,0
BRDA:148,3,0,0
BRDA:148,3,1,0
BRDA:154,4,0,0
BRDA:154,4,1,0
BRDA:159,5,0,0
BRDA:159,5,1,0
BRDA:168,6,0,0
BRDA:168,6,1,0
BRDA:168,7,0,0
BRDA:168,7,1,0
BRDA:169,8,0,0
BRDA:169,8,1,0
BRDA:169,9,0,0
BRDA:169,9,1,0
BRDA:170,10,0,0
BRDA:170,10,1,0
BRDA:171,11,0,0
BRDA:171,11,1,0
BRDA:172,12,0,0
BRDA:172,12,1,0
BRDA:173,13,0,0
BRDA:173,13,1,0
BRDA:173,14,0,0
BRDA:173,14,1,0
BRDA:173,15,0,0
BRDA:173,15,1,0
BRDA:173,16,0,0
BRDA:173,16,1,0
BRDA:173,17,0,0
BRDA:173,17,1,0
BRDA:173,18,0,0
BRDA:173,18,1,0
BRDA:173,19,0,0
BRDA:173,19,1,0
BRDA:198,20,0,0
BRDA:198,20,1,0
BRDA:201,21,0,0
BRDA:201,21,1,0
BRDA:204,22,0,0
BRDA:204,22,1,0
BRDA:204,23,0,0
BRDA:204,23,1,0
BRDA:213,24,0,0
BRDA:213,24,1,0
BRDA:216,25,0,0
BRDA:216,25,1,0
BRDA:225,26,0,0
BRDA:225,26,1,0
BRDA:228,27,0,0
BRDA:228,27,1,0
BRDA:237,28,0,0
BRDA:237,28,1,0
BRDA:240,29,0,0
BRDA:240,29,1,0
BRDA:249,30,0,0
BRDA:249,30,1,0
BRDA:249,31,0,0
BRDA:249,31,1,0
BRDA:260,32,0,0
BRDA:260,32,1,0
BRDA:263,33,0,0
BRDA:263,33,1,0
BRDA:303,34,0,0
BRDA:303,34,1,0
BRF:70
BRH:0
end_of_record
TN:
SF:screens\MoodCalendar\Styles.js
FNF:0
FNH:0
DA:4,0
LF:1
LH:0
BRDA:7,0,0,0
BRDA:7,0,1,0
BRDA:12,1,0,0
BRDA:12,1,1,0
BRDA:14,2,0,0
BRDA:14,2,1,0
BRDA:45,3,0,0
BRDA:45,3,1,0
BRDA:55,4,0,0
BRDA:55,4,1,0
BRDA:58,5,0,0
BRDA:58,5,1,0
BRDA:62,6,0,0
BRDA:62,6,1,0
BRF:14
BRH:0
end_of_record
TN:
SF:screens\Settings\Settings.js
FN:9,Settings
FN:27,(anonymous_1)
FN:37,(anonymous_2)
FN:45,(anonymous_3)
FN:64,(anonymous_4)
FN:80,(anonymous_5)
FN:81,(anonymous_6)
FN:83,(anonymous_7)
FN:86,(anonymous_8)
FN:114,(anonymous_9)
FNF:10
FNH:0
FNDA:0,Settings
FNDA:0,(anonymous_1)
FNDA:0,(anonymous_2)
FNDA:0,(anonymous_3)
FNDA:0,(anonymous_4)
FNDA:0,(anonymous_5)
FNDA:0,(anonymous_6)
FNDA:0,(anonymous_7)
FNDA:0,(anonymous_8)
FNDA:0,(anonymous_9)
DA:12,0
DA:15,0
DA:18,0
DA:21,0
DA:22,0
DA:23,0
DA:27,0
DA:28,0
DA:45,0
DA:46,0
DA:47,0
DA:48,0
DA:55,0
DA:57,0
DA:58,0
DA:64,0
DA:65,0
DA:72,0
DA:74,0
DA:75,0
DA:80,0
DA:81,0
DA:82,0
DA:83,0
DA:84,0
DA:86,0
DA:87,0
DA:88,0
DA:90,0
DA:91,0
DA:92,0
DA:94,0
DA:95,0
DA:97,0
DA:98,0
DA:101,0
DA:102,0
DA:103,0
DA:105,0
DA:107,0
DA:108,0
DA:110,0
DA:111,0
DA:114,0
DA:115,0
DA:117,0
DA:120,0
DA:121,0
DA:123,0
DA:128,0
DA:129,0
DA:130,0
DA:132,0
DA:133,0
DA:137,0
LF:55
LH:0
BRDA:47,0,0,0
BRDA:47,0,1,0
BRDA:57,1,0,0
BRDA:57,1,1,0
BRDA:74,2,0,0
BRDA:74,2,1,0
BRDA:94,3,0,0
BRDA:94,3,1,0
BRDA:147,4,0,0
BRDA:147,4,1,0
BRDA:157,5,0,0
BRDA:157,5,1,0
BRF:12
BRH:0
end_of_record
TN:
SF:screens\Settings\Styles.js
FNF:0
FNH:0
DA:3,0
DA:5,0
LF:2
LH:0
BRF:0
BRH:0
end_of_record
TN:
SF:utils\Loading.js
FN:6,Loading
FNF:1
FNH:1
FNDA:1,Loading
DA:7,1
DA:8,1
LF:2
LH:2
BRF:0
BRH:0
end_of_record
TN:
SF:utils\RootNavigation.js
FN:7,navigate
FNF:1
FNH:0
FNDA:0,navigate
DA:5,0
DA:8,0
DA:9,0
LF:3
LH:0
BRDA:8,0,0,0
BRDA:8,0,1,0
BRF:2
BRH:0
end_of_record
TN:
SF:utils\colors.js
FNF:0
FNH:0
DA:1,0
LF:1
LH:0
BRF:0
BRH:0
end_of_record
