TN:
SF:App.js
FN:12,App
FN:19,(anonymous_1)
FN:21,(anonymous_2)
FN:26,(anonymous_3)
FN:30,(anonymous_4)
FN:39,(anonymous_5)
FN:40,(anonymous_6)
FN:46,(anonymous_7)
FN:60,(anonymous_8)
FNF:9
FNH:2
FNDA:1,App
FNDA:1,(anonymous_1)
FNDA:0,(anonymous_2)
FNDA:0,(anonymous_3)
FNDA:0,(anonymous_4)
FNDA:0,(anonymous_5)
FNDA:0,(anonymous_6)
FNDA:0,(anonymous_7)
FNDA:0,(anonymous_8)
DA:10,1
DA:15,1
DA:19,1
DA:20,1
DA:21,1
DA:22,0
DA:23,0
DA:27,0
DA:28,0
DA:31,0
DA:39,1
DA:40,0
DA:41,0
DA:42,0
DA:43,0
DA:54,1
DA:60,0
LF:17
LH:7
BRDA:22,0,0,0
BRDA:22,0,1,0
BRDA:57,1,0,0
BRDA:57,1,1,1
BRF:4
BRH:1
end_of_record
TN:
SF:TabNavigator.js
FN:17,BottomTabNavigator
FN:42,(anonymous_1)
FN:46,(anonymous_2)
FN:52,(anonymous_3)
FN:59,(anonymous_4)
FN:64,(anonymous_5)
FN:68,(anonymous_6)
FN:77,(anonymous_7)
FN:82,(anonymous_8)
FN:91,(anonymous_9)
FN:95,(anonymous_10)
FN:98,(anonymous_11)
FN:105,(anonymous_12)
FN:109,(anonymous_13)
FN:112,(anonymous_14)
FNF:15
FNH:0
FNDA:0,BottomTabNavigator
FNDA:0,(anonymous_1)
FNDA:0,(anonymous_2)
FNDA:0,(anonymous_3)
FNDA:0,(anonymous_4)
FNDA:0,(anonymous_5)
FNDA:0,(anonymous_6)
FNDA:0,(anonymous_7)
FNDA:0,(anonymous_8)
FNDA:0,(anonymous_9)
FNDA:0,(anonymous_10)
FNDA:0,(anonymous_11)
FNDA:0,(anonymous_12)
FNDA:0,(anonymous_13)
FNDA:0,(anonymous_14)
DA:15,1
DA:20,0
DA:23,0
DA:25,0
DA:44,0
DA:48,0
DA:52,0
DA:61,0
DA:65,0
DA:68,0
DA:78,0
DA:82,0
DA:93,0
DA:96,0
DA:98,0
DA:107,0
DA:110,0
DA:112,0
DA:119,1
LF:19
LH:2
BRDA:44,0,0,0
BRDA:44,0,1,0
BRDA:48,1,0,0
BRDA:48,1,1,0
BRDA:61,2,0,0
BRDA:61,2,1,0
BRDA:65,3,0,0
BRDA:65,3,1,0
BRDA:93,4,0,0
BRDA:93,4,1,0
BRDA:96,5,0,0
BRDA:96,5,1,0
BRDA:107,6,0,0
BRDA:107,6,1,0
BRDA:110,7,0,0
BRDA:110,7,1,0
BRF:16
BRH:0
end_of_record
TN:
SF:jest.resolver.js
FN:2,(anonymous_0)
FN:7,(anonymous_1)
FNF:2
FNH:0
FNDA:0,(anonymous_0)
FNDA:0,(anonymous_1)
DA:2,0
DA:4,0
DA:8,0
DA:25,0
DA:27,0
DA:28,0
DA:31,0
LF:7
LH:0
BRDA:25,0,0,0
BRDA:25,0,1,0
BRF:2
BRH:0
end_of_record
TN:
SF:Notifications\DailyReminder.js
FN:14,(anonymous_0)
FN:21,(anonymous_1)
FN:39,(anonymous_2)
FN:44,(anonymous_3)
FN:45,(anonymous_4)
FN:46,(anonymous_5)
FN:78,(anonymous_6)
FN:79,(anonymous_7)
FN:82,(anonymous_8)
FN:87,(anonymous_9)
FN:91,(anonymous_10)
FN:103,registerForPushNotificationsAsync
FN:135,schedulePushNotification
FNF:13
FNH:0
FNDA:0,(anonymous_0)
FNDA:0,(anonymous_1)
FNDA:0,(anonymous_2)
FNDA:0,(anonymous_3)
FNDA:0,(anonymous_4)
FNDA:0,(anonymous_5)
FNDA:0,(anonymous_6)
FNDA:0,(anonymous_7)
FNDA:0,(anonymous_8)
FNDA:0,(anonymous_9)
FNDA:0,(anonymous_10)
FNDA:0,registerForPushNotificationsAsync
FNDA:0,schedulePushNotification
DA:13,0
DA:14,0
DA:21,0
DA:22,0
DA:23,0
DA:24,0
DA:25,0
DA:27,0
DA:28,0
DA:30,0
DA:33,0
DA:34,0
DA:36,0
DA:39,0
DA:40,0
DA:42,0
DA:44,0
DA:45,0
DA:46,0
DA:48,0
DA:51,0
DA:52,0
DA:55,0
DA:56,0
DA:58,0
DA:59,0
DA:60,0
DA:62,0
DA:63,0
DA:64,0
DA:66,0
DA:67,0
DA:74,0
DA:78,0
DA:79,0
DA:82,0
DA:83,0
DA:87,0
DA:88,0
DA:91,0
DA:92,0
DA:93,0
DA:105,0
DA:106,0
DA:107,0
DA:108,0
DA:109,0
DA:110,0
DA:112,0
DA:113,0
DA:114,0
DA:116,0
DA:117,0
DA:119,0
DA:122,0
DA:123,0
DA:131,0
DA:136,0
DA:148,0
DA:149,0
DA:150,0
DA:151,0
LF:62
LH:0
BRDA:62,0,0,0
BRDA:62,0,1,0
BRDA:66,1,0,0
BRDA:66,1,1,0
BRDA:105,2,0,0
BRDA:105,2,1,0
BRDA:108,3,0,0
BRDA:108,3,1,0
BRDA:112,4,0,0
BRDA:112,4,1,0
BRDA:122,5,0,0
BRDA:122,5,1,0
BRF:12
BRH:0
end_of_record
TN:
SF:firebase\firebase.js
FNF:0
FNH:0
DA:11,9
DA:21,9
DA:24,9
DA:25,9
DA:26,9
DA:27,9
DA:28,9
DA:29,9
DA:30,9
LF:9
LH:9
BRF:0
BRH:0
end_of_record
TN:
SF:screens\Contacts\Contacts.js
FN:8,Contacts
FN:21,(anonymous_1)
FN:25,(anonymous_2)
FN:26,checkAvailability
FN:33,(anonymous_4)
FN:58,(anonymous_5)
FN:65,(anonymous_6)
FN:78,(anonymous_7)
FN:83,(anonymous_8)
FN:109,(anonymous_9)
FNF:10
FNH:4
FNDA:1,Contacts
FNDA:0,(anonymous_1)
FNDA:1,(anonymous_2)
FNDA:1,checkAvailability
FNDA:0,(anonymous_4)
FNDA:0,(anonymous_5)
FNDA:0,(anonymous_6)
FNDA:1,(anonymous_7)
FNDA:0,(anonymous_8)
FNDA:0,(anonymous_9)
DA:9,1
DA:10,1
DA:11,1
DA:12,1
DA:13,1
DA:15,1
DA:17,1
DA:18,1
DA:19,1
DA:21,1
DA:22,0
DA:25,1
DA:27,1
DA:28,1
DA:30,1
DA:33,1
DA:35,0
DA:36,0
DA:43,0
DA:49,0
DA:50,0
DA:51,0
DA:58,1
DA:60,0
DA:62,0
DA:65,1
DA:66,0
DA:67,0
DA:68,0
DA:69,0
DA:72,0
DA:74,0
DA:75,0
DA:78,1
DA:79,1
DA:80,1
DA:83,0
DA:84,0
DA:87,1
DA:88,1
DA:109,0
DA:118,0
DA:125,2
LF:43
LH:23
BRDA:35,0,0,0
BRDA:35,0,1,0
BRDA:67,1,0,0
BRDA:67,1,1,0
BRDA:79,2,0,1
BRDA:79,2,1,0
BRDA:87,3,0,1
BRDA:87,3,1,0
BRDA:106,4,0,0
BRDA:106,4,1,1
BRDA:128,5,0,2
BRDA:128,5,1,0
BRDA:131,6,0,2
BRDA:131,6,1,0
BRDA:174,7,0,2
BRDA:174,7,1,0
BRF:16
BRH:6
end_of_record
TN:
SF:screens\Help\Help.js
FN:11,Help
FN:30,(anonymous_1)
FN:34,(anonymous_2)
FN:41,(anonymous_3)
FN:45,(anonymous_4)
FN:53,(anonymous_5)
FN:57,(anonymous_6)
FNF:7
FNH:0
FNDA:0,Help
FNDA:0,(anonymous_1)
FNDA:0,(anonymous_2)
FNDA:0,(anonymous_3)
FNDA:0,(anonymous_4)
FNDA:0,(anonymous_5)
FNDA:0,(anonymous_6)
DA:13,0
DA:15,0
DA:30,0
DA:34,0
DA:41,0
DA:45,0
DA:53,0
DA:57,0
LF:8
LH:0
BRF:0
BRH:0
end_of_record
TN:
SF:screens\Help\styles.js
FNF:0
FNH:0
DA:4,2
LF:1
LH:1
BRDA:16,0,0,2
BRDA:16,0,1,0
BRDA:20,1,0,2
BRDA:20,1,1,0
BRDA:23,2,0,2
BRDA:23,2,1,0
BRDA:27,3,0,2
BRDA:27,3,1,0
BRDA:29,4,0,2
BRDA:29,4,1,0
BRDA:35,5,0,2
BRDA:35,5,1,0
BRDA:38,6,0,2
BRDA:38,6,1,0
BRDA:40,7,0,2
BRDA:40,7,1,0
BRDA:41,8,0,2
BRDA:41,8,1,0
BRDA:100,9,0,2
BRDA:100,9,1,0
BRDA:146,10,0,2
BRDA:146,10,1,0
BRDA:149,11,0,2
BRDA:149,11,1,0
BRDA:201,12,0,0
BRDA:201,12,1,2
BRF:26
BRH:13
end_of_record
TN:
SF:screens\Home\Home.js
FN:10,Home
FN:69,(anonymous_1)
FN:71,(anonymous_2)
FN:98,(anonymous_3)
FN:112,(anonymous_4)
FN:130,(anonymous_5)
FN:142,(anonymous_6)
FN:152,(anonymous_7)
FN:159,(anonymous_8)
FN:168,(anonymous_9)
FN:179,(anonymous_10)
FN:186,(anonymous_11)
FN:195,(anonymous_12)
FN:199,(anonymous_13)
FN:200,(anonymous_14)
FN:208,(anonymous_15)
FN:216,(anonymous_16)
FN:220,(anonymous_17)
FN:221,(anonymous_18)
FN:229,(anonymous_19)
FN:240,(anonymous_20)
FN:244,(anonymous_21)
FN:246,(anonymous_22)
FN:252,(anonymous_23)
FN:257,(anonymous_24)
FN:260,(anonymous_25)
FN:265,(anonymous_26)
FN:268,(anonymous_27)
FN:273,(anonymous_28)
FN:276,(anonymous_29)
FN:281,(anonymous_30)
FN:284,(anonymous_31)
FN:289,(anonymous_32)
FN:292,(anonymous_33)
FN:297,(anonymous_34)
FN:300,(anonymous_35)
FN:313,(anonymous_36)
FN:319,(anonymous_37)
FN:336,(anonymous_38)
FN:341,(anonymous_39)
FN:343,(anonymous_40)
FN:351,(anonymous_41)
FN:362,(anonymous_42)
FN:367,(anonymous_43)
FN:395,(anonymous_44)
FN:407,(anonymous_45)
FN:427,(anonymous_46)
FN:437,(anonymous_47)
FN:442,(anonymous_48)
FN:460,(anonymous_49)
FN:471,(anonymous_50)
FN:483,(anonymous_51)
FN:501,(anonymous_52)
FN:511,(anonymous_53)
FN:516,(anonymous_54)
FN:530,(anonymous_55)
FN:540,(anonymous_56)
FN:545,(anonymous_57)
FN:574,(anonymous_58)
FN:584,(anonymous_59)
FN:589,(anonymous_60)
FN:618,(anonymous_61)
FN:628,(anonymous_62)
FN:633,(anonymous_63)
FN:664,(anonymous_64)
FN:674,(anonymous_65)
FN:679,(anonymous_66)
FN:708,(anonymous_67)
FN:718,(anonymous_68)
FN:723,(anonymous_69)
FNF:70
FNH:1
FNDA:2,Home
FNDA:0,(anonymous_1)
FNDA:0,(anonymous_2)
FNDA:0,(anonymous_3)
FNDA:0,(anonymous_4)
FNDA:0,(anonymous_5)
FNDA:0,(anonymous_6)
FNDA:0,(anonymous_7)
FNDA:0,(anonymous_8)
FNDA:0,(anonymous_9)
FNDA:0,(anonymous_10)
FNDA:0,(anonymous_11)
FNDA:0,(anonymous_12)
FNDA:0,(anonymous_13)
FNDA:0,(anonymous_14)
FNDA:0,(anonymous_15)
FNDA:0,(anonymous_16)
FNDA:0,(anonymous_17)
FNDA:0,(anonymous_18)
FNDA:0,(anonymous_19)
FNDA:0,(anonymous_20)
FNDA:0,(anonymous_21)
FNDA:0,(anonymous_22)
FNDA:0,(anonymous_23)
FNDA:0,(anonymous_24)
FNDA:0,(anonymous_25)
FNDA:0,(anonymous_26)
FNDA:0,(anonymous_27)
FNDA:0,(anonymous_28)
FNDA:0,(anonymous_29)
FNDA:0,(anonymous_30)
FNDA:0,(anonymous_31)
FNDA:0,(anonymous_32)
FNDA:0,(anonymous_33)
FNDA:0,(anonymous_34)
FNDA:0,(anonymous_35)
FNDA:0,(anonymous_36)
FNDA:0,(anonymous_37)
FNDA:0,(anonymous_38)
FNDA:0,(anonymous_39)
FNDA:0,(anonymous_40)
FNDA:0,(anonymous_41)
FNDA:0,(anonymous_42)
FNDA:0,(anonymous_43)
FNDA:0,(anonymous_44)
FNDA:0,(anonymous_45)
FNDA:0,(anonymous_46)
FNDA:0,(anonymous_47)
FNDA:0,(anonymous_48)
FNDA:0,(anonymous_49)
FNDA:0,(anonymous_50)
FNDA:0,(anonymous_51)
FNDA:0,(anonymous_52)
FNDA:0,(anonymous_53)
FNDA:0,(anonymous_54)
FNDA:0,(anonymous_55)
FNDA:0,(anonymous_56)
FNDA:0,(anonymous_57)
FNDA:0,(anonymous_58)
FNDA:0,(anonymous_59)
FNDA:0,(anonymous_60)
FNDA:0,(anonymous_61)
FNDA:0,(anonymous_62)
FNDA:0,(anonymous_63)
FNDA:0,(anonymous_64)
FNDA:0,(anonymous_65)
FNDA:0,(anonymous_66)
FNDA:0,(anonymous_67)
FNDA:0,(anonymous_68)
FNDA:0,(anonymous_69)
DA:13,2
DA:16,1
DA:17,1
DA:18,1
DA:22,1
DA:23,1
DA:24,1
DA:26,1
DA:27,1
DA:29,1
DA:30,1
DA:31,1
DA:32,1
DA:33,1
DA:34,1
DA:35,1
DA:36,1
DA:37,1
DA:38,1
DA:39,1
DA:40,1
DA:41,1
DA:44,1
DA:45,1
DA:49,1
DA:50,1
DA:51,1
DA:52,1
DA:53,1
DA:54,1
DA:59,1
DA:60,1
DA:61,1
DA:62,1
DA:65,0
DA:66,0
DA:69,0
DA:71,0
DA:72,0
DA:73,0
DA:74,0
DA:75,0
DA:77,0
DA:80,0
DA:81,0
DA:82,0
DA:83,0
DA:85,0
DA:87,0
DA:89,0
DA:90,0
DA:99,0
DA:100,0
DA:101,0
DA:104,0
DA:113,0
DA:114,0
DA:115,0
DA:120,0
DA:127,0
DA:131,0
DA:133,0
DA:134,0
DA:142,0
DA:144,0
DA:145,0
DA:150,0
DA:153,0
DA:154,0
DA:160,0
DA:168,0
DA:170,0
DA:171,0
DA:177,0
DA:180,0
DA:181,0
DA:187,0
DA:195,0
DA:196,0
DA:200,0
DA:201,0
DA:202,0
DA:203,0
DA:209,0
DA:216,0
DA:217,0
DA:221,0
DA:222,0
DA:223,0
DA:224,0
DA:225,0
DA:230,0
DA:240,0
DA:242,0
DA:245,0
DA:247,0
DA:252,0
DA:254,0
DA:255,0
DA:256,0
DA:258,0
DA:261,0
DA:263,0
DA:264,0
DA:266,0
DA:269,0
DA:271,0
DA:272,0
DA:274,0
DA:277,0
DA:279,0
DA:280,0
DA:282,0
DA:285,0
DA:287,0
DA:288,0
DA:290,0
DA:293,0
DA:295,0
DA:296,0
DA:298,0
DA:301,0
DA:308,0
DA:313,0
DA:314,0
DA:315,0
DA:319,0
DA:320,0
DA:321,0
DA:324,0
DA:325,0
DA:329,0
DA:330,0
DA:336,0
DA:342,0
DA:343,0
DA:351,0
DA:362,0
DA:368,0
DA:395,0
DA:407,0
DA:427,0
DA:437,0
DA:443,0
DA:460,0
DA:471,0
DA:483,0
DA:501,0
DA:511,0
DA:517,0
DA:530,0
DA:540,0
DA:546,0
DA:574,0
DA:584,0
DA:590,0
DA:618,0
DA:628,0
DA:634,0
DA:664,0
DA:674,0
DA:680,0
DA:708,0
DA:718,0
DA:724,0
DA:765,0
LF:166
LH:34
BRDA:72,0,0,0
BRDA:72,0,1,0
BRDA:80,1,0,0
BRDA:80,1,1,0
BRDA:89,2,0,0
BRDA:89,2,1,0
BRDA:144,3,0,0
BRDA:144,3,1,0
BRDA:144,4,0,0
BRDA:144,4,1,0
BRDA:144,4,2,0
BRDA:144,5,0,0
BRDA:144,5,1,0
BRDA:170,6,0,0
BRDA:170,6,1,0
BRDA:170,7,0,0
BRDA:170,7,1,0
BRDA:170,7,2,0
BRDA:170,7,3,0
BRDA:170,7,4,0
BRDA:170,8,0,0
BRDA:170,8,1,0
BRDA:255,9,0,0
BRDA:255,9,1,0
BRDA:263,10,0,0
BRDA:263,10,1,0
BRDA:271,11,0,0
BRDA:271,11,1,0
BRDA:279,12,0,0
BRDA:279,12,1,0
BRDA:287,13,0,0
BRDA:287,13,1,0
BRDA:295,14,0,0
BRDA:295,14,1,0
BRDA:324,15,0,0
BRDA:324,15,1,0
BRDA:329,16,0,0
BRDA:329,16,1,0
BRF:38
BRH:0
end_of_record
TN:
SF:screens\Home\Styles.js
FNF:0
FNH:0
DA:2,2
DA:3,2
DA:5,2
LF:3
LH:3
BRDA:11,0,0,2
BRDA:11,0,1,0
BRDA:122,1,0,2
BRDA:122,1,1,0
BRDA:137,2,0,2
BRDA:137,2,1,0
BRF:6
BRH:3
end_of_record
TN:
SF:screens\Insights\Insights.js
FN:10,Insights
FN:31,(anonymous_1)
FN:36,(anonymous_2)
FN:37,(anonymous_3)
FN:65,(anonymous_4)
FN:97,(anonymous_5)
FN:220,(anonymous_6)
FN:221,(anonymous_7)
FN:242,(anonymous_8)
FNF:9
FNH:2
FNDA:1,Insights
FNDA:1,(anonymous_1)
FNDA:0,(anonymous_2)
FNDA:0,(anonymous_3)
FNDA:0,(anonymous_4)
FNDA:0,(anonymous_5)
FNDA:0,(anonymous_6)
FNDA:0,(anonymous_7)
FNDA:0,(anonymous_8)
DA:12,1
DA:13,1
DA:14,1
DA:16,1
DA:17,1
DA:18,1
DA:19,1
DA:20,1
DA:23,1
DA:24,1
DA:25,1
DA:26,1
DA:27,1
DA:31,1
DA:32,1
DA:37,0
DA:38,0
DA:41,0
DA:42,0
DA:45,0
DA:46,0
DA:49,0
DA:50,0
DA:53,0
DA:54,0
DA:58,0
DA:59,0
DA:60,0
DA:61,0
DA:62,0
DA:66,0
DA:73,1
DA:98,0
DA:99,0
DA:106,0
DA:107,0
DA:114,0
DA:115,0
DA:122,0
DA:123,0
DA:130,0
DA:131,0
DA:138,0
DA:139,0
DA:146,0
DA:147,0
DA:154,0
DA:155,0
DA:162,0
DA:163,0
DA:170,0
DA:171,0
DA:178,0
DA:179,0
DA:186,0
DA:187,0
DA:220,0
DA:221,0
DA:244,0
DA:245,0
DA:253,0
DA:254,0
DA:266,0
DA:267,0
DA:277,0
DA:278,0
DA:288,0
DA:289,0
LF:68
LH:16
BRDA:41,0,0,0
BRDA:41,0,1,0
BRDA:45,1,0,0
BRDA:45,1,1,0
BRDA:49,2,0,0
BRDA:49,2,1,0
BRDA:53,3,0,0
BRDA:53,3,1,0
BRDA:77,4,0,1
BRDA:77,4,1,0
BRDA:98,5,0,0
BRDA:98,5,1,0
BRDA:106,6,0,0
BRDA:106,6,1,0
BRDA:114,7,0,0
BRDA:114,7,1,0
BRDA:122,8,0,0
BRDA:122,8,1,0
BRDA:130,9,0,0
BRDA:130,9,1,0
BRDA:138,10,0,0
BRDA:138,10,1,0
BRDA:146,11,0,0
BRDA:146,11,1,0
BRDA:154,12,0,0
BRDA:154,12,1,0
BRDA:162,13,0,0
BRDA:162,13,1,0
BRDA:170,14,0,0
BRDA:170,14,1,0
BRDA:178,15,0,0
BRDA:178,15,1,0
BRDA:186,16,0,0
BRDA:186,16,1,0
BRDA:220,17,0,0
BRDA:221,18,0,0
BRDA:244,19,0,0
BRDA:244,19,1,0
BRDA:253,20,0,0
BRDA:253,20,1,0
BRDA:266,21,0,0
BRDA:266,21,1,0
BRDA:277,22,0,0
BRDA:277,22,1,0
BRDA:288,23,0,0
BRDA:288,23,1,0
BRF:46
BRH:1
end_of_record
TN:
SF:screens\Insights\Styles.js
FNF:0
FNH:0
DA:4,3
LF:1
LH:1
BRF:0
BRH:0
end_of_record
TN:
SF:screens\Login\OnboardingScreen.js
FN:5,(anonymous_0)
FN:11,(anonymous_1)
FN:17,(anonymous_2)
FN:23,OnboardingScreen
FN:29,(anonymous_4)
FN:30,(anonymous_5)
FNF:6
FNH:3
FNDA:1,(anonymous_0)
FNDA:1,(anonymous_1)
FNDA:0,(anonymous_2)
FNDA:1,OnboardingScreen
FNDA:0,(anonymous_4)
FNDA:0,(anonymous_5)
DA:5,1
DA:6,1
DA:11,1
DA:12,1
DA:17,1
DA:18,0
DA:24,1
DA:29,0
DA:30,0
DA:87,1
LF:10
LH:7
BRF:0
BRH:0
end_of_record
TN:
SF:screens\Login\SignUp.js
FN:11,(anonymous_0)
FN:17,(anonymous_1)
FN:22,SignUp
FN:32,(anonymous_3)
FN:56,(anonymous_4)
FN:71,(anonymous_5)
FN:75,(anonymous_6)
FN:80,(anonymous_7)
FN:101,(anonymous_8)
FN:111,(anonymous_9)
FN:122,(anonymous_10)
FN:133,(anonymous_11)
FN:143,(anonymous_12)
FN:150,(anonymous_13)
FNF:14
FNH:7
FNDA:2,(anonymous_0)
FNDA:2,(anonymous_1)
FNDA:8,SignUp
FNDA:0,(anonymous_3)
FNDA:0,(anonymous_4)
FNDA:0,(anonymous_5)
FNDA:0,(anonymous_6)
FNDA:0,(anonymous_7)
FNDA:1,(anonymous_8)
FNDA:1,(anonymous_9)
FNDA:1,(anonymous_10)
FNDA:0,(anonymous_11)
FNDA:0,(anonymous_12)
FNDA:1,(anonymous_13)
DA:11,2
DA:12,2
DA:13,2
DA:17,2
DA:18,2
DA:19,2
DA:25,8
DA:26,8
DA:27,8
DA:28,8
DA:29,8
DA:30,8
DA:32,8
DA:33,0
DA:35,0
DA:36,0
DA:37,0
DA:38,0
DA:41,0
DA:42,0
DA:43,0
DA:44,0
DA:45,0
DA:48,0
DA:49,0
DA:50,0
DA:51,0
DA:55,0
DA:57,0
DA:58,0
DA:67,0
DA:68,0
DA:72,0
DA:73,0
DA:76,0
DA:77,0
DA:81,0
DA:82,0
DA:88,8
DA:101,1
DA:111,1
DA:122,1
DA:133,0
DA:143,0
DA:150,1
LF:45
LH:18
BRDA:35,0,0,0
BRDA:35,0,1,0
BRDA:41,1,0,0
BRDA:41,1,1,0
BRDA:48,2,0,0
BRDA:48,2,1,0
BRDA:139,3,0,0
BRDA:139,3,1,8
BRF:8
BRH:1
end_of_record
TN:
SF:screens\Login\Styles.js
FNF:0
FNH:0
DA:3,3
LF:1
LH:1
BRDA:7,0,0,3
BRDA:7,0,1,0
BRF:2
BRH:1
end_of_record
TN:
SF:screens\Login\Welcome.js
FN:12,(anonymous_0)
FN:17,Welcome
FN:27,(anonymous_2)
FN:44,(anonymous_3)
FN:55,(anonymous_4)
FN:61,(anonymous_5)
FN:69,(anonymous_6)
FN:74,(anonymous_7)
FN:99,(anonymous_8)
FN:109,(anonymous_9)
FN:116,(anonymous_10)
FN:123,(anonymous_11)
FNF:12
FNH:5
FNDA:2,(anonymous_0)
FNDA:7,Welcome
FNDA:0,(anonymous_2)
FNDA:0,(anonymous_3)
FNDA:0,(anonymous_4)
FNDA:0,(anonymous_5)
FNDA:0,(anonymous_6)
FNDA:0,(anonymous_7)
FNDA:1,(anonymous_8)
FNDA:1,(anonymous_9)
FNDA:0,(anonymous_10)
FNDA:1,(anonymous_11)
DA:12,2
DA:13,2
DA:14,2
DA:20,7
DA:21,7
DA:22,7
DA:27,7
DA:28,0
DA:29,0
DA:30,0
DA:31,0
DA:32,0
DA:34,0
DA:35,0
DA:44,7
DA:45,0
DA:48,0
DA:49,0
DA:50,0
DA:51,0
DA:54,0
DA:56,0
DA:57,0
DA:58,0
DA:62,0
DA:63,0
DA:64,0
DA:66,0
DA:67,0
DA:70,0
DA:71,0
DA:75,0
DA:76,0
DA:81,7
DA:82,0
DA:86,7
DA:99,1
DA:109,1
DA:116,0
DA:123,1
LF:40
LH:13
BRDA:29,0,0,0
BRDA:29,0,1,0
BRDA:31,1,0,0
BRDA:31,1,1,0
BRDA:48,2,0,0
BRDA:48,2,1,0
BRDA:62,3,0,0
BRDA:62,3,1,0
BRDA:81,4,0,0
BRDA:81,4,1,7
BRF:10
BRH:1
end_of_record
TN:
SF:screens\Memories\AddLifeEvent.js
FN:16,AddLifeEvent
FN:55,(anonymous_1)
FN:66,(anonymous_2)
FN:77,(anonymous_3)
FN:86,(anonymous_4)
FN:92,(anonymous_5)
FN:98,(anonymous_6)
FN:122,(anonymous_7)
FN:142,(anonymous_8)
FN:144,(anonymous_9)
FN:157,(anonymous_10)
FN:163,(anonymous_11)
FN:166,(anonymous_12)
FN:171,(anonymous_13)
FN:172,(anonymous_14)
FN:179,(anonymous_15)
FN:180,(anonymous_16)
FN:188,(anonymous_17)
FN:190,(anonymous_18)
FN:203,(anonymous_19)
FN:209,(anonymous_20)
FN:212,(anonymous_21)
FN:217,(anonymous_22)
FN:218,(anonymous_23)
FN:225,(anonymous_24)
FN:226,(anonymous_25)
FN:259,startRecording
FN:281,stopRecording
FN:296,(anonymous_28)
FN:309,getDurationFormatted
FN:318,getRecordingLines
FN:319,(anonymous_31)
FN:327,(anonymous_32)
FN:339,(anonymous_33)
FN:370,(anonymous_34)
FN:390,(anonymous_35)
FN:412,(anonymous_36)
FN:420,(anonymous_37)
FN:431,(anonymous_38)
FN:442,(anonymous_39)
FN:453,(anonymous_40)
FN:476,(anonymous_41)
FN:532,(anonymous_42)
FN:565,(anonymous_43)
FN:574,(anonymous_44)
FNF:45
FNH:1
FNDA:2,AddLifeEvent
FNDA:0,(anonymous_1)
FNDA:0,(anonymous_2)
FNDA:0,(anonymous_3)
FNDA:0,(anonymous_4)
FNDA:0,(anonymous_5)
FNDA:0,(anonymous_6)
FNDA:0,(anonymous_7)
FNDA:0,(anonymous_8)
FNDA:0,(anonymous_9)
FNDA:0,(anonymous_10)
FNDA:0,(anonymous_11)
FNDA:0,(anonymous_12)
FNDA:0,(anonymous_13)
FNDA:0,(anonymous_14)
FNDA:0,(anonymous_15)
FNDA:0,(anonymous_16)
FNDA:0,(anonymous_17)
FNDA:0,(anonymous_18)
FNDA:0,(anonymous_19)
FNDA:0,(anonymous_20)
FNDA:0,(anonymous_21)
FNDA:0,(anonymous_22)
FNDA:0,(anonymous_23)
FNDA:0,(anonymous_24)
FNDA:0,(anonymous_25)
FNDA:0,startRecording
FNDA:0,stopRecording
FNDA:0,(anonymous_28)
FNDA:0,getDurationFormatted
FNDA:0,getRecordingLines
FNDA:0,(anonymous_31)
FNDA:0,(anonymous_32)
FNDA:0,(anonymous_33)
FNDA:0,(anonymous_34)
FNDA:0,(anonymous_35)
FNDA:0,(anonymous_36)
FNDA:0,(anonymous_37)
FNDA:0,(anonymous_38)
FNDA:0,(anonymous_39)
FNDA:0,(anonymous_40)
FNDA:0,(anonymous_41)
FNDA:0,(anonymous_42)
FNDA:0,(anonymous_43)
FNDA:0,(anonymous_44)
DA:20,2
DA:21,1
DA:22,1
DA:23,1
DA:25,1
DA:26,1
DA:28,1
DA:29,1
DA:30,1
DA:32,1
DA:33,1
DA:34,1
DA:35,1
DA:38,1
DA:39,1
DA:40,1
DA:42,1
DA:43,1
DA:45,1
DA:46,1
DA:47,1
DA:49,1
DA:50,1
DA:51,1
DA:52,1
DA:54,1
DA:55,1
DA:56,0
DA:59,1
DA:61,0
DA:62,0
DA:63,0
DA:66,0
DA:68,0
DA:69,0
DA:70,0
DA:71,0
DA:77,0
DA:78,0
DA:79,0
DA:80,0
DA:81,0
DA:82,0
DA:86,0
DA:87,0
DA:88,0
DA:92,0
DA:93,0
DA:94,0
DA:98,0
DA:99,0
DA:100,0
DA:102,0
DA:109,0
DA:111,0
DA:112,0
DA:113,0
DA:114,0
DA:115,0
DA:122,0
DA:123,0
DA:130,0
DA:132,0
DA:133,0
DA:134,0
DA:135,0
DA:136,0
DA:142,0
DA:143,0
DA:144,0
DA:146,0
DA:147,0
DA:150,0
DA:151,0
DA:152,0
DA:153,0
DA:154,0
DA:155,0
DA:158,0
DA:161,0
DA:164,0
DA:167,0
DA:172,0
DA:178,0
DA:179,0
DA:180,0
DA:188,0
DA:189,0
DA:190,0
DA:192,0
DA:193,0
DA:196,0
DA:197,0
DA:198,0
DA:199,0
DA:200,0
DA:201,0
DA:204,0
DA:207,0
DA:210,0
DA:213,0
DA:218,0
DA:224,0
DA:225,0
DA:226,0
DA:235,0
DA:260,0
DA:261,0
DA:263,0
DA:264,0
DA:268,0
DA:271,0
DA:273,0
DA:276,0
DA:282,0
DA:283,0
DA:285,0
DA:286,0
DA:287,0
DA:292,0
DA:296,0
DA:297,0
DA:298,0
DA:299,0
DA:300,0
DA:301,0
DA:302,0
DA:303,0
DA:304,0
DA:310,0
DA:311,0
DA:312,0
DA:313,0
DA:314,0
DA:319,0
DA:320,0
DA:327,0
DA:339,0
DA:341,0
DA:342,0
DA:343,0
DA:345,0
DA:346,0
DA:348,0
DA:349,0
DA:352,0
DA:353,0
DA:356,0
DA:362,0
DA:363,0
DA:364,0
DA:367,0
DA:370,0
DA:372,0
DA:373,0
DA:388,0
DA:391,0
DA:393,0
DA:394,0
DA:395,0
DA:396,0
DA:397,0
DA:398,0
DA:399,0
DA:400,0
DA:401,0
DA:402,0
DA:403,0
DA:404,0
DA:407,0
DA:408,0
DA:413,0
DA:420,0
DA:421,0
DA:422,0
DA:423,0
DA:424,0
DA:425,0
DA:426,0
DA:431,0
DA:432,0
DA:433,0
DA:434,0
DA:435,0
DA:436,0
DA:437,0
DA:442,0
DA:443,0
DA:444,0
DA:445,0
DA:446,0
DA:447,0
DA:448,0
DA:453,0
DA:454,0
DA:455,0
DA:456,0
DA:457,0
DA:458,0
DA:459,0
DA:463,0
DA:476,0
DA:532,0
DA:566,0
DA:575,0
DA:607,2
LF:206
LH:29
BRDA:78,0,0,0
BRDA:78,0,1,0
BRDA:100,1,0,0
BRDA:100,1,1,0
BRDA:111,2,0,0
BRDA:111,2,1,0
BRDA:112,3,0,0
BRDA:112,3,1,0
BRDA:114,4,0,0
BRDA:114,4,1,0
BRDA:132,5,0,0
BRDA:132,5,1,0
BRDA:133,6,0,0
BRDA:133,6,1,0
BRDA:135,7,0,0
BRDA:135,7,1,0
BRDA:263,8,0,0
BRDA:263,8,1,0
BRDA:297,9,0,0
BRDA:297,9,1,0
BRDA:313,10,0,0
BRDA:313,10,1,0
BRDA:342,11,0,0
BRDA:342,11,1,0
BRDA:345,12,0,0
BRDA:345,12,1,0
BRDA:345,13,0,0
BRDA:345,13,1,0
BRDA:345,13,2,0
BRDA:345,13,3,0
BRDA:348,14,0,0
BRDA:348,14,1,0
BRDA:352,15,0,0
BRDA:352,15,1,0
BRDA:372,16,0,0
BRDA:372,16,1,0
BRDA:380,17,0,0
BRDA:380,17,1,0
BRDA:421,18,0,0
BRDA:421,18,1,0
BRDA:432,19,0,0
BRDA:432,19,1,0
BRDA:443,20,0,0
BRDA:443,20,1,0
BRDA:454,21,0,0
BRDA:454,21,1,0
BRDA:482,22,0,0
BRDA:482,22,1,0
BRDA:486,23,0,0
BRDA:486,23,1,0
BRDA:500,24,0,0
BRDA:500,24,1,0
BRDA:507,25,0,0
BRDA:507,25,1,0
BRDA:512,26,0,0
BRDA:512,26,1,0
BRDA:517,27,0,0
BRDA:517,27,1,0
BRDA:543,28,0,0
BRDA:543,28,1,0
BRDA:543,29,0,0
BRDA:543,29,1,0
BRF:62
BRH:0
end_of_record
TN:
SF:screens\Memories\Styles.js
FNF:0
FNH:0
DA:3,2
DA:143,2
DA:145,2
LF:3
LH:3
BRDA:24,0,0,2
BRDA:24,0,1,0
BRDA:44,1,0,2
BRDA:44,1,1,0
BRDA:98,2,0,2
BRDA:98,2,1,0
BRDA:101,3,0,2
BRDA:101,3,1,0
BRF:8
BRH:4
end_of_record
TN:
SF:screens\Memories\Timeline.js
FN:11,Timeline
FN:23,(anonymous_1)
FN:28,(anonymous_2)
FN:30,(anonymous_3)
FN:37,(anonymous_4)
FN:44,(anonymous_5)
FN:46,(anonymous_6)
FN:57,(anonymous_7)
FN:87,(anonymous_8)
FN:89,(anonymous_9)
FN:89,(anonymous_10)
FN:96,(anonymous_11)
FN:113,(anonymous_12)
FNF:13
FNH:0
FNDA:0,Timeline
FNDA:0,(anonymous_1)
FNDA:0,(anonymous_2)
FNDA:0,(anonymous_3)
FNDA:0,(anonymous_4)
FNDA:0,(anonymous_5)
FNDA:0,(anonymous_6)
FNDA:0,(anonymous_7)
FNDA:0,(anonymous_8)
FNDA:0,(anonymous_9)
FNDA:0,(anonymous_10)
FNDA:0,(anonymous_11)
FNDA:0,(anonymous_12)
DA:14,0
DA:15,0
DA:16,0
DA:17,0
DA:19,0
DA:20,0
DA:23,0
DA:24,0
DA:29,0
DA:30,0
DA:31,0
DA:32,0
DA:33,0
DA:35,0
DA:38,0
DA:44,0
DA:45,0
DA:46,0
DA:48,0
DA:50,0
DA:57,0
DA:58,0
DA:62,0
DA:63,0
DA:74,0
DA:87,0
DA:89,0
DA:97,0
DA:114,0
DA:143,1
LF:30
LH:1
BRDA:48,0,0,0
BRDA:48,0,1,0
BRDA:48,0,2,0
BRDA:48,0,3,0
BRDA:62,1,0,0
BRDA:62,1,1,0
BRDA:86,2,0,0
BRDA:86,2,1,0
BRDA:86,3,0,0
BRDA:86,3,1,0
BRDA:95,4,0,0
BRDA:95,4,1,0
BRDA:112,5,0,0
BRDA:112,5,1,0
BRDA:135,6,0,0
BRDA:135,6,1,0
BRDA:135,7,0,0
BRDA:135,7,1,0
BRDA:135,8,0,0
BRDA:135,8,1,0
BRF:20
BRH:0
end_of_record
TN:
SF:screens\Memories\ViewLifeEvent.js
FN:12,ViewLifeEvent
FN:35,(anonymous_1)
FN:40,(anonymous_2)
FN:41,(anonymous_3)
FN:51,(anonymous_4)
FN:56,(anonymous_5)
FN:63,(anonymous_6)
FN:64,(anonymous_7)
FN:69,(anonymous_8)
FN:70,(anonymous_9)
FN:73,(anonymous_10)
FN:79,(anonymous_11)
FN:89,playSound
FN:98,pauseSound
FN:157,(anonymous_14)
FN:167,(anonymous_15)
FNF:16
FNH:0
FNDA:0,ViewLifeEvent
FNDA:0,(anonymous_1)
FNDA:0,(anonymous_2)
FNDA:0,(anonymous_3)
FNDA:0,(anonymous_4)
FNDA:0,(anonymous_5)
FNDA:0,(anonymous_6)
FNDA:0,(anonymous_7)
FNDA:0,(anonymous_8)
FNDA:0,(anonymous_9)
FNDA:0,(anonymous_10)
FNDA:0,(anonymous_11)
FNDA:0,playSound
FNDA:0,pauseSound
FNDA:0,(anonymous_14)
FNDA:0,(anonymous_15)
DA:15,0
DA:16,0
DA:17,0
DA:18,0
DA:19,0
DA:20,0
DA:21,0
DA:22,0
DA:25,0
DA:26,0
DA:27,0
DA:31,0
DA:35,0
DA:36,0
DA:41,0
DA:42,0
DA:43,0
DA:44,0
DA:45,0
DA:46,0
DA:47,0
DA:48,0
DA:49,0
DA:50,0
DA:51,0
DA:52,0
DA:57,0
DA:63,0
DA:64,0
DA:65,0
DA:70,0
DA:71,0
DA:72,0
DA:73,0
DA:74,0
DA:77,0
DA:80,0
DA:90,0
DA:91,0
DA:93,0
DA:99,0
DA:100,0
DA:102,0
DA:107,0
DA:158,0
DA:168,0
DA:218,1
LF:47
LH:1
BRDA:118,0,0,0
BRDA:118,0,1,0
BRDA:122,1,0,0
BRDA:122,1,1,0
BRDA:126,2,0,0
BRDA:126,2,1,0
BRDA:129,3,0,0
BRDA:129,3,1,0
BRDA:183,4,0,0
BRDA:183,4,1,0
BRDA:286,5,0,0
BRDA:286,5,1,1
BRDA:379,6,0,1
BRDA:379,6,1,0
BRF:14
BRH:2
end_of_record
TN:
SF:screens\MoodCalendar\MoodCalendar.js
FN:11,MoodCalendar
FN:44,(anonymous_1)
FN:49,(anonymous_2)
FN:51,(anonymous_3)
FN:54,(anonymous_4)
FN:62,(anonymous_5)
FN:67,(anonymous_6)
FN:68,(anonymous_7)
FN:73,(anonymous_8)
FN:74,(anonymous_9)
FN:77,(anonymous_10)
FN:83,(anonymous_11)
FN:93,(anonymous_12)
FN:98,(anonymous_13)
FN:129,(anonymous_14)
FN:178,playSound
FN:187,pauseSound
FN:196,(anonymous_17)
FN:265,(anonymous_18)
FN:279,(anonymous_19)
FN:288,(anonymous_20)
FN:364,(anonymous_21)
FN:375,(anonymous_22)
FNF:23
FNH:4
FNDA:3,MoodCalendar
FNDA:3,(anonymous_1)
FNDA:0,(anonymous_2)
FNDA:0,(anonymous_3)
FNDA:0,(anonymous_4)
FNDA:0,(anonymous_5)
FNDA:3,(anonymous_6)
FNDA:0,(anonymous_7)
FNDA:0,(anonymous_8)
FNDA:0,(anonymous_9)
FNDA:0,(anonymous_10)
FNDA:0,(anonymous_11)
FNDA:3,(anonymous_12)
FNDA:0,(anonymous_13)
FNDA:0,(anonymous_14)
FNDA:0,playSound
FNDA:0,pauseSound
FNDA:0,(anonymous_17)
FNDA:0,(anonymous_18)
FNDA:0,(anonymous_19)
FNDA:0,(anonymous_20)
FNDA:0,(anonymous_21)
FNDA:0,(anonymous_22)
DA:14,3
DA:17,3
DA:20,3
DA:21,3
DA:24,3
DA:25,3
DA:26,3
DA:27,3
DA:28,3
DA:29,3
DA:30,3
DA:33,3
DA:34,3
DA:35,3
DA:36,3
DA:37,3
DA:40,3
DA:41,3
DA:44,3
DA:45,3
DA:50,0
DA:51,0
DA:52,0
DA:53,0
DA:54,0
DA:55,0
DA:57,0
DA:58,0
DA:60,0
DA:63,0
DA:67,3
DA:68,3
DA:69,0
DA:74,0
DA:75,0
DA:76,0
DA:77,0
DA:78,0
DA:81,0
DA:84,0
DA:93,3
DA:94,3
DA:98,3
DA:99,0
DA:105,3
DA:106,0
DA:107,0
DA:108,0
DA:109,0
DA:110,0
DA:111,0
DA:112,0
DA:118,3
DA:121,3
DA:122,3
DA:123,3
DA:124,3
DA:125,3
DA:126,3
DA:129,3
DA:130,0
DA:131,0
DA:132,0
DA:136,0
DA:137,0
DA:138,0
DA:141,0
DA:142,0
DA:143,0
DA:147,0
DA:148,0
DA:149,0
DA:153,0
DA:154,0
DA:155,0
DA:158,0
DA:159,0
DA:160,0
DA:166,0
DA:179,0
DA:180,0
DA:182,0
DA:188,0
DA:189,0
DA:191,0
DA:196,3
DA:197,0
DA:198,0
DA:199,0
DA:200,0
DA:201,0
DA:202,0
DA:204,0
DA:205,0
DA:206,0
DA:208,0
DA:209,0
DA:212,0
DA:213,0
DA:214,0
DA:216,0
DA:217,0
DA:218,0
DA:220,0
DA:221,0
DA:224,0
DA:225,0
DA:226,0
DA:228,0
DA:229,0
DA:230,0
DA:232,0
DA:233,0
DA:236,0
DA:237,0
DA:238,0
DA:240,0
DA:241,0
DA:242,0
DA:244,0
DA:245,0
DA:249,0
DA:250,0
DA:251,0
DA:253,0
DA:254,0
DA:258,0
DA:260,3
DA:261,3
DA:265,0
DA:280,0
DA:289,0
DA:364,0
DA:375,0
DA:389,0
LF:135
LH:37
BRDA:131,0,0,0
BRDA:131,0,1,0
BRDA:137,1,0,0
BRDA:137,1,1,0
BRDA:142,2,0,0
BRDA:142,2,1,0
BRDA:148,3,0,0
BRDA:148,3,1,0
BRDA:154,4,0,0
BRDA:154,4,1,0
BRDA:159,5,0,0
BRDA:159,5,1,0
BRDA:168,6,0,0
BRDA:168,6,1,0
BRDA:168,7,0,0
BRDA:168,7,1,0
BRDA:169,8,0,0
BRDA:169,8,1,0
BRDA:169,9,0,0
BRDA:169,9,1,0
BRDA:170,10,0,0
BRDA:170,10,1,0
BRDA:171,11,0,0
BRDA:171,11,1,0
BRDA:172,12,0,0
BRDA:172,12,1,0
BRDA:173,13,0,0
BRDA:173,13,1,0
BRDA:173,14,0,0
BRDA:173,14,1,0
BRDA:173,15,0,0
BRDA:173,15,1,0
BRDA:173,16,0,0
BRDA:173,16,1,0
BRDA:198,17,0,0
BRDA:198,17,1,0
BRDA:201,18,0,0
BRDA:201,18,1,0
BRDA:204,19,0,0
BRDA:204,19,1,0
BRDA:204,20,0,0
BRDA:204,20,1,0
BRDA:213,21,0,0
BRDA:213,21,1,0
BRDA:216,22,0,0
BRDA:216,22,1,0
BRDA:225,23,0,0
BRDA:225,23,1,0
BRDA:228,24,0,0
BRDA:228,24,1,0
BRDA:237,25,0,0
BRDA:237,25,1,0
BRDA:240,26,0,0
BRDA:240,26,1,0
BRDA:249,27,0,0
BRDA:249,27,1,0
BRDA:249,28,0,0
BRDA:249,28,1,0
BRDA:260,29,0,3
BRDA:260,29,1,0
BRDA:263,30,0,0
BRDA:263,30,1,3
BRDA:303,31,0,0
BRDA:303,31,1,0
BRF:64
BRH:2
end_of_record
TN:
SF:screens\MoodCalendar\Styles.js
FNF:0
FNH:0
DA:4,2
LF:1
LH:1
BRDA:47,0,0,2
BRDA:47,0,1,0
BRDA:49,1,0,2
BRDA:49,1,1,0
BRDA:53,2,0,2
BRDA:53,2,1,0
BRF:6
BRH:3
end_of_record
TN:
SF:screens\Settings\Settings.js
FN:10,Settings
FN:28,(anonymous_1)
FN:38,(anonymous_2)
FN:46,(anonymous_3)
FN:65,(anonymous_4)
FN:81,(anonymous_5)
FN:82,(anonymous_6)
FN:84,(anonymous_7)
FN:87,(anonymous_8)
FN:115,(anonymous_9)
FNF:10
FNH:1
FNDA:1,Settings
FNDA:0,(anonymous_1)
FNDA:0,(anonymous_2)
FNDA:0,(anonymous_3)
FNDA:0,(anonymous_4)
FNDA:0,(anonymous_5)
FNDA:0,(anonymous_6)
FNDA:0,(anonymous_7)
FNDA:0,(anonymous_8)
FNDA:0,(anonymous_9)
DA:13,1
DA:16,1
DA:19,1
DA:22,1
DA:23,1
DA:24,1
DA:28,1
DA:29,0
DA:46,1
DA:47,0
DA:48,0
DA:49,0
DA:56,0
DA:58,0
DA:59,0
DA:65,1
DA:66,0
DA:73,0
DA:75,0
DA:76,0
DA:81,1
DA:82,0
DA:83,0
DA:84,0
DA:85,0
DA:87,0
DA:88,0
DA:89,0
DA:91,0
DA:92,0
DA:93,0
DA:95,0
DA:96,0
DA:98,0
DA:99,0
DA:102,0
DA:103,0
DA:104,0
DA:106,0
DA:108,0
DA:109,0
DA:111,0
DA:112,0
DA:115,0
DA:116,0
DA:118,0
DA:121,0
DA:122,0
DA:124,0
DA:129,0
DA:130,0
DA:131,0
DA:133,0
DA:134,0
DA:138,1
LF:55
LH:11
BRDA:48,0,0,0
BRDA:48,0,1,0
BRDA:58,1,0,0
BRDA:58,1,1,0
BRDA:75,2,0,0
BRDA:75,2,1,0
BRDA:95,3,0,0
BRDA:95,3,1,0
BRDA:148,4,0,0
BRDA:148,4,1,1
BRDA:158,5,0,0
BRDA:158,5,1,1
BRF:12
BRH:2
end_of_record
TN:
SF:screens\Settings\Styles.js
FNF:0
FNH:0
DA:4,3
DA:6,3
LF:2
LH:2
BRF:0
BRH:0
end_of_record
TN:
SF:utils\Loading.js
FN:6,Loading
FNF:1
FNH:1
FNDA:1,Loading
DA:7,1
DA:8,1
LF:2
LH:2
BRF:0
BRH:0
end_of_record
TN:
SF:utils\RootNavigation.js
FN:7,navigate
FNF:1
FNH:0
FNDA:0,navigate
DA:5,0
DA:8,0
DA:9,0
LF:3
LH:0
BRDA:8,0,0,0
BRDA:8,0,1,0
BRF:2
BRH:0
end_of_record
TN:
SF:utils\colors.js
FNF:0
FNH:0
DA:1,4
LF:1
LH:1
BRF:0
BRH:0
end_of_record
